{"/home/subham-nayak/Merchstore/server/controllers/authController.js": {"path":"/home/subham-nayak/Merchstore/server/controllers/authController.js","statementMap":{"0":{"start":{"line":4,"column":23},"end":{"line":4,"column":48}},"1":{"start":{"line":5,"column":23},"end":{"line":5,"column":56}},"2":{"start":{"line":6,"column":25},"end":{"line":6,"column":62}},"3":{"start":{"line":12,"column":17},"end":{"line":49,"column":2}},"4":{"start":{"line":13,"column":49},"end":{"line":13,"column":57}},"5":{"start":{"line":15,"column":21},"end":{"line":15,"column":50}},"6":{"start":{"line":16,"column":2},"end":{"line":21,"column":3}},"7":{"start":{"line":17,"column":4},"end":{"line":20,"column":7}},"8":{"start":{"line":24,"column":15},"end":{"line":30,"column":4}},"9":{"start":{"line":32,"column":16},"end":{"line":32,"column":35}},"10":{"start":{"line":34,"column":2},"end":{"line":48,"column":5}},"11":{"start":{"line":55,"column":14},"end":{"line":92,"column":2}},"12":{"start":{"line":56,"column":30},"end":{"line":56,"column":38}},"13":{"start":{"line":59,"column":15},"end":{"line":59,"column":64}},"14":{"start":{"line":60,"column":2},"end":{"line":65,"column":3}},"15":{"start":{"line":61,"column":4},"end":{"line":64,"column":7}},"16":{"start":{"line":67,"column":18},"end":{"line":67,"column":52}},"17":{"start":{"line":68,"column":2},"end":{"line":73,"column":3}},"18":{"start":{"line":69,"column":4},"end":{"line":72,"column":7}},"19":{"start":{"line":75,"column":16},"end":{"line":75,"column":35}},"20":{"start":{"line":77,"column":2},"end":{"line":91,"column":5}},"21":{"start":{"line":98,"column":14},"end":{"line":113,"column":2}},"22":{"start":{"line":100,"column":2},"end":{"line":112,"column":5}},"23":{"start":{"line":119,"column":23},"end":{"line":132,"column":2}},"24":{"start":{"line":120,"column":2},"end":{"line":125,"column":3}},"25":{"start":{"line":121,"column":4},"end":{"line":124,"column":7}},"26":{"start":{"line":127,"column":20},"end":{"line":127,"column":43}},"27":{"start":{"line":128,"column":20},"end":{"line":128,"column":69}},"28":{"start":{"line":131,"column":2},"end":{"line":131,"column":60}},"29":{"start":{"line":134,"column":0},"end":{"line":139,"column":2}}},"fnMap":{"0":{"name":"(anonymous_0)","decl":{"start":{"line":12,"column":30},"end":{"line":12,"column":31}},"loc":{"start":{"line":12,"column":50},"end":{"line":49,"column":1}},"line":12},"1":{"name":"(anonymous_1)","decl":{"start":{"line":55,"column":27},"end":{"line":55,"column":28}},"loc":{"start":{"line":55,"column":47},"end":{"line":92,"column":1}},"line":55},"2":{"name":"(anonymous_2)","decl":{"start":{"line":98,"column":27},"end":{"line":98,"column":28}},"loc":{"start":{"line":98,"column":47},"end":{"line":113,"column":1}},"line":98},"3":{"name":"(anonymous_3)","decl":{"start":{"line":119,"column":36},"end":{"line":119,"column":37}},"loc":{"start":{"line":119,"column":56},"end":{"line":132,"column":1}},"line":119}},"branchMap":{"0":{"loc":{"start":{"line":16,"column":2},"end":{"line":21,"column":3}},"type":"if","locations":[{"start":{"line":16,"column":2},"end":{"line":21,"column":3}},{"start":{},"end":{}}],"line":16},"1":{"loc":{"start":{"line":29,"column":10},"end":{"line":29,"column":27}},"type":"binary-expr","locations":[{"start":{"line":29,"column":10},"end":{"line":29,"column":14}},{"start":{"line":29,"column":18},"end":{"line":29,"column":27}}],"line":29},"2":{"loc":{"start":{"line":60,"column":2},"end":{"line":65,"column":3}},"type":"if","locations":[{"start":{"line":60,"column":2},"end":{"line":65,"column":3}},{"start":{},"end":{}}],"line":60},"3":{"loc":{"start":{"line":60,"column":6},"end":{"line":60,"column":29}},"type":"binary-expr","locations":[{"start":{"line":60,"column":6},"end":{"line":60,"column":11}},{"start":{"line":60,"column":15},"end":{"line":60,"column":29}}],"line":60},"4":{"loc":{"start":{"line":68,"column":2},"end":{"line":73,"column":3}},"type":"if","locations":[{"start":{"line":68,"column":2},"end":{"line":73,"column":3}},{"start":{},"end":{}}],"line":68},"5":{"loc":{"start":{"line":109,"column":17},"end":{"line":109,"column":41}},"type":"binary-expr","locations":[{"start":{"line":109,"column":17},"end":{"line":109,"column":35}},{"start":{"line":109,"column":39},"end":{"line":109,"column":41}}],"line":109},"6":{"loc":{"start":{"line":120,"column":2},"end":{"line":125,"column":3}},"type":"if","locations":[{"start":{"line":120,"column":2},"end":{"line":125,"column":3}},{"start":{},"end":{}}],"line":120},"7":{"loc":{"start":{"line":128,"column":20},"end":{"line":128,"column":69}},"type":"binary-expr","locations":[{"start":{"line":128,"column":20},"end":{"line":128,"column":42}},{"start":{"line":128,"column":46},"end":{"line":128,"column":69}}],"line":128}},"s":{"0":1,"1":1,"2":1,"3":1,"4":2,"5":2,"6":2,"7":1,"8":1,"9":1,"10":1,"11":1,"12":3,"13":3,"14":3,"15":1,"16":2,"17":2,"18":1,"19":1,"20":1,"21":1,"22":1,"23":1,"24":2,"25":1,"26":1,"27":1,"28":1,"29":1},"f":{"0":2,"1":3,"2":1,"3":2},"b":{"0":[1,1],"1":[1,0],"2":[1,2],"3":[3,3],"4":[1,1],"5":[1,1],"6":[1,1],"7":[1,1]},"_coverageSchema":"1a1c01bbd47fc00a2c39e90264f33305004495a9","hash":"b3feaf29005682abe1bf56acb14622dc9acb8bf0"}
,"/home/subham-nayak/Merchstore/server/controllers/cartController.js": {"path":"/home/subham-nayak/Merchstore/server/controllers/cartController.js","statementMap":{"0":{"start":{"line":4,"column":16},"end":{"line":4,"column":41}},"1":{"start":{"line":5,"column":16},"end":{"line":5,"column":44}},"2":{"start":{"line":6,"column":25},"end":{"line":6,"column":62}},"3":{"start":{"line":14,"column":22},"end":{"line":41,"column":1}},"4":{"start":{"line":15,"column":18},"end":{"line":15,"column":81}},"5":{"start":{"line":17,"column":2},"end":{"line":21,"column":3}},"6":{"start":{"line":18,"column":16},"end":{"line":18,"column":72}},"7":{"start":{"line":19,"column":4},"end":{"line":19,"column":25}},"8":{"start":{"line":20,"column":4},"end":{"line":20,"column":14}},"9":{"start":{"line":23,"column":20},"end":{"line":23,"column":60}},"10":{"start":{"line":23,"column":44},"end":{"line":23,"column":59}},"11":{"start":{"line":25,"column":2},"end":{"line":29,"column":3}},"12":{"start":{"line":26,"column":16},"end":{"line":26,"column":82}},"13":{"start":{"line":27,"column":4},"end":{"line":27,"column":25}},"14":{"start":{"line":28,"column":4},"end":{"line":28,"column":14}},"15":{"start":{"line":31,"column":2},"end":{"line":38,"column":3}},"16":{"start":{"line":32,"column":16},"end":{"line":35,"column":5}},"17":{"start":{"line":36,"column":4},"end":{"line":36,"column":25}},"18":{"start":{"line":37,"column":4},"end":{"line":37,"column":14}},"19":{"start":{"line":40,"column":2},"end":{"line":40,"column":17}},"20":{"start":{"line":44,"column":16},"end":{"line":92,"column":2}},"21":{"start":{"line":45,"column":15},"end":{"line":48,"column":4}},"22":{"start":{"line":50,"column":2},"end":{"line":55,"column":3}},"23":{"start":{"line":51,"column":4},"end":{"line":54,"column":7}},"24":{"start":{"line":58,"column":24},"end":{"line":58,"column":26}},"25":{"start":{"line":59,"column":17},"end":{"line":59,"column":18}},"26":{"start":{"line":61,"column":2},"end":{"line":82,"column":3}},"27":{"start":{"line":62,"column":20},"end":{"line":62,"column":34}},"28":{"start":{"line":64,"column":4},"end":{"line":64,"column":48}},"29":{"start":{"line":64,"column":39},"end":{"line":64,"column":48}},"30":{"start":{"line":66,"column":22},"end":{"line":66,"column":67}},"31":{"start":{"line":66,"column":46},"end":{"line":66,"column":66}},"32":{"start":{"line":67,"column":22},"end":{"line":67,"column":46}},"33":{"start":{"line":68,"column":4},"end":{"line":68,"column":26}},"34":{"start":{"line":70,"column":4},"end":{"line":81,"column":7}},"35":{"start":{"line":84,"column":2},"end":{"line":91,"column":5}},"36":{"start":{"line":88,"column":48},"end":{"line":88,"column":57}},"37":{"start":{"line":95,"column":18},"end":{"line":128,"column":2}},"38":{"start":{"line":96,"column":35},"end":{"line":96,"column":43}},"39":{"start":{"line":99,"column":2},"end":{"line":99,"column":44}},"40":{"start":{"line":101,"column":13},"end":{"line":101,"column":57}},"41":{"start":{"line":103,"column":2},"end":{"line":105,"column":3}},"42":{"start":{"line":104,"column":4},"end":{"line":104,"column":57}},"43":{"start":{"line":108,"column":22},"end":{"line":110,"column":3}},"44":{"start":{"line":109,"column":9},"end":{"line":109,"column":64}},"45":{"start":{"line":112,"column":2},"end":{"line":119,"column":3}},"46":{"start":{"line":114,"column":19},"end":{"line":114,"column":52}},"47":{"start":{"line":115,"column":4},"end":{"line":115,"column":49}},"48":{"start":{"line":116,"column":4},"end":{"line":116,"column":41}},"49":{"start":{"line":118,"column":4},"end":{"line":118,"column":46}},"50":{"start":{"line":121,"column":2},"end":{"line":121,"column":20}},"51":{"start":{"line":123,"column":2},"end":{"line":127,"column":5}},"52":{"start":{"line":126,"column":54},"end":{"line":126,"column":63}},"53":{"start":{"line":131,"column":19},"end":{"line":169,"column":2}},"54":{"start":{"line":132,"column":35},"end":{"line":132,"column":43}},"55":{"start":{"line":134,"column":15},"end":{"line":134,"column":59}},"56":{"start":{"line":136,"column":2},"end":{"line":140,"column":3}},"57":{"start":{"line":137,"column":16},"end":{"line":137,"column":43}},"58":{"start":{"line":138,"column":4},"end":{"line":138,"column":25}},"59":{"start":{"line":139,"column":4},"end":{"line":139,"column":14}},"60":{"start":{"line":143,"column":18},"end":{"line":145,"column":3}},"61":{"start":{"line":144,"column":9},"end":{"line":144,"column":45}},"62":{"start":{"line":147,"column":2},"end":{"line":151,"column":3}},"63":{"start":{"line":148,"column":16},"end":{"line":148,"column":51}},"64":{"start":{"line":149,"column":4},"end":{"line":149,"column":25}},"65":{"start":{"line":150,"column":4},"end":{"line":150,"column":14}},"66":{"start":{"line":153,"column":21},"end":{"line":153,"column":53}},"67":{"start":{"line":154,"column":21},"end":{"line":154,"column":52}},"68":{"start":{"line":157,"column":2},"end":{"line":157,"column":56}},"69":{"start":{"line":159,"column":2},"end":{"line":159,"column":40}},"70":{"start":{"line":160,"column":2},"end":{"line":160,"column":39}},"71":{"start":{"line":162,"column":2},"end":{"line":162,"column":20}},"72":{"start":{"line":164,"column":2},"end":{"line":168,"column":5}},"73":{"start":{"line":167,"column":54},"end":{"line":167,"column":63}},"74":{"start":{"line":172,"column":23},"end":{"line":205,"column":2}},"75":{"start":{"line":173,"column":24},"end":{"line":173,"column":34}},"76":{"start":{"line":174,"column":24},"end":{"line":174,"column":33}},"77":{"start":{"line":176,"column":15},"end":{"line":176,"column":59}},"78":{"start":{"line":178,"column":2},"end":{"line":182,"column":3}},"79":{"start":{"line":179,"column":16},"end":{"line":179,"column":43}},"80":{"start":{"line":180,"column":4},"end":{"line":180,"column":25}},"81":{"start":{"line":181,"column":4},"end":{"line":181,"column":14}},"82":{"start":{"line":184,"column":17},"end":{"line":184,"column":34}},"83":{"start":{"line":186,"column":2},"end":{"line":190,"column":5}},"84":{"start":{"line":187,"column":4},"end":{"line":187,"column":61}},"85":{"start":{"line":187,"column":49},"end":{"line":187,"column":61}},"86":{"start":{"line":188,"column":4},"end":{"line":188,"column":62}},"87":{"start":{"line":188,"column":50},"end":{"line":188,"column":62}},"88":{"start":{"line":189,"column":4},"end":{"line":189,"column":17}},"89":{"start":{"line":192,"column":2},"end":{"line":196,"column":3}},"90":{"start":{"line":193,"column":16},"end":{"line":193,"column":51}},"91":{"start":{"line":194,"column":4},"end":{"line":194,"column":25}},"92":{"start":{"line":195,"column":4},"end":{"line":195,"column":14}},"93":{"start":{"line":198,"column":2},"end":{"line":198,"column":20}},"94":{"start":{"line":200,"column":2},"end":{"line":204,"column":5}},"95":{"start":{"line":203,"column":54},"end":{"line":203,"column":63}},"96":{"start":{"line":208,"column":18},"end":{"line":219,"column":2}},"97":{"start":{"line":209,"column":2},"end":{"line":213,"column":4}},"98":{"start":{"line":215,"column":2},"end":{"line":218,"column":5}},"99":{"start":{"line":225,"column":26},"end":{"line":230,"column":1}},"100":{"start":{"line":226,"column":2},"end":{"line":229,"column":4}},"101":{"start":{"line":232,"column":0},"end":{"line":239,"column":2}}},"fnMap":{"0":{"name":"(anonymous_0)","decl":{"start":{"line":14,"column":22},"end":{"line":14,"column":23}},"loc":{"start":{"line":14,"column":54},"end":{"line":41,"column":1}},"line":14},"1":{"name":"(anonymous_1)","decl":{"start":{"line":23,"column":39},"end":{"line":23,"column":40}},"loc":{"start":{"line":23,"column":44},"end":{"line":23,"column":59}},"line":23},"2":{"name":"(anonymous_2)","decl":{"start":{"line":44,"column":29},"end":{"line":44,"column":30}},"loc":{"start":{"line":44,"column":49},"end":{"line":92,"column":1}},"line":44},"3":{"name":"(anonymous_3)","decl":{"start":{"line":66,"column":41},"end":{"line":66,"column":42}},"loc":{"start":{"line":66,"column":46},"end":{"line":66,"column":66}},"line":66},"4":{"name":"(anonymous_4)","decl":{"start":{"line":88,"column":38},"end":{"line":88,"column":39}},"loc":{"start":{"line":88,"column":48},"end":{"line":88,"column":57}},"line":88},"5":{"name":"(anonymous_5)","decl":{"start":{"line":95,"column":31},"end":{"line":95,"column":32}},"loc":{"start":{"line":95,"column":51},"end":{"line":128,"column":1}},"line":95},"6":{"name":"(anonymous_6)","decl":{"start":{"line":109,"column":4},"end":{"line":109,"column":5}},"loc":{"start":{"line":109,"column":9},"end":{"line":109,"column":64}},"line":109},"7":{"name":"(anonymous_7)","decl":{"start":{"line":126,"column":44},"end":{"line":126,"column":45}},"loc":{"start":{"line":126,"column":54},"end":{"line":126,"column":63}},"line":126},"8":{"name":"(anonymous_8)","decl":{"start":{"line":131,"column":32},"end":{"line":131,"column":33}},"loc":{"start":{"line":131,"column":52},"end":{"line":169,"column":1}},"line":131},"9":{"name":"(anonymous_9)","decl":{"start":{"line":144,"column":4},"end":{"line":144,"column":5}},"loc":{"start":{"line":144,"column":9},"end":{"line":144,"column":45}},"line":144},"10":{"name":"(anonymous_10)","decl":{"start":{"line":167,"column":44},"end":{"line":167,"column":45}},"loc":{"start":{"line":167,"column":54},"end":{"line":167,"column":63}},"line":167},"11":{"name":"(anonymous_11)","decl":{"start":{"line":172,"column":36},"end":{"line":172,"column":37}},"loc":{"start":{"line":172,"column":56},"end":{"line":205,"column":1}},"line":172},"12":{"name":"(anonymous_12)","decl":{"start":{"line":186,"column":33},"end":{"line":186,"column":34}},"loc":{"start":{"line":186,"column":41},"end":{"line":190,"column":3}},"line":186},"13":{"name":"(anonymous_13)","decl":{"start":{"line":203,"column":44},"end":{"line":203,"column":45}},"loc":{"start":{"line":203,"column":54},"end":{"line":203,"column":63}},"line":203},"14":{"name":"(anonymous_14)","decl":{"start":{"line":208,"column":31},"end":{"line":208,"column":32}},"loc":{"start":{"line":208,"column":51},"end":{"line":219,"column":1}},"line":208},"15":{"name":"(anonymous_15)","decl":{"start":{"line":225,"column":26},"end":{"line":225,"column":27}},"loc":{"start":{"line":225,"column":44},"end":{"line":230,"column":1}},"line":225}},"branchMap":{"0":{"loc":{"start":{"line":17,"column":2},"end":{"line":21,"column":3}},"type":"if","locations":[{"start":{"line":17,"column":2},"end":{"line":21,"column":3}},{"start":{},"end":{}}],"line":17},"1":{"loc":{"start":{"line":17,"column":6},"end":{"line":17,"column":35}},"type":"binary-expr","locations":[{"start":{"line":17,"column":6},"end":{"line":17,"column":14}},{"start":{"line":17,"column":18},"end":{"line":17,"column":35}}],"line":17},"2":{"loc":{"start":{"line":25,"column":2},"end":{"line":29,"column":3}},"type":"if","locations":[{"start":{"line":25,"column":2},"end":{"line":29,"column":3}},{"start":{},"end":{}}],"line":25},"3":{"loc":{"start":{"line":31,"column":2},"end":{"line":38,"column":3}},"type":"if","locations":[{"start":{"line":31,"column":2},"end":{"line":38,"column":3}},{"start":{},"end":{}}],"line":31},"4":{"loc":{"start":{"line":50,"column":2},"end":{"line":55,"column":3}},"type":"if","locations":[{"start":{"line":50,"column":2},"end":{"line":55,"column":3}},{"start":{},"end":{}}],"line":50},"5":{"loc":{"start":{"line":50,"column":6},"end":{"line":50,"column":38}},"type":"binary-expr","locations":[{"start":{"line":50,"column":6},"end":{"line":50,"column":11}},{"start":{"line":50,"column":15},"end":{"line":50,"column":38}}],"line":50},"6":{"loc":{"start":{"line":64,"column":4},"end":{"line":64,"column":48}},"type":"if","locations":[{"start":{"line":64,"column":4},"end":{"line":64,"column":48}},{"start":{},"end":{}}],"line":64},"7":{"loc":{"start":{"line":64,"column":8},"end":{"line":64,"column":37}},"type":"binary-expr","locations":[{"start":{"line":64,"column":8},"end":{"line":64,"column":16}},{"start":{"line":64,"column":20},"end":{"line":64,"column":37}}],"line":64},"8":{"loc":{"start":{"line":75,"column":19},"end":{"line":75,"column":44}},"type":"binary-expr","locations":[{"start":{"line":75,"column":19},"end":{"line":75,"column":38}},{"start":{"line":75,"column":42},"end":{"line":75,"column":44}}],"line":75},"9":{"loc":{"start":{"line":78,"column":19},"end":{"line":78,"column":40}},"type":"binary-expr","locations":[{"start":{"line":78,"column":19},"end":{"line":78,"column":35}},{"start":{"line":78,"column":39},"end":{"line":78,"column":40}}],"line":78},"10":{"loc":{"start":{"line":79,"column":20},"end":{"line":79,"column":41}},"type":"binary-expr","locations":[{"start":{"line":79,"column":20},"end":{"line":79,"column":36}},{"start":{"line":79,"column":40},"end":{"line":79,"column":41}}],"line":79},"11":{"loc":{"start":{"line":103,"column":2},"end":{"line":105,"column":3}},"type":"if","locations":[{"start":{"line":103,"column":2},"end":{"line":105,"column":3}},{"start":{},"end":{}}],"line":103},"12":{"loc":{"start":{"line":109,"column":9},"end":{"line":109,"column":64}},"type":"binary-expr","locations":[{"start":{"line":109,"column":9},"end":{"line":109,"column":45}},{"start":{"line":109,"column":49},"end":{"line":109,"column":64}}],"line":109},"13":{"loc":{"start":{"line":112,"column":2},"end":{"line":119,"column":3}},"type":"if","locations":[{"start":{"line":112,"column":2},"end":{"line":119,"column":3}},{"start":{"line":117,"column":9},"end":{"line":119,"column":3}}],"line":112},"14":{"loc":{"start":{"line":136,"column":2},"end":{"line":140,"column":3}},"type":"if","locations":[{"start":{"line":136,"column":2},"end":{"line":140,"column":3}},{"start":{},"end":{}}],"line":136},"15":{"loc":{"start":{"line":147,"column":2},"end":{"line":151,"column":3}},"type":"if","locations":[{"start":{"line":147,"column":2},"end":{"line":151,"column":3}},{"start":{},"end":{}}],"line":147},"16":{"loc":{"start":{"line":153,"column":21},"end":{"line":153,"column":53}},"type":"binary-expr","locations":[{"start":{"line":153,"column":21},"end":{"line":153,"column":25}},{"start":{"line":153,"column":29},"end":{"line":153,"column":53}}],"line":153},"17":{"loc":{"start":{"line":154,"column":21},"end":{"line":154,"column":52}},"type":"binary-expr","locations":[{"start":{"line":154,"column":21},"end":{"line":154,"column":24}},{"start":{"line":154,"column":29},"end":{"line":154,"column":52}}],"line":154},"18":{"loc":{"start":{"line":178,"column":2},"end":{"line":182,"column":3}},"type":"if","locations":[{"start":{"line":178,"column":2},"end":{"line":182,"column":3}},{"start":{},"end":{}}],"line":178},"19":{"loc":{"start":{"line":187,"column":4},"end":{"line":187,"column":61}},"type":"if","locations":[{"start":{"line":187,"column":4},"end":{"line":187,"column":61}},{"start":{},"end":{}}],"line":187},"20":{"loc":{"start":{"line":188,"column":4},"end":{"line":188,"column":62}},"type":"if","locations":[{"start":{"line":188,"column":4},"end":{"line":188,"column":62}},{"start":{},"end":{}}],"line":188},"21":{"loc":{"start":{"line":188,"column":8},"end":{"line":188,"column":34}},"type":"binary-expr","locations":[{"start":{"line":188,"column":8},"end":{"line":188,"column":12}},{"start":{"line":188,"column":16},"end":{"line":188,"column":34}}],"line":188},"22":{"loc":{"start":{"line":192,"column":2},"end":{"line":196,"column":3}},"type":"if","locations":[{"start":{"line":192,"column":2},"end":{"line":196,"column":3}},{"start":{},"end":{}}],"line":192}},"s":{"0":1,"1":1,"2":1,"3":1,"4":4,"5":4,"6":1,"7":1,"8":1,"9":3,"10":3,"11":3,"12":1,"13":1,"14":1,"15":2,"16":1,"17":1,"18":1,"19":1,"20":1,"21":3,"22":3,"23":1,"24":2,"25":2,"26":2,"27":2,"28":2,"29":1,"30":1,"31":1,"32":1,"33":1,"34":1,"35":2,"36":1,"37":1,"38":4,"39":4,"40":1,"41":1,"42":1,"43":1,"44":0,"45":1,"46":0,"47":0,"48":0,"49":1,"50":1,"51":1,"52":1,"53":1,"54":0,"55":0,"56":0,"57":0,"58":0,"59":0,"60":0,"61":0,"62":0,"63":0,"64":0,"65":0,"66":0,"67":0,"68":0,"69":0,"70":0,"71":0,"72":0,"73":0,"74":1,"75":0,"76":0,"77":0,"78":0,"79":0,"80":0,"81":0,"82":0,"83":0,"84":0,"85":0,"86":0,"87":0,"88":0,"89":0,"90":0,"91":0,"92":0,"93":0,"94":0,"95":0,"96":1,"97":1,"98":1,"99":1,"100":1,"101":1},"f":{"0":4,"1":3,"2":3,"3":1,"4":1,"5":4,"6":0,"7":1,"8":0,"9":0,"10":0,"11":0,"12":0,"13":0,"14":1,"15":1},"b":{"0":[1,3],"1":[4,3],"2":[1,2],"3":[1,1],"4":[1,2],"5":[3,2],"6":[1,1],"7":[2,2],"8":[1,0],"9":[1,0],"10":[1,0],"11":[1,0],"12":[0,0],"13":[0,1],"14":[0,0],"15":[0,0],"16":[0,0],"17":[0,0],"18":[0,0],"19":[0,0],"20":[0,0],"21":[0,0],"22":[0,0]},"_coverageSchema":"1a1c01bbd47fc00a2c39e90264f33305004495a9","hash":"4bb2651122e94218a959f3bcabe2690d1afd0cce"}
,"/home/subham-nayak/Merchstore/server/controllers/couponController.js": {"path":"/home/subham-nayak/Merchstore/server/controllers/couponController.js","statementMap":{"0":{"start":{"line":4,"column":15},"end":{"line":4,"column":42}},"1":{"start":{"line":5,"column":25},"end":{"line":5,"column":62}},"2":{"start":{"line":12,"column":23},"end":{"line":84,"column":2}},"3":{"start":{"line":13,"column":30},"end":{"line":13,"column":38}},"4":{"start":{"line":15,"column":2},"end":{"line":17,"column":3}},"5":{"start":{"line":16,"column":4},"end":{"line":16,"column":88}},"6":{"start":{"line":19,"column":17},"end":{"line":22,"column":4}},"7":{"start":{"line":26,"column":2},"end":{"line":28,"column":3}},"8":{"start":{"line":27,"column":4},"end":{"line":27,"column":84}},"9":{"start":{"line":30,"column":2},"end":{"line":36,"column":3}},"10":{"start":{"line":31,"column":4},"end":{"line":35,"column":7}},"11":{"start":{"line":38,"column":2},"end":{"line":44,"column":3}},"12":{"start":{"line":39,"column":4},"end":{"line":43,"column":7}},"13":{"start":{"line":46,"column":2},"end":{"line":53,"column":3}},"14":{"start":{"line":47,"column":4},"end":{"line":52,"column":7}},"15":{"start":{"line":56,"column":23},"end":{"line":56,"column":24}},"16":{"start":{"line":58,"column":2},"end":{"line":63,"column":3}},"17":{"start":{"line":59,"column":4},"end":{"line":59,"column":85}},"18":{"start":{"line":60,"column":4},"end":{"line":62,"column":5}},"19":{"start":{"line":61,"column":6},"end":{"line":61,"column":45}},"20":{"start":{"line":65,"column":24},"end":{"line":65,"column":60}},"21":{"start":{"line":66,"column":24},"end":{"line":66,"column":63}},"22":{"start":{"line":67,"column":24},"end":{"line":67,"column":70}},"23":{"start":{"line":69,"column":2},"end":{"line":83,"column":5}},"24":{"start":{"line":89,"column":20},"end":{"line":108,"column":2}},"25":{"start":{"line":90,"column":45},"end":{"line":90,"column":54}},"26":{"start":{"line":91,"column":19},"end":{"line":91,"column":42}},"27":{"start":{"line":92,"column":19},"end":{"line":92,"column":59}},"28":{"start":{"line":93,"column":19},"end":{"line":93,"column":43}},"29":{"start":{"line":95,"column":17},"end":{"line":95,"column":19}},"30":{"start":{"line":96,"column":2},"end":{"line":96,"column":68}},"31":{"start":{"line":96,"column":30},"end":{"line":96,"column":68}},"32":{"start":{"line":98,"column":27},"end":{"line":101,"column":4}},"33":{"start":{"line":103,"column":2},"end":{"line":107,"column":5}},"34":{"start":{"line":113,"column":21},"end":{"line":133,"column":2}},"35":{"start":{"line":114,"column":97},"end":{"line":114,"column":105}},"36":{"start":{"line":116,"column":19},"end":{"line":116,"column":69}},"37":{"start":{"line":117,"column":2},"end":{"line":119,"column":3}},"38":{"start":{"line":118,"column":4},"end":{"line":118,"column":91}},"39":{"start":{"line":121,"column":17},"end":{"line":130,"column":4}},"40":{"start":{"line":132,"column":2},"end":{"line":132,"column":83}},"41":{"start":{"line":138,"column":21},"end":{"line":151,"column":2}},"42":{"start":{"line":139,"column":17},"end":{"line":139,"column":53}},"43":{"start":{"line":140,"column":2},"end":{"line":142,"column":3}},"44":{"start":{"line":141,"column":4},"end":{"line":141,"column":81}},"45":{"start":{"line":143,"column":2},"end":{"line":143,"column":37}},"46":{"start":{"line":144,"column":2},"end":{"line":144,"column":22}},"47":{"start":{"line":146,"column":2},"end":{"line":150,"column":5}},"48":{"start":{"line":153,"column":0},"end":{"line":153,"column":77}}},"fnMap":{"0":{"name":"(anonymous_0)","decl":{"start":{"line":12,"column":36},"end":{"line":12,"column":37}},"loc":{"start":{"line":12,"column":56},"end":{"line":84,"column":1}},"line":12},"1":{"name":"(anonymous_1)","decl":{"start":{"line":89,"column":33},"end":{"line":89,"column":34}},"loc":{"start":{"line":89,"column":53},"end":{"line":108,"column":1}},"line":89},"2":{"name":"(anonymous_2)","decl":{"start":{"line":113,"column":34},"end":{"line":113,"column":35}},"loc":{"start":{"line":113,"column":54},"end":{"line":133,"column":1}},"line":113},"3":{"name":"(anonymous_3)","decl":{"start":{"line":138,"column":34},"end":{"line":138,"column":35}},"loc":{"start":{"line":138,"column":54},"end":{"line":151,"column":1}},"line":138}},"branchMap":{"0":{"loc":{"start":{"line":15,"column":2},"end":{"line":17,"column":3}},"type":"if","locations":[{"start":{"line":15,"column":2},"end":{"line":17,"column":3}},{"start":{},"end":{}}],"line":15},"1":{"loc":{"start":{"line":15,"column":6},"end":{"line":15,"column":39}},"type":"binary-expr","locations":[{"start":{"line":15,"column":6},"end":{"line":15,"column":11}},{"start":{"line":15,"column":15},"end":{"line":15,"column":39}}],"line":15},"2":{"loc":{"start":{"line":26,"column":2},"end":{"line":28,"column":3}},"type":"if","locations":[{"start":{"line":26,"column":2},"end":{"line":28,"column":3}},{"start":{},"end":{}}],"line":26},"3":{"loc":{"start":{"line":30,"column":2},"end":{"line":36,"column":3}},"type":"if","locations":[{"start":{"line":30,"column":2},"end":{"line":36,"column":3}},{"start":{},"end":{}}],"line":30},"4":{"loc":{"start":{"line":38,"column":2},"end":{"line":44,"column":3}},"type":"if","locations":[{"start":{"line":38,"column":2},"end":{"line":44,"column":3}},{"start":{},"end":{}}],"line":38},"5":{"loc":{"start":{"line":46,"column":2},"end":{"line":53,"column":3}},"type":"if","locations":[{"start":{"line":46,"column":2},"end":{"line":53,"column":3}},{"start":{},"end":{}}],"line":46},"6":{"loc":{"start":{"line":46,"column":6},"end":{"line":46,"column":63}},"type":"binary-expr","locations":[{"start":{"line":46,"column":6},"end":{"line":46,"column":29}},{"start":{"line":46,"column":33},"end":{"line":46,"column":63}}],"line":46},"7":{"loc":{"start":{"line":58,"column":2},"end":{"line":63,"column":3}},"type":"if","locations":[{"start":{"line":58,"column":2},"end":{"line":63,"column":3}},{"start":{},"end":{}}],"line":58},"8":{"loc":{"start":{"line":60,"column":4},"end":{"line":62,"column":5}},"type":"if","locations":[{"start":{"line":60,"column":4},"end":{"line":62,"column":5}},{"start":{},"end":{}}],"line":60},"9":{"loc":{"start":{"line":60,"column":8},"end":{"line":60,"column":71}},"type":"binary-expr","locations":[{"start":{"line":60,"column":8},"end":{"line":60,"column":29}},{"start":{"line":60,"column":33},"end":{"line":60,"column":71}}],"line":60},"10":{"loc":{"start":{"line":80,"column":23},"end":{"line":80,"column":60}},"type":"cond-expr","locations":[{"start":{"line":80,"column":43},"end":{"line":80,"column":56}},{"start":{"line":80,"column":59},"end":{"line":80,"column":60}}],"line":80},"11":{"loc":{"start":{"line":90,"column":10},"end":{"line":90,"column":18}},"type":"default-arg","locations":[{"start":{"line":90,"column":17},"end":{"line":90,"column":18}}],"line":90},"12":{"loc":{"start":{"line":90,"column":20},"end":{"line":90,"column":30}},"type":"default-arg","locations":[{"start":{"line":90,"column":28},"end":{"line":90,"column":30}}],"line":90},"13":{"loc":{"start":{"line":91,"column":19},"end":{"line":91,"column":42}},"type":"binary-expr","locations":[{"start":{"line":91,"column":19},"end":{"line":91,"column":37}},{"start":{"line":91,"column":41},"end":{"line":91,"column":42}}],"line":91},"14":{"loc":{"start":{"line":92,"column":28},"end":{"line":92,"column":53}},"type":"binary-expr","locations":[{"start":{"line":92,"column":28},"end":{"line":92,"column":47}},{"start":{"line":92,"column":51},"end":{"line":92,"column":53}}],"line":92},"15":{"loc":{"start":{"line":96,"column":2},"end":{"line":96,"column":68}},"type":"if","locations":[{"start":{"line":96,"column":2},"end":{"line":96,"column":68}},{"start":{},"end":{}}],"line":96},"16":{"loc":{"start":{"line":117,"column":2},"end":{"line":119,"column":3}},"type":"if","locations":[{"start":{"line":117,"column":2},"end":{"line":119,"column":3}},{"start":{},"end":{}}],"line":117},"17":{"loc":{"start":{"line":125,"column":19},"end":{"line":125,"column":36}},"type":"binary-expr","locations":[{"start":{"line":125,"column":19},"end":{"line":125,"column":29}},{"start":{"line":125,"column":33},"end":{"line":125,"column":36}}],"line":125},"18":{"loc":{"start":{"line":126,"column":19},"end":{"line":126,"column":35}},"type":"binary-expr","locations":[{"start":{"line":126,"column":19},"end":{"line":126,"column":30}},{"start":{"line":126,"column":34},"end":{"line":126,"column":35}}],"line":126},"19":{"loc":{"start":{"line":127,"column":20},"end":{"line":127,"column":42}},"type":"binary-expr","locations":[{"start":{"line":127,"column":20},"end":{"line":127,"column":34}},{"start":{"line":127,"column":38},"end":{"line":127,"column":42}}],"line":127},"20":{"loc":{"start":{"line":128,"column":19},"end":{"line":128,"column":36}},"type":"binary-expr","locations":[{"start":{"line":128,"column":19},"end":{"line":128,"column":30}},{"start":{"line":128,"column":34},"end":{"line":128,"column":36}}],"line":128},"21":{"loc":{"start":{"line":140,"column":2},"end":{"line":142,"column":3}},"type":"if","locations":[{"start":{"line":140,"column":2},"end":{"line":142,"column":3}},{"start":{},"end":{}}],"line":140},"22":{"loc":{"start":{"line":148,"column":23},"end":{"line":148,"column":68}},"type":"cond-expr","locations":[{"start":{"line":148,"column":41},"end":{"line":148,"column":52}},{"start":{"line":148,"column":55},"end":{"line":148,"column":68}}],"line":148}},"s":{"0":1,"1":1,"2":1,"3":6,"4":6,"5":0,"6":6,"7":6,"8":1,"9":5,"10":1,"11":4,"12":1,"13":3,"14":1,"15":2,"16":2,"17":2,"18":2,"19":1,"20":2,"21":2,"22":2,"23":2,"24":1,"25":0,"26":0,"27":0,"28":0,"29":0,"30":0,"31":0,"32":0,"33":0,"34":1,"35":0,"36":0,"37":0,"38":0,"39":0,"40":0,"41":1,"42":0,"43":0,"44":0,"45":0,"46":0,"47":0,"48":1},"f":{"0":6,"1":0,"2":0,"3":0},"b":{"0":[0,6],"1":[6,6],"2":[1,5],"3":[1,4],"4":[1,3],"5":[1,2],"6":[3,3],"7":[2,0],"8":[1,1],"9":[2,1],"10":[2,0],"11":[0],"12":[0],"13":[0,0],"14":[0,0],"15":[0,0],"16":[0,0],"17":[0,0],"18":[0,0],"19":[0,0],"20":[0,0],"21":[0,0],"22":[0,0]},"_coverageSchema":"1a1c01bbd47fc00a2c39e90264f33305004495a9","hash":"21e419f1b539c68fed04a43c073b12be8739ba01"}
,"/home/subham-nayak/Merchstore/server/controllers/orderController.js": {"path":"/home/subham-nayak/Merchstore/server/controllers/orderController.js","statementMap":{"0":{"start":{"line":4,"column":17},"end":{"line":4,"column":36}},"1":{"start":{"line":5,"column":17},"end":{"line":5,"column":43}},"2":{"start":{"line":6,"column":17},"end":{"line":6,"column":42}},"3":{"start":{"line":7,"column":17},"end":{"line":7,"column":42}},"4":{"start":{"line":8,"column":17},"end":{"line":8,"column":44}},"5":{"start":{"line":9,"column":31},"end":{"line":9,"column":68}},"6":{"start":{"line":10,"column":31},"end":{"line":10,"column":58}},"7":{"start":{"line":11,"column":32},"end":{"line":11,"column":68}},"8":{"start":{"line":12,"column":51},"end":{"line":12,"column":90}},"9":{"start":{"line":13,"column":34},"end":{"line":13,"column":66}},"10":{"start":{"line":16,"column":20},"end":{"line":205,"column":2}},"11":{"start":{"line":17,"column":49},"end":{"line":17,"column":57}},"12":{"start":{"line":18,"column":17},"end":{"line":18,"column":29}},"13":{"start":{"line":21,"column":15},"end":{"line":24,"column":4}},"14":{"start":{"line":26,"column":2},"end":{"line":31,"column":3}},"15":{"start":{"line":27,"column":4},"end":{"line":30,"column":7}},"16":{"start":{"line":34,"column":21},"end":{"line":49,"column":4}},"17":{"start":{"line":35,"column":20},"end":{"line":35,"column":34}},"18":{"start":{"line":36,"column":4},"end":{"line":40,"column":5}},"19":{"start":{"line":37,"column":18},"end":{"line":37,"column":98}},"20":{"start":{"line":38,"column":6},"end":{"line":38,"column":27}},"21":{"start":{"line":39,"column":6},"end":{"line":39,"column":16}},"22":{"start":{"line":41,"column":4},"end":{"line":48,"column":6}},"23":{"start":{"line":52,"column":21},"end":{"line":54,"column":3}},"24":{"start":{"line":53,"column":25},"end":{"line":53,"column":77}},"25":{"start":{"line":56,"column":2},"end":{"line":62,"column":3}},"26":{"start":{"line":57,"column":4},"end":{"line":61,"column":7}},"27":{"start":{"line":65,"column":22},"end":{"line":67,"column":3}},"28":{"start":{"line":66,"column":34},"end":{"line":66,"column":55}},"29":{"start":{"line":70,"column":23},"end":{"line":70,"column":24}},"30":{"start":{"line":71,"column":23},"end":{"line":71,"column":27}},"31":{"start":{"line":73,"column":2},"end":{"line":97,"column":3}},"32":{"start":{"line":74,"column":19},"end":{"line":74,"column":91}},"33":{"start":{"line":76,"column":4},"end":{"line":78,"column":5}},"34":{"start":{"line":77,"column":6},"end":{"line":77,"column":86}},"35":{"start":{"line":79,"column":4},"end":{"line":81,"column":5}},"36":{"start":{"line":80,"column":6},"end":{"line":80,"column":85}},"37":{"start":{"line":82,"column":4},"end":{"line":84,"column":5}},"38":{"start":{"line":83,"column":6},"end":{"line":83,"column":93}},"39":{"start":{"line":85,"column":4},"end":{"line":90,"column":5}},"40":{"start":{"line":86,"column":6},"end":{"line":89,"column":9}},"41":{"start":{"line":92,"column":4},"end":{"line":92,"column":87}},"42":{"start":{"line":93,"column":4},"end":{"line":95,"column":5}},"43":{"start":{"line":94,"column":6},"end":{"line":94,"column":45}},"44":{"start":{"line":96,"column":4},"end":{"line":96,"column":27}},"45":{"start":{"line":99,"column":22},"end":{"line":99,"column":75}},"46":{"start":{"line":102,"column":25},"end":{"line":102,"column":56}},"47":{"start":{"line":105,"column":18},"end":{"line":105,"column":47}},"48":{"start":{"line":107,"column":2},"end":{"line":204,"column":3}},"49":{"start":{"line":108,"column":21},"end":{"line":108,"column":25}},"50":{"start":{"line":110,"column":4},"end":{"line":185,"column":7}},"51":{"start":{"line":112,"column":6},"end":{"line":115,"column":8}},"52":{"start":{"line":113,"column":29},"end":{"line":113,"column":81}},"53":{"start":{"line":118,"column":24},"end":{"line":130,"column":7}},"54":{"start":{"line":133,"column":6},"end":{"line":168,"column":7}},"55":{"start":{"line":134,"column":50},"end":{"line":138,"column":9}},"56":{"start":{"line":140,"column":8},"end":{"line":140,"column":58}},"57":{"start":{"line":142,"column":24},"end":{"line":142,"column":68}},"58":{"start":{"line":143,"column":8},"end":{"line":143,"column":27}},"59":{"start":{"line":146,"column":8},"end":{"line":152,"column":9}},"60":{"start":{"line":147,"column":10},"end":{"line":151,"column":12}},"61":{"start":{"line":155,"column":8},"end":{"line":155,"column":40}},"62":{"start":{"line":158,"column":8},"end":{"line":167,"column":11}},"63":{"start":{"line":171,"column":6},"end":{"line":184,"column":7}},"64":{"start":{"line":172,"column":24},"end":{"line":172,"column":68}},"65":{"start":{"line":173,"column":8},"end":{"line":173,"column":27}},"66":{"start":{"line":175,"column":8},"end":{"line":181,"column":9}},"67":{"start":{"line":176,"column":10},"end":{"line":180,"column":12}},"68":{"start":{"line":183,"column":8},"end":{"line":183,"column":40}},"69":{"start":{"line":188,"column":4},"end":{"line":198,"column":5}},"70":{"start":{"line":189,"column":6},"end":{"line":197,"column":9}},"71":{"start":{"line":200,"column":4},"end":{"line":200,"column":31}},"72":{"start":{"line":201,"column":4},"end":{"line":201,"column":14}},"73":{"start":{"line":203,"column":4},"end":{"line":203,"column":31}},"74":{"start":{"line":208,"column":22},"end":{"line":241,"column":2}},"75":{"start":{"line":209,"column":21},"end":{"line":209,"column":31}},"76":{"start":{"line":210,"column":16},"end":{"line":210,"column":50}},"77":{"start":{"line":211,"column":16},"end":{"line":211,"column":65}},"78":{"start":{"line":212,"column":16},"end":{"line":212,"column":34}},"79":{"start":{"line":215,"column":2},"end":{"line":217,"column":3}},"80":{"start":{"line":216,"column":4},"end":{"line":216,"column":74}},"81":{"start":{"line":219,"column":26},"end":{"line":227,"column":4}},"82":{"start":{"line":229,"column":2},"end":{"line":240,"column":5}},"83":{"start":{"line":244,"column":23},"end":{"line":262,"column":2}},"84":{"start":{"line":245,"column":16},"end":{"line":247,"column":11}},"85":{"start":{"line":249,"column":2},"end":{"line":251,"column":3}},"86":{"start":{"line":250,"column":4},"end":{"line":250,"column":80}},"87":{"start":{"line":254,"column":2},"end":{"line":259,"column":3}},"88":{"start":{"line":258,"column":4},"end":{"line":258,"column":74}},"89":{"start":{"line":261,"column":2},"end":{"line":261,"column":55}},"90":{"start":{"line":265,"column":23},"end":{"line":321,"column":2}},"91":{"start":{"line":271,"column":6},"end":{"line":271,"column":15}},"92":{"start":{"line":273,"column":19},"end":{"line":273,"column":43}},"93":{"start":{"line":274,"column":19},"end":{"line":274,"column":59}},"94":{"start":{"line":275,"column":19},"end":{"line":275,"column":43}},"95":{"start":{"line":277,"column":17},"end":{"line":277,"column":19}},"96":{"start":{"line":279,"column":2},"end":{"line":279,"column":44}},"97":{"start":{"line":279,"column":21},"end":{"line":279,"column":44}},"98":{"start":{"line":280,"column":2},"end":{"line":280,"column":58}},"99":{"start":{"line":280,"column":21},"end":{"line":280,"column":58}},"100":{"start":{"line":282,"column":2},"end":{"line":286,"column":3}},"101":{"start":{"line":283,"column":4},"end":{"line":283,"column":26}},"102":{"start":{"line":284,"column":4},"end":{"line":284,"column":63}},"103":{"start":{"line":284,"column":19},"end":{"line":284,"column":63}},"104":{"start":{"line":285,"column":4},"end":{"line":285,"column":97}},"105":{"start":{"line":285,"column":19},"end":{"line":285,"column":97}},"106":{"start":{"line":289,"column":14},"end":{"line":289,"column":32}},"107":{"start":{"line":291,"column":2},"end":{"line":297,"column":3}},"108":{"start":{"line":293,"column":4},"end":{"line":295,"column":5}},"109":{"start":{"line":294,"column":6},"end":{"line":294,"column":26}},"110":{"start":{"line":296,"column":4},"end":{"line":296,"column":31}},"111":{"start":{"line":299,"column":26},"end":{"line":307,"column":4}},"112":{"start":{"line":309,"column":2},"end":{"line":320,"column":5}},"113":{"start":{"line":324,"column":26},"end":{"line":369,"column":2}},"114":{"start":{"line":325,"column":32},"end":{"line":325,"column":40}},"115":{"start":{"line":326,"column":32},"end":{"line":326,"column":42}},"116":{"start":{"line":328,"column":16},"end":{"line":328,"column":73}},"117":{"start":{"line":330,"column":2},"end":{"line":332,"column":3}},"118":{"start":{"line":331,"column":4},"end":{"line":331,"column":80}},"119":{"start":{"line":335,"column":2},"end":{"line":340,"column":3}},"120":{"start":{"line":336,"column":4},"end":{"line":339,"column":7}},"121":{"start":{"line":342,"column":25},"end":{"line":342,"column":37}},"122":{"start":{"line":343,"column":2},"end":{"line":343,"column":24}},"123":{"start":{"line":344,"column":2},"end":{"line":349,"column":5}},"124":{"start":{"line":351,"column":2},"end":{"line":351,"column":21}},"125":{"start":{"line":354,"column":2},"end":{"line":358,"column":5}},"126":{"start":{"line":360,"column":2},"end":{"line":368,"column":5}},"127":{"start":{"line":371,"column":0},"end":{"line":377,"column":2}}},"fnMap":{"0":{"name":"(anonymous_0)","decl":{"start":{"line":16,"column":33},"end":{"line":16,"column":34}},"loc":{"start":{"line":16,"column":53},"end":{"line":205,"column":1}},"line":16},"1":{"name":"(anonymous_1)","decl":{"start":{"line":34,"column":36},"end":{"line":34,"column":37}},"loc":{"start":{"line":34,"column":44},"end":{"line":49,"column":3}},"line":34},"2":{"name":"(anonymous_2)","decl":{"start":{"line":53,"column":19},"end":{"line":53,"column":20}},"loc":{"start":{"line":53,"column":25},"end":{"line":53,"column":77}},"line":53},"3":{"name":"(anonymous_3)","decl":{"start":{"line":66,"column":22},"end":{"line":66,"column":23}},"loc":{"start":{"line":66,"column":34},"end":{"line":66,"column":55}},"line":66},"4":{"name":"(anonymous_4)","decl":{"start":{"line":110,"column":34},"end":{"line":110,"column":35}},"loc":{"start":{"line":110,"column":46},"end":{"line":185,"column":5}},"line":110},"5":{"name":"(anonymous_5)","decl":{"start":{"line":113,"column":23},"end":{"line":113,"column":24}},"loc":{"start":{"line":113,"column":29},"end":{"line":113,"column":81}},"line":113},"6":{"name":"(anonymous_6)","decl":{"start":{"line":208,"column":35},"end":{"line":208,"column":36}},"loc":{"start":{"line":208,"column":55},"end":{"line":241,"column":1}},"line":208},"7":{"name":"(anonymous_7)","decl":{"start":{"line":244,"column":36},"end":{"line":244,"column":37}},"loc":{"start":{"line":244,"column":56},"end":{"line":262,"column":1}},"line":244},"8":{"name":"(anonymous_8)","decl":{"start":{"line":265,"column":36},"end":{"line":265,"column":37}},"loc":{"start":{"line":265,"column":56},"end":{"line":321,"column":1}},"line":265},"9":{"name":"(anonymous_9)","decl":{"start":{"line":324,"column":39},"end":{"line":324,"column":40}},"loc":{"start":{"line":324,"column":59},"end":{"line":369,"column":1}},"line":324}},"branchMap":{"0":{"loc":{"start":{"line":26,"column":2},"end":{"line":31,"column":3}},"type":"if","locations":[{"start":{"line":26,"column":2},"end":{"line":31,"column":3}},{"start":{},"end":{}}],"line":26},"1":{"loc":{"start":{"line":26,"column":6},"end":{"line":26,"column":38}},"type":"binary-expr","locations":[{"start":{"line":26,"column":6},"end":{"line":26,"column":11}},{"start":{"line":26,"column":15},"end":{"line":26,"column":38}}],"line":26},"2":{"loc":{"start":{"line":36,"column":4},"end":{"line":40,"column":5}},"type":"if","locations":[{"start":{"line":36,"column":4},"end":{"line":40,"column":5}},{"start":{},"end":{}}],"line":36},"3":{"loc":{"start":{"line":36,"column":8},"end":{"line":36,"column":37}},"type":"binary-expr","locations":[{"start":{"line":36,"column":8},"end":{"line":36,"column":16}},{"start":{"line":36,"column":20},"end":{"line":36,"column":37}}],"line":36},"4":{"loc":{"start":{"line":37,"column":40},"end":{"line":37,"column":71}},"type":"binary-expr","locations":[{"start":{"line":37,"column":40},"end":{"line":37,"column":53}},{"start":{"line":37,"column":57},"end":{"line":37,"column":71}}],"line":37},"5":{"loc":{"start":{"line":44,"column":17},"end":{"line":44,"column":42}},"type":"binary-expr","locations":[{"start":{"line":44,"column":17},"end":{"line":44,"column":36}},{"start":{"line":44,"column":40},"end":{"line":44,"column":42}}],"line":44},"6":{"loc":{"start":{"line":56,"column":2},"end":{"line":62,"column":3}},"type":"if","locations":[{"start":{"line":56,"column":2},"end":{"line":62,"column":3}},{"start":{},"end":{}}],"line":56},"7":{"loc":{"start":{"line":73,"column":2},"end":{"line":97,"column":3}},"type":"if","locations":[{"start":{"line":73,"column":2},"end":{"line":97,"column":3}},{"start":{},"end":{}}],"line":73},"8":{"loc":{"start":{"line":76,"column":4},"end":{"line":78,"column":5}},"type":"if","locations":[{"start":{"line":76,"column":4},"end":{"line":78,"column":5}},{"start":{},"end":{}}],"line":76},"9":{"loc":{"start":{"line":79,"column":4},"end":{"line":81,"column":5}},"type":"if","locations":[{"start":{"line":79,"column":4},"end":{"line":81,"column":5}},{"start":{},"end":{}}],"line":79},"10":{"loc":{"start":{"line":82,"column":4},"end":{"line":84,"column":5}},"type":"if","locations":[{"start":{"line":82,"column":4},"end":{"line":84,"column":5}},{"start":{},"end":{}}],"line":82},"11":{"loc":{"start":{"line":85,"column":4},"end":{"line":90,"column":5}},"type":"if","locations":[{"start":{"line":85,"column":4},"end":{"line":90,"column":5}},{"start":{},"end":{}}],"line":85},"12":{"loc":{"start":{"line":93,"column":4},"end":{"line":95,"column":5}},"type":"if","locations":[{"start":{"line":93,"column":4},"end":{"line":95,"column":5}},{"start":{},"end":{}}],"line":93},"13":{"loc":{"start":{"line":93,"column":8},"end":{"line":93,"column":71}},"type":"binary-expr","locations":[{"start":{"line":93,"column":8},"end":{"line":93,"column":29}},{"start":{"line":93,"column":33},"end":{"line":93,"column":71}}],"line":93},"14":{"loc":{"start":{"line":124,"column":24},"end":{"line":124,"column":57}},"type":"binary-expr","locations":[{"start":{"line":124,"column":24},"end":{"line":124,"column":49}},{"start":{"line":124,"column":53},"end":{"line":124,"column":57}}],"line":124},"15":{"loc":{"start":{"line":126,"column":24},"end":{"line":126,"column":71}},"type":"cond-expr","locations":[{"start":{"line":126,"column":50},"end":{"line":126,"column":59}},{"start":{"line":126,"column":62},"end":{"line":126,"column":71}}],"line":126},"16":{"loc":{"start":{"line":128,"column":30},"end":{"line":128,"column":80}},"type":"cond-expr","locations":[{"start":{"line":128,"column":59},"end":{"line":128,"column":73}},{"start":{"line":128,"column":76},"end":{"line":128,"column":80}}],"line":128},"17":{"loc":{"start":{"line":133,"column":6},"end":{"line":168,"column":7}},"type":"if","locations":[{"start":{"line":133,"column":6},"end":{"line":168,"column":7}},{"start":{},"end":{}}],"line":133},"18":{"loc":{"start":{"line":137,"column":51},"end":{"line":137,"column":67}},"type":"binary-expr","locations":[{"start":{"line":137,"column":51},"end":{"line":137,"column":61}},{"start":{"line":137,"column":65},"end":{"line":137,"column":67}}],"line":137},"19":{"loc":{"start":{"line":146,"column":8},"end":{"line":152,"column":9}},"type":"if","locations":[{"start":{"line":146,"column":8},"end":{"line":152,"column":9}},{"start":{},"end":{}}],"line":146},"20":{"loc":{"start":{"line":171,"column":6},"end":{"line":184,"column":7}},"type":"if","locations":[{"start":{"line":171,"column":6},"end":{"line":184,"column":7}},{"start":{},"end":{}}],"line":171},"21":{"loc":{"start":{"line":175,"column":8},"end":{"line":181,"column":9}},"type":"if","locations":[{"start":{"line":175,"column":8},"end":{"line":181,"column":9}},{"start":{},"end":{}}],"line":175},"22":{"loc":{"start":{"line":188,"column":4},"end":{"line":198,"column":5}},"type":"if","locations":[{"start":{"line":188,"column":4},"end":{"line":198,"column":5}},{"start":{},"end":{}}],"line":188},"23":{"loc":{"start":{"line":188,"column":8},"end":{"line":188,"column":45}},"type":"binary-expr","locations":[{"start":{"line":188,"column":8},"end":{"line":188,"column":31}},{"start":{"line":188,"column":35},"end":{"line":188,"column":45}}],"line":188},"24":{"loc":{"start":{"line":210,"column":16},"end":{"line":210,"column":50}},"type":"binary-expr","locations":[{"start":{"line":210,"column":16},"end":{"line":210,"column":44}},{"start":{"line":210,"column":49},"end":{"line":210,"column":50}}],"line":210},"25":{"loc":{"start":{"line":211,"column":25},"end":{"line":211,"column":60}},"type":"binary-expr","locations":[{"start":{"line":211,"column":25},"end":{"line":211,"column":54}},{"start":{"line":211,"column":58},"end":{"line":211,"column":60}}],"line":211},"26":{"loc":{"start":{"line":215,"column":2},"end":{"line":217,"column":3}},"type":"if","locations":[{"start":{"line":215,"column":2},"end":{"line":217,"column":3}},{"start":{},"end":{}}],"line":215},"27":{"loc":{"start":{"line":215,"column":6},"end":{"line":215,"column":69}},"type":"binary-expr","locations":[{"start":{"line":215,"column":6},"end":{"line":215,"column":31}},{"start":{"line":215,"column":35},"end":{"line":215,"column":69}}],"line":215},"28":{"loc":{"start":{"line":249,"column":2},"end":{"line":251,"column":3}},"type":"if","locations":[{"start":{"line":249,"column":2},"end":{"line":251,"column":3}},{"start":{},"end":{}}],"line":249},"29":{"loc":{"start":{"line":254,"column":2},"end":{"line":259,"column":3}},"type":"if","locations":[{"start":{"line":254,"column":2},"end":{"line":259,"column":3}},{"start":{},"end":{}}],"line":254},"30":{"loc":{"start":{"line":255,"column":4},"end":{"line":256,"column":59}},"type":"binary-expr","locations":[{"start":{"line":255,"column":4},"end":{"line":255,"column":29}},{"start":{"line":256,"column":4},"end":{"line":256,"column":59}}],"line":255},"31":{"loc":{"start":{"line":267,"column":4},"end":{"line":267,"column":12}},"type":"default-arg","locations":[{"start":{"line":267,"column":11},"end":{"line":267,"column":12}}],"line":267},"32":{"loc":{"start":{"line":267,"column":14},"end":{"line":267,"column":24}},"type":"default-arg","locations":[{"start":{"line":267,"column":22},"end":{"line":267,"column":24}}],"line":267},"33":{"loc":{"start":{"line":273,"column":19},"end":{"line":273,"column":43}},"type":"binary-expr","locations":[{"start":{"line":273,"column":19},"end":{"line":273,"column":37}},{"start":{"line":273,"column":42},"end":{"line":273,"column":43}}],"line":273},"34":{"loc":{"start":{"line":274,"column":28},"end":{"line":274,"column":53}},"type":"binary-expr","locations":[{"start":{"line":274,"column":28},"end":{"line":274,"column":47}},{"start":{"line":274,"column":51},"end":{"line":274,"column":53}}],"line":274},"35":{"loc":{"start":{"line":279,"column":2},"end":{"line":279,"column":44}},"type":"if","locations":[{"start":{"line":279,"column":2},"end":{"line":279,"column":44}},{"start":{},"end":{}}],"line":279},"36":{"loc":{"start":{"line":280,"column":2},"end":{"line":280,"column":58}},"type":"if","locations":[{"start":{"line":280,"column":2},"end":{"line":280,"column":58}},{"start":{},"end":{}}],"line":280},"37":{"loc":{"start":{"line":282,"column":2},"end":{"line":286,"column":3}},"type":"if","locations":[{"start":{"line":282,"column":2},"end":{"line":286,"column":3}},{"start":{},"end":{}}],"line":282},"38":{"loc":{"start":{"line":282,"column":6},"end":{"line":282,"column":26}},"type":"binary-expr","locations":[{"start":{"line":282,"column":6},"end":{"line":282,"column":15}},{"start":{"line":282,"column":19},"end":{"line":282,"column":26}}],"line":282},"39":{"loc":{"start":{"line":284,"column":4},"end":{"line":284,"column":63}},"type":"if","locations":[{"start":{"line":284,"column":4},"end":{"line":284,"column":63}},{"start":{},"end":{}}],"line":284},"40":{"loc":{"start":{"line":285,"column":4},"end":{"line":285,"column":97}},"type":"if","locations":[{"start":{"line":285,"column":4},"end":{"line":285,"column":97}},{"start":{},"end":{}}],"line":285},"41":{"loc":{"start":{"line":291,"column":2},"end":{"line":297,"column":3}},"type":"if","locations":[{"start":{"line":291,"column":2},"end":{"line":297,"column":3}},{"start":{},"end":{}}],"line":291},"42":{"loc":{"start":{"line":293,"column":4},"end":{"line":295,"column":5}},"type":"if","locations":[{"start":{"line":293,"column":4},"end":{"line":295,"column":5}},{"start":{},"end":{}}],"line":293},"43":{"loc":{"start":{"line":325,"column":18},"end":{"line":325,"column":27}},"type":"default-arg","locations":[{"start":{"line":325,"column":25},"end":{"line":325,"column":27}}],"line":325},"44":{"loc":{"start":{"line":330,"column":2},"end":{"line":332,"column":3}},"type":"if","locations":[{"start":{"line":330,"column":2},"end":{"line":332,"column":3}},{"start":{},"end":{}}],"line":330},"45":{"loc":{"start":{"line":335,"column":2},"end":{"line":340,"column":3}},"type":"if","locations":[{"start":{"line":335,"column":2},"end":{"line":340,"column":3}},{"start":{},"end":{}}],"line":335},"46":{"loc":{"start":{"line":347,"column":15},"end":{"line":347,"column":79}},"type":"binary-expr","locations":[{"start":{"line":347,"column":15},"end":{"line":347,"column":19}},{"start":{"line":347,"column":23},"end":{"line":347,"column":79}}],"line":347}},"s":{"0":1,"1":1,"2":1,"3":1,"4":1,"5":1,"6":1,"7":1,"8":1,"9":1,"10":1,"11":7,"12":7,"13":7,"14":7,"15":1,"16":6,"17":6,"18":6,"19":0,"20":0,"21":0,"22":6,"23":6,"24":6,"25":6,"26":1,"27":5,"28":5,"29":5,"30":5,"31":5,"32":3,"33":3,"34":0,"35":3,"36":1,"37":2,"38":1,"39":1,"40":0,"41":1,"42":1,"43":0,"44":1,"45":3,"46":3,"47":3,"48":3,"49":3,"50":3,"51":3,"52":3,"53":3,"54":3,"55":1,"56":1,"57":1,"58":1,"59":1,"60":0,"61":1,"62":1,"63":2,"64":2,"65":2,"66":2,"67":1,"68":2,"69":3,"70":2,"71":0,"72":0,"73":3,"74":1,"75":3,"76":3,"77":3,"78":3,"79":3,"80":1,"81":2,"82":2,"83":1,"84":0,"85":0,"86":0,"87":0,"88":0,"89":0,"90":1,"91":0,"92":0,"93":0,"94":0,"95":0,"96":0,"97":0,"98":0,"99":0,"100":0,"101":0,"102":0,"103":0,"104":0,"105":0,"106":0,"107":0,"108":0,"109":0,"110":0,"111":0,"112":0,"113":1,"114":3,"115":3,"116":3,"117":3,"118":1,"119":2,"120":1,"121":1,"122":1,"123":1,"124":1,"125":1,"126":1,"127":1},"f":{"0":7,"1":6,"2":6,"3":5,"4":3,"5":3,"6":3,"7":0,"8":0,"9":3},"b":{"0":[1,6],"1":[7,6],"2":[0,6],"3":[6,6],"4":[0,0],"5":[6,0],"6":[1,5],"7":[3,2],"8":[0,3],"9":[1,2],"10":[1,1],"11":[0,1],"12":[0,1],"13":[1,0],"14":[3,2],"15":[2,1],"16":[1,2],"17":[1,2],"18":[1,1],"19":[0,1],"20":[2,0],"21":[1,1],"22":[2,1],"23":[3,2],"24":[3,3],"25":[3,3],"26":[1,2],"27":[3,2],"28":[0,0],"29":[0,0],"30":[0,0],"31":[0],"32":[0],"33":[0,0],"34":[0,0],"35":[0,0],"36":[0,0],"37":[0,0],"38":[0,0],"39":[0,0],"40":[0,0],"41":[0,0],"42":[0,0],"43":[2],"44":[1,2],"45":[1,1],"46":[1,0]},"_coverageSchema":"1a1c01bbd47fc00a2c39e90264f33305004495a9","hash":"693d124ea90204481004f99e29f7c7ef52789586"}
,"/home/subham-nayak/Merchstore/server/controllers/paymentController.js": {"path":"/home/subham-nayak/Merchstore/server/controllers/paymentController.js","statementMap":{"0":{"start":{"line":4,"column":14},"end":{"line":4,"column":40}},"1":{"start":{"line":5,"column":34},"end":{"line":5,"column":70}},"2":{"start":{"line":6,"column":52},"end":{"line":6,"column":84}},"3":{"start":{"line":7,"column":25},"end":{"line":7,"column":64}},"4":{"start":{"line":16,"column":22},"end":{"line":132,"column":1}},"5":{"start":{"line":17,"column":14},"end":{"line":17,"column":45}},"6":{"start":{"line":19,"column":2},"end":{"line":21,"column":3}},"7":{"start":{"line":20,"column":4},"end":{"line":20,"column":96}},"8":{"start":{"line":25,"column":2},"end":{"line":30,"column":3}},"9":{"start":{"line":26,"column":4},"end":{"line":26,"column":49}},"10":{"start":{"line":28,"column":4},"end":{"line":28,"column":82}},"11":{"start":{"line":29,"column":4},"end":{"line":29,"column":94}},"12":{"start":{"line":33,"column":2},"end":{"line":128,"column":3}},"13":{"start":{"line":34,"column":4},"end":{"line":124,"column":5}},"14":{"start":{"line":38,"column":30},"end":{"line":38,"column":47}},"15":{"start":{"line":39,"column":22},"end":{"line":41,"column":10}},"16":{"start":{"line":43,"column":8},"end":{"line":46,"column":9}},"17":{"start":{"line":44,"column":10},"end":{"line":44,"column":83}},"18":{"start":{"line":45,"column":10},"end":{"line":45,"column":16}},"19":{"start":{"line":48,"column":8},"end":{"line":51,"column":9}},"20":{"start":{"line":49,"column":10},"end":{"line":49,"column":96}},"21":{"start":{"line":50,"column":10},"end":{"line":50,"column":16}},"22":{"start":{"line":53,"column":8},"end":{"line":53,"column":37}},"23":{"start":{"line":54,"column":8},"end":{"line":58,"column":11}},"24":{"start":{"line":59,"column":8},"end":{"line":59,"column":27}},"25":{"start":{"line":62,"column":8},"end":{"line":62,"column":69}},"26":{"start":{"line":64,"column":8},"end":{"line":64,"column":67}},"27":{"start":{"line":65,"column":8},"end":{"line":65,"column":14}},"28":{"start":{"line":70,"column":30},"end":{"line":70,"column":47}},"29":{"start":{"line":71,"column":22},"end":{"line":73,"column":10}},"30":{"start":{"line":75,"column":8},"end":{"line":75,"column":26}},"31":{"start":{"line":75,"column":20},"end":{"line":75,"column":26}},"32":{"start":{"line":77,"column":30},"end":{"line":77,"column":93}},"33":{"start":{"line":79,"column":8},"end":{"line":79,"column":39}},"34":{"start":{"line":80,"column":8},"end":{"line":80,"column":42}},"35":{"start":{"line":81,"column":8},"end":{"line":85,"column":11}},"36":{"start":{"line":86,"column":8},"end":{"line":86,"column":27}},"37":{"start":{"line":89,"column":8},"end":{"line":95,"column":10}},"38":{"start":{"line":90,"column":32},"end":{"line":94,"column":11}},"39":{"start":{"line":97,"column":8},"end":{"line":97,"column":63}},"40":{"start":{"line":99,"column":8},"end":{"line":99,"column":83}},"41":{"start":{"line":100,"column":8},"end":{"line":100,"column":14}},"42":{"start":{"line":105,"column":23},"end":{"line":105,"column":40}},"43":{"start":{"line":106,"column":23},"end":{"line":108,"column":10}},"44":{"start":{"line":110,"column":8},"end":{"line":118,"column":9}},"45":{"start":{"line":111,"column":10},"end":{"line":111,"column":43}},"46":{"start":{"line":112,"column":10},"end":{"line":116,"column":13}},"47":{"start":{"line":117,"column":10},"end":{"line":117,"column":29}},"48":{"start":{"line":119,"column":8},"end":{"line":119,"column":14}},"49":{"start":{"line":123,"column":8},"end":{"line":123,"column":64}},"50":{"start":{"line":126,"column":4},"end":{"line":126,"column":68}},"51":{"start":{"line":131,"column":2},"end":{"line":131,"column":43}},"52":{"start":{"line":134,"column":0},"end":{"line":134,"column":35}}},"fnMap":{"0":{"name":"(anonymous_0)","decl":{"start":{"line":16,"column":22},"end":{"line":16,"column":23}},"loc":{"start":{"line":16,"column":42},"end":{"line":132,"column":1}},"line":16},"1":{"name":"(anonymous_1)","decl":{"start":{"line":90,"column":26},"end":{"line":90,"column":27}},"loc":{"start":{"line":90,"column":32},"end":{"line":94,"column":11}},"line":90}},"branchMap":{"0":{"loc":{"start":{"line":19,"column":2},"end":{"line":21,"column":3}},"type":"if","locations":[{"start":{"line":19,"column":2},"end":{"line":21,"column":3}},{"start":{},"end":{}}],"line":19},"1":{"loc":{"start":{"line":34,"column":4},"end":{"line":124,"column":5}},"type":"switch","locations":[{"start":{"line":37,"column":6},"end":{"line":66,"column":7}},{"start":{"line":69,"column":6},"end":{"line":101,"column":7}},{"start":{"line":104,"column":6},"end":{"line":120,"column":7}},{"start":{"line":122,"column":6},"end":{"line":123,"column":64}}],"line":34},"2":{"loc":{"start":{"line":43,"column":8},"end":{"line":46,"column":9}},"type":"if","locations":[{"start":{"line":43,"column":8},"end":{"line":46,"column":9}},{"start":{},"end":{}}],"line":43},"3":{"loc":{"start":{"line":48,"column":8},"end":{"line":51,"column":9}},"type":"if","locations":[{"start":{"line":48,"column":8},"end":{"line":51,"column":9}},{"start":{},"end":{}}],"line":48},"4":{"loc":{"start":{"line":75,"column":8},"end":{"line":75,"column":26}},"type":"if","locations":[{"start":{"line":75,"column":8},"end":{"line":75,"column":26}},{"start":{},"end":{}}],"line":75},"5":{"loc":{"start":{"line":77,"column":30},"end":{"line":77,"column":93}},"type":"binary-expr","locations":[{"start":{"line":77,"column":30},"end":{"line":77,"column":71}},{"start":{"line":77,"column":75},"end":{"line":77,"column":93}}],"line":77},"6":{"loc":{"start":{"line":110,"column":8},"end":{"line":118,"column":9}},"type":"if","locations":[{"start":{"line":110,"column":8},"end":{"line":118,"column":9}},{"start":{},"end":{}}],"line":110}},"s":{"0":1,"1":1,"2":1,"3":1,"4":1,"5":6,"6":6,"7":1,"8":5,"9":5,"10":1,"11":1,"12":4,"13":4,"14":2,"15":2,"16":2,"17":0,"18":0,"19":2,"20":1,"21":1,"22":1,"23":1,"24":1,"25":1,"26":1,"27":1,"28":1,"29":1,"30":1,"31":0,"32":1,"33":1,"34":1,"35":1,"36":1,"37":1,"38":1,"39":1,"40":1,"41":1,"42":0,"43":0,"44":0,"45":0,"46":0,"47":0,"48":0,"49":1,"50":0,"51":4,"52":1},"f":{"0":6,"1":1},"b":{"0":[1,5],"1":[2,1,0,1],"2":[0,2],"3":[1,1],"4":[0,1],"5":[1,0],"6":[0,0]},"_coverageSchema":"1a1c01bbd47fc00a2c39e90264f33305004495a9","hash":"5a5e4625ff5200041ba15c34a5e406e5abb22fb4"}
,"/home/subham-nayak/Merchstore/server/controllers/productController.js": {"path":"/home/subham-nayak/Merchstore/server/controllers/productController.js","statementMap":{"0":{"start":{"line":4,"column":23},"end":{"line":4,"column":51}},"1":{"start":{"line":5,"column":23},"end":{"line":5,"column":50}},"2":{"start":{"line":6,"column":33},"end":{"line":6,"column":69}},"3":{"start":{"line":7,"column":25},"end":{"line":7,"column":62}},"4":{"start":{"line":13,"column":20},"end":{"line":103,"column":2}},"5":{"start":{"line":23,"column":6},"end":{"line":23,"column":15}},"6":{"start":{"line":25,"column":19},"end":{"line":25,"column":42}},"7":{"start":{"line":26,"column":19},"end":{"line":26,"column":59}},"8":{"start":{"line":27,"column":19},"end":{"line":27,"column":43}},"9":{"start":{"line":30,"column":17},"end":{"line":30,"column":35}},"10":{"start":{"line":32,"column":2},"end":{"line":34,"column":3}},"11":{"start":{"line":33,"column":4},"end":{"line":33,"column":31}},"12":{"start":{"line":36,"column":2},"end":{"line":40,"column":3}},"13":{"start":{"line":37,"column":4},"end":{"line":37,"column":22}},"14":{"start":{"line":38,"column":4},"end":{"line":38,"column":59}},"15":{"start":{"line":38,"column":18},"end":{"line":38,"column":59}},"16":{"start":{"line":39,"column":4},"end":{"line":39,"column":59}},"17":{"start":{"line":39,"column":18},"end":{"line":39,"column":59}},"18":{"start":{"line":43,"column":2},"end":{"line":50,"column":3}},"19":{"start":{"line":44,"column":4},"end":{"line":49,"column":6}},"20":{"start":{"line":53,"column":2},"end":{"line":55,"column":3}},"21":{"start":{"line":54,"column":4},"end":{"line":54,"column":39}},"22":{"start":{"line":58,"column":21},"end":{"line":58,"column":38}},"23":{"start":{"line":59,"column":2},"end":{"line":75,"column":3}},"24":{"start":{"line":60,"column":4},"end":{"line":74,"column":5}},"25":{"start":{"line":62,"column":8},"end":{"line":62,"column":36}},"26":{"start":{"line":63,"column":8},"end":{"line":63,"column":14}},"27":{"start":{"line":65,"column":8},"end":{"line":65,"column":37}},"28":{"start":{"line":66,"column":8},"end":{"line":66,"column":14}},"29":{"start":{"line":68,"column":8},"end":{"line":68,"column":63}},"30":{"start":{"line":69,"column":8},"end":{"line":69,"column":14}},"31":{"start":{"line":72,"column":8},"end":{"line":72,"column":41}},"32":{"start":{"line":73,"column":8},"end":{"line":73,"column":14}},"33":{"start":{"line":78,"column":16},"end":{"line":78,"column":36}},"34":{"start":{"line":81,"column":2},"end":{"line":84,"column":3}},"35":{"start":{"line":82,"column":4},"end":{"line":82,"column":52}},"36":{"start":{"line":83,"column":4},"end":{"line":83,"column":53}},"37":{"start":{"line":86,"column":28},"end":{"line":89,"column":4}},"38":{"start":{"line":91,"column":2},"end":{"line":102,"column":5}},"39":{"start":{"line":109,"column":23},"end":{"line":131,"column":2}},"40":{"start":{"line":110,"column":17},"end":{"line":110,"column":27}},"41":{"start":{"line":112,"column":18},"end":{"line":112,"column":51}},"42":{"start":{"line":113,"column":2},"end":{"line":115,"column":3}},"43":{"start":{"line":114,"column":4},"end":{"line":114,"column":82}},"44":{"start":{"line":118,"column":18},"end":{"line":122,"column":11}},"45":{"start":{"line":124,"column":2},"end":{"line":130,"column":5}},"46":{"start":{"line":137,"column":22},"end":{"line":171,"column":2}},"47":{"start":{"line":139,"column":20},"end":{"line":139,"column":69}},"48":{"start":{"line":139,"column":54},"end":{"line":139,"column":63}},"49":{"start":{"line":151,"column":6},"end":{"line":151,"column":14}},"50":{"start":{"line":153,"column":18},"end":{"line":164,"column":4}},"51":{"start":{"line":166,"column":2},"end":{"line":170,"column":5}},"52":{"start":{"line":177,"column":22},"end":{"line":231,"column":2}},"53":{"start":{"line":178,"column":17},"end":{"line":178,"column":27}},"54":{"start":{"line":180,"column":18},"end":{"line":180,"column":44}},"55":{"start":{"line":181,"column":2},"end":{"line":183,"column":3}},"56":{"start":{"line":182,"column":4},"end":{"line":182,"column":82}},"57":{"start":{"line":196,"column":6},"end":{"line":196,"column":14}},"58":{"start":{"line":199,"column":2},"end":{"line":205,"column":3}},"59":{"start":{"line":200,"column":27},"end":{"line":200,"column":89}},"60":{"start":{"line":201,"column":4},"end":{"line":204,"column":5}},"61":{"start":{"line":202,"column":6},"end":{"line":202,"column":38}},"62":{"start":{"line":203,"column":6},"end":{"line":203,"column":65}},"63":{"start":{"line":203,"column":52},"end":{"line":203,"column":63}},"64":{"start":{"line":208,"column":2},"end":{"line":211,"column":3}},"65":{"start":{"line":209,"column":25},"end":{"line":209,"column":57}},"66":{"start":{"line":209,"column":47},"end":{"line":209,"column":56}},"67":{"start":{"line":210,"column":4},"end":{"line":210,"column":58}},"68":{"start":{"line":214,"column":2},"end":{"line":214,"column":54}},"69":{"start":{"line":214,"column":34},"end":{"line":214,"column":54}},"70":{"start":{"line":215,"column":2},"end":{"line":215,"column":68}},"71":{"start":{"line":215,"column":34},"end":{"line":215,"column":68}},"72":{"start":{"line":216,"column":2},"end":{"line":216,"column":62}},"73":{"start":{"line":216,"column":34},"end":{"line":216,"column":62}},"74":{"start":{"line":217,"column":2},"end":{"line":217,"column":56}},"75":{"start":{"line":217,"column":34},"end":{"line":217,"column":56}},"76":{"start":{"line":218,"column":2},"end":{"line":218,"column":70}},"77":{"start":{"line":218,"column":34},"end":{"line":218,"column":70}},"78":{"start":{"line":219,"column":2},"end":{"line":219,"column":56}},"79":{"start":{"line":219,"column":34},"end":{"line":219,"column":56}},"80":{"start":{"line":220,"column":2},"end":{"line":220,"column":54}},"81":{"start":{"line":220,"column":34},"end":{"line":220,"column":54}},"82":{"start":{"line":221,"column":2},"end":{"line":221,"column":66}},"83":{"start":{"line":221,"column":34},"end":{"line":221,"column":66}},"84":{"start":{"line":222,"column":2},"end":{"line":222,"column":62}},"85":{"start":{"line":222,"column":34},"end":{"line":222,"column":62}},"86":{"start":{"line":224,"column":2},"end":{"line":224,"column":23}},"87":{"start":{"line":226,"column":2},"end":{"line":230,"column":5}},"88":{"start":{"line":237,"column":22},"end":{"line":268,"column":2}},"89":{"start":{"line":238,"column":17},"end":{"line":238,"column":27}},"90":{"start":{"line":239,"column":25},"end":{"line":239,"column":34}},"91":{"start":{"line":241,"column":18},"end":{"line":241,"column":44}},"92":{"start":{"line":242,"column":2},"end":{"line":244,"column":3}},"93":{"start":{"line":243,"column":4},"end":{"line":243,"column":82}},"94":{"start":{"line":246,"column":2},"end":{"line":267,"column":3}},"95":{"start":{"line":248,"column":4},"end":{"line":250,"column":5}},"96":{"start":{"line":249,"column":6},"end":{"line":249,"column":38}},"97":{"start":{"line":251,"column":4},"end":{"line":251,"column":40}},"98":{"start":{"line":253,"column":4},"end":{"line":256,"column":7}},"99":{"start":{"line":259,"column":4},"end":{"line":259,"column":29}},"100":{"start":{"line":260,"column":4},"end":{"line":260,"column":25}},"101":{"start":{"line":262,"column":4},"end":{"line":266,"column":7}},"102":{"start":{"line":270,"column":0},"end":{"line":276,"column":2}}},"fnMap":{"0":{"name":"(anonymous_0)","decl":{"start":{"line":13,"column":33},"end":{"line":13,"column":34}},"loc":{"start":{"line":13,"column":53},"end":{"line":103,"column":1}},"line":13},"1":{"name":"(anonymous_1)","decl":{"start":{"line":109,"column":36},"end":{"line":109,"column":37}},"loc":{"start":{"line":109,"column":56},"end":{"line":131,"column":1}},"line":109},"2":{"name":"(anonymous_2)","decl":{"start":{"line":137,"column":35},"end":{"line":137,"column":36}},"loc":{"start":{"line":137,"column":55},"end":{"line":171,"column":1}},"line":137},"3":{"name":"(anonymous_3)","decl":{"start":{"line":139,"column":46},"end":{"line":139,"column":47}},"loc":{"start":{"line":139,"column":54},"end":{"line":139,"column":63}},"line":139},"4":{"name":"(anonymous_4)","decl":{"start":{"line":177,"column":35},"end":{"line":177,"column":36}},"loc":{"start":{"line":177,"column":55},"end":{"line":231,"column":1}},"line":177},"5":{"name":"(anonymous_5)","decl":{"start":{"line":203,"column":45},"end":{"line":203,"column":46}},"loc":{"start":{"line":203,"column":52},"end":{"line":203,"column":63}},"line":203},"6":{"name":"(anonymous_6)","decl":{"start":{"line":209,"column":39},"end":{"line":209,"column":40}},"loc":{"start":{"line":209,"column":47},"end":{"line":209,"column":56}},"line":209},"7":{"name":"(anonymous_7)","decl":{"start":{"line":237,"column":35},"end":{"line":237,"column":36}},"loc":{"start":{"line":237,"column":55},"end":{"line":268,"column":1}},"line":237}},"branchMap":{"0":{"loc":{"start":{"line":21,"column":4},"end":{"line":21,"column":12}},"type":"default-arg","locations":[{"start":{"line":21,"column":11},"end":{"line":21,"column":12}}],"line":21},"1":{"loc":{"start":{"line":22,"column":4},"end":{"line":22,"column":14}},"type":"default-arg","locations":[{"start":{"line":22,"column":12},"end":{"line":22,"column":14}}],"line":22},"2":{"loc":{"start":{"line":25,"column":19},"end":{"line":25,"column":42}},"type":"binary-expr","locations":[{"start":{"line":25,"column":19},"end":{"line":25,"column":37}},{"start":{"line":25,"column":41},"end":{"line":25,"column":42}}],"line":25},"3":{"loc":{"start":{"line":26,"column":28},"end":{"line":26,"column":53}},"type":"binary-expr","locations":[{"start":{"line":26,"column":28},"end":{"line":26,"column":47}},{"start":{"line":26,"column":51},"end":{"line":26,"column":53}}],"line":26},"4":{"loc":{"start":{"line":32,"column":2},"end":{"line":34,"column":3}},"type":"if","locations":[{"start":{"line":32,"column":2},"end":{"line":34,"column":3}},{"start":{},"end":{}}],"line":32},"5":{"loc":{"start":{"line":36,"column":2},"end":{"line":40,"column":3}},"type":"if","locations":[{"start":{"line":36,"column":2},"end":{"line":40,"column":3}},{"start":{},"end":{}}],"line":36},"6":{"loc":{"start":{"line":36,"column":6},"end":{"line":36,"column":26}},"type":"binary-expr","locations":[{"start":{"line":36,"column":6},"end":{"line":36,"column":14}},{"start":{"line":36,"column":18},"end":{"line":36,"column":26}}],"line":36},"7":{"loc":{"start":{"line":38,"column":4},"end":{"line":38,"column":59}},"type":"if","locations":[{"start":{"line":38,"column":4},"end":{"line":38,"column":59}},{"start":{},"end":{}}],"line":38},"8":{"loc":{"start":{"line":39,"column":4},"end":{"line":39,"column":59}},"type":"if","locations":[{"start":{"line":39,"column":4},"end":{"line":39,"column":59}},{"start":{},"end":{}}],"line":39},"9":{"loc":{"start":{"line":43,"column":2},"end":{"line":50,"column":3}},"type":"if","locations":[{"start":{"line":43,"column":2},"end":{"line":50,"column":3}},{"start":{},"end":{}}],"line":43},"10":{"loc":{"start":{"line":53,"column":2},"end":{"line":55,"column":3}},"type":"if","locations":[{"start":{"line":53,"column":2},"end":{"line":55,"column":3}},{"start":{},"end":{}}],"line":53},"11":{"loc":{"start":{"line":59,"column":2},"end":{"line":75,"column":3}},"type":"if","locations":[{"start":{"line":59,"column":2},"end":{"line":75,"column":3}},{"start":{},"end":{}}],"line":59},"12":{"loc":{"start":{"line":60,"column":4},"end":{"line":74,"column":5}},"type":"switch","locations":[{"start":{"line":61,"column":6},"end":{"line":63,"column":14}},{"start":{"line":64,"column":6},"end":{"line":66,"column":14}},{"start":{"line":67,"column":6},"end":{"line":69,"column":14}},{"start":{"line":70,"column":6},"end":{"line":70,"column":20}},{"start":{"line":71,"column":6},"end":{"line":73,"column":14}}],"line":60},"13":{"loc":{"start":{"line":81,"column":2},"end":{"line":84,"column":3}},"type":"if","locations":[{"start":{"line":81,"column":2},"end":{"line":84,"column":3}},{"start":{},"end":{}}],"line":81},"14":{"loc":{"start":{"line":81,"column":6},"end":{"line":81,"column":21}},"type":"binary-expr","locations":[{"start":{"line":81,"column":6},"end":{"line":81,"column":12}},{"start":{"line":81,"column":16},"end":{"line":81,"column":21}}],"line":81},"15":{"loc":{"start":{"line":113,"column":2},"end":{"line":115,"column":3}},"type":"if","locations":[{"start":{"line":113,"column":2},"end":{"line":115,"column":3}},{"start":{},"end":{}}],"line":113},"16":{"loc":{"start":{"line":139,"column":20},"end":{"line":139,"column":69}},"type":"cond-expr","locations":[{"start":{"line":139,"column":32},"end":{"line":139,"column":64}},{"start":{"line":139,"column":67},"end":{"line":139,"column":69}}],"line":139},"17":{"loc":{"start":{"line":181,"column":2},"end":{"line":183,"column":3}},"type":"if","locations":[{"start":{"line":181,"column":2},"end":{"line":183,"column":3}},{"start":{},"end":{}}],"line":181},"18":{"loc":{"start":{"line":199,"column":2},"end":{"line":205,"column":3}},"type":"if","locations":[{"start":{"line":199,"column":2},"end":{"line":205,"column":3}},{"start":{},"end":{}}],"line":199},"19":{"loc":{"start":{"line":200,"column":27},"end":{"line":200,"column":89}},"type":"cond-expr","locations":[{"start":{"line":200,"column":58},"end":{"line":200,"column":71}},{"start":{"line":200,"column":74},"end":{"line":200,"column":89}}],"line":200},"20":{"loc":{"start":{"line":208,"column":2},"end":{"line":211,"column":3}},"type":"if","locations":[{"start":{"line":208,"column":2},"end":{"line":211,"column":3}},{"start":{},"end":{}}],"line":208},"21":{"loc":{"start":{"line":208,"column":6},"end":{"line":208,"column":39}},"type":"binary-expr","locations":[{"start":{"line":208,"column":6},"end":{"line":208,"column":15}},{"start":{"line":208,"column":19},"end":{"line":208,"column":39}}],"line":208},"22":{"loc":{"start":{"line":214,"column":2},"end":{"line":214,"column":54}},"type":"if","locations":[{"start":{"line":214,"column":2},"end":{"line":214,"column":54}},{"start":{},"end":{}}],"line":214},"23":{"loc":{"start":{"line":215,"column":2},"end":{"line":215,"column":68}},"type":"if","locations":[{"start":{"line":215,"column":2},"end":{"line":215,"column":68}},{"start":{},"end":{}}],"line":215},"24":{"loc":{"start":{"line":216,"column":2},"end":{"line":216,"column":62}},"type":"if","locations":[{"start":{"line":216,"column":2},"end":{"line":216,"column":62}},{"start":{},"end":{}}],"line":216},"25":{"loc":{"start":{"line":217,"column":2},"end":{"line":217,"column":56}},"type":"if","locations":[{"start":{"line":217,"column":2},"end":{"line":217,"column":56}},{"start":{},"end":{}}],"line":217},"26":{"loc":{"start":{"line":218,"column":2},"end":{"line":218,"column":70}},"type":"if","locations":[{"start":{"line":218,"column":2},"end":{"line":218,"column":70}},{"start":{},"end":{}}],"line":218},"27":{"loc":{"start":{"line":219,"column":2},"end":{"line":219,"column":56}},"type":"if","locations":[{"start":{"line":219,"column":2},"end":{"line":219,"column":56}},{"start":{},"end":{}}],"line":219},"28":{"loc":{"start":{"line":220,"column":2},"end":{"line":220,"column":54}},"type":"if","locations":[{"start":{"line":220,"column":2},"end":{"line":220,"column":54}},{"start":{},"end":{}}],"line":220},"29":{"loc":{"start":{"line":221,"column":2},"end":{"line":221,"column":66}},"type":"if","locations":[{"start":{"line":221,"column":2},"end":{"line":221,"column":66}},{"start":{},"end":{}}],"line":221},"30":{"loc":{"start":{"line":222,"column":2},"end":{"line":222,"column":62}},"type":"if","locations":[{"start":{"line":222,"column":2},"end":{"line":222,"column":62}},{"start":{},"end":{}}],"line":222},"31":{"loc":{"start":{"line":242,"column":2},"end":{"line":244,"column":3}},"type":"if","locations":[{"start":{"line":242,"column":2},"end":{"line":244,"column":3}},{"start":{},"end":{}}],"line":242},"32":{"loc":{"start":{"line":246,"column":2},"end":{"line":267,"column":3}},"type":"if","locations":[{"start":{"line":246,"column":2},"end":{"line":267,"column":3}},{"start":{"line":257,"column":9},"end":{"line":267,"column":3}}],"line":246}},"s":{"0":1,"1":1,"2":1,"3":1,"4":1,"5":2,"6":2,"7":2,"8":2,"9":2,"10":2,"11":1,"12":2,"13":0,"14":0,"15":0,"16":0,"17":0,"18":2,"19":0,"20":2,"21":1,"22":2,"23":2,"24":0,"25":0,"26":0,"27":0,"28":0,"29":0,"30":0,"31":0,"32":0,"33":2,"34":2,"35":1,"36":1,"37":2,"38":2,"39":1,"40":2,"41":2,"42":2,"43":1,"44":1,"45":1,"46":1,"47":1,"48":1,"49":1,"50":1,"51":1,"52":1,"53":2,"54":2,"55":2,"56":1,"57":1,"58":1,"59":1,"60":1,"61":1,"62":1,"63":2,"64":1,"65":1,"66":1,"67":1,"68":1,"69":1,"70":1,"71":0,"72":1,"73":0,"74":1,"75":0,"76":1,"77":0,"78":1,"79":0,"80":1,"81":0,"82":1,"83":0,"84":1,"85":0,"86":1,"87":1,"88":1,"89":3,"90":3,"91":3,"92":3,"93":1,"94":2,"95":1,"96":1,"97":1,"98":1,"99":1,"100":1,"101":1,"102":1},"f":{"0":2,"1":2,"2":1,"3":1,"4":2,"5":2,"6":1,"7":3},"b":{"0":[1],"1":[1],"2":[2,0],"3":[2,0],"4":[1,1],"5":[0,2],"6":[2,2],"7":[0,0],"8":[0,0],"9":[0,2],"10":[1,1],"11":[0,2],"12":[0,0,0,0,0],"13":[1,1],"14":[2,1],"15":[1,1],"16":[1,0],"17":[1,1],"18":[1,0],"19":[1,0],"20":[1,0],"21":[1,1],"22":[1,0],"23":[0,1],"24":[0,1],"25":[0,1],"26":[0,1],"27":[0,1],"28":[0,1],"29":[0,1],"30":[0,1],"31":[1,2],"32":[1,1]},"_coverageSchema":"1a1c01bbd47fc00a2c39e90264f33305004495a9","hash":"f331e4bd176efa45252f9dda3ec98ab38531b328"}
,"/home/subham-nayak/Merchstore/server/services/inventoryService.js": {"path":"/home/subham-nayak/Merchstore/server/services/inventoryService.js","statementMap":{"0":{"start":{"line":4,"column":17},"end":{"line":4,"column":36}},"1":{"start":{"line":5,"column":17},"end":{"line":5,"column":45}},"2":{"start":{"line":12,"column":31},"end":{"line":52,"column":1}},"3":{"start":{"line":13,"column":23},"end":{"line":13,"column":25}},"4":{"start":{"line":15,"column":2},"end":{"line":49,"column":3}},"5":{"start":{"line":16,"column":20},"end":{"line":16,"column":88}},"6":{"start":{"line":18,"column":4},"end":{"line":25,"column":5}},"7":{"start":{"line":19,"column":6},"end":{"line":23,"column":9}},"8":{"start":{"line":24,"column":6},"end":{"line":24,"column":15}},"9":{"start":{"line":27,"column":22},"end":{"line":27,"column":67}},"10":{"start":{"line":27,"column":46},"end":{"line":27,"column":66}},"11":{"start":{"line":29,"column":4},"end":{"line":37,"column":5}},"12":{"start":{"line":30,"column":6},"end":{"line":35,"column":9}},"13":{"start":{"line":36,"column":6},"end":{"line":36,"column":15}},"14":{"start":{"line":39,"column":4},"end":{"line":48,"column":5}},"15":{"start":{"line":40,"column":6},"end":{"line":47,"column":9}},"16":{"start":{"line":51,"column":2},"end":{"line":51,"column":57}},"17":{"start":{"line":61,"column":23},"end":{"line":86,"column":1}},"18":{"start":{"line":62,"column":14},"end":{"line":73,"column":5}},"19":{"start":{"line":62,"column":33},"end":{"line":73,"column":3}},"20":{"start":{"line":75,"column":17},"end":{"line":75,"column":58}},"21":{"start":{"line":78,"column":2},"end":{"line":83,"column":3}},"22":{"start":{"line":79,"column":4},"end":{"line":82,"column":6}},"23":{"start":{"line":85,"column":2},"end":{"line":85,"column":16}},"24":{"start":{"line":93,"column":21},"end":{"line":103,"column":1}},"25":{"start":{"line":94,"column":14},"end":{"line":99,"column":5}},"26":{"start":{"line":94,"column":33},"end":{"line":99,"column":3}},"27":{"start":{"line":101,"column":18},"end":{"line":101,"column":44}},"28":{"start":{"line":102,"column":2},"end":{"line":102,"column":41}},"29":{"start":{"line":110,"column":25},"end":{"line":138,"column":1}},"30":{"start":{"line":111,"column":16},"end":{"line":111,"column":80}},"31":{"start":{"line":113,"column":19},"end":{"line":119,"column":10}},"32":{"start":{"line":121,"column":24},"end":{"line":121,"column":26}},"33":{"start":{"line":123,"column":2},"end":{"line":135,"column":3}},"34":{"start":{"line":124,"column":4},"end":{"line":134,"column":5}},"35":{"start":{"line":125,"column":6},"end":{"line":133,"column":7}},"36":{"start":{"line":126,"column":8},"end":{"line":132,"column":11}},"37":{"start":{"line":137,"column":2},"end":{"line":137,"column":23}},"38":{"start":{"line":140,"column":0},"end":{"line":145,"column":2}}},"fnMap":{"0":{"name":"(anonymous_0)","decl":{"start":{"line":12,"column":31},"end":{"line":12,"column":32}},"loc":{"start":{"line":12,"column":48},"end":{"line":52,"column":1}},"line":12},"1":{"name":"(anonymous_1)","decl":{"start":{"line":27,"column":41},"end":{"line":27,"column":42}},"loc":{"start":{"line":27,"column":46},"end":{"line":27,"column":66}},"line":27},"2":{"name":"(anonymous_2)","decl":{"start":{"line":61,"column":23},"end":{"line":61,"column":24}},"loc":{"start":{"line":61,"column":49},"end":{"line":86,"column":1}},"line":61},"3":{"name":"(anonymous_3)","decl":{"start":{"line":62,"column":24},"end":{"line":62,"column":25}},"loc":{"start":{"line":62,"column":33},"end":{"line":73,"column":3}},"line":62},"4":{"name":"(anonymous_4)","decl":{"start":{"line":93,"column":21},"end":{"line":93,"column":22}},"loc":{"start":{"line":93,"column":54},"end":{"line":103,"column":1}},"line":93},"5":{"name":"(anonymous_5)","decl":{"start":{"line":94,"column":24},"end":{"line":94,"column":25}},"loc":{"start":{"line":94,"column":33},"end":{"line":99,"column":3}},"line":94},"6":{"name":"(anonymous_6)","decl":{"start":{"line":110,"column":25},"end":{"line":110,"column":26}},"loc":{"start":{"line":110,"column":53},"end":{"line":138,"column":1}},"line":110}},"branchMap":{"0":{"loc":{"start":{"line":18,"column":4},"end":{"line":25,"column":5}},"type":"if","locations":[{"start":{"line":18,"column":4},"end":{"line":25,"column":5}},{"start":{},"end":{}}],"line":18},"1":{"loc":{"start":{"line":18,"column":8},"end":{"line":18,"column":37}},"type":"binary-expr","locations":[{"start":{"line":18,"column":8},"end":{"line":18,"column":16}},{"start":{"line":18,"column":20},"end":{"line":18,"column":37}}],"line":18},"2":{"loc":{"start":{"line":21,"column":19},"end":{"line":21,"column":53}},"type":"binary-expr","locations":[{"start":{"line":21,"column":19},"end":{"line":21,"column":32}},{"start":{"line":21,"column":36},"end":{"line":21,"column":53}}],"line":21},"3":{"loc":{"start":{"line":29,"column":4},"end":{"line":37,"column":5}},"type":"if","locations":[{"start":{"line":29,"column":4},"end":{"line":37,"column":5}},{"start":{},"end":{}}],"line":29},"4":{"loc":{"start":{"line":39,"column":4},"end":{"line":48,"column":5}},"type":"if","locations":[{"start":{"line":39,"column":4},"end":{"line":48,"column":5}},{"start":{},"end":{}}],"line":39},"5":{"loc":{"start":{"line":78,"column":2},"end":{"line":83,"column":3}},"type":"if","locations":[{"start":{"line":78,"column":2},"end":{"line":83,"column":3}},{"start":{},"end":{}}],"line":78},"6":{"loc":{"start":{"line":93,"column":35},"end":{"line":93,"column":49}},"type":"default-arg","locations":[{"start":{"line":93,"column":45},"end":{"line":93,"column":49}}],"line":93},"7":{"loc":{"start":{"line":101,"column":18},"end":{"line":101,"column":44}},"type":"cond-expr","locations":[{"start":{"line":101,"column":28},"end":{"line":101,"column":39}},{"start":{"line":101,"column":42},"end":{"line":101,"column":44}}],"line":101},"8":{"loc":{"start":{"line":110,"column":32},"end":{"line":110,"column":48}},"type":"default-arg","locations":[{"start":{"line":110,"column":44},"end":{"line":110,"column":48}}],"line":110},"9":{"loc":{"start":{"line":111,"column":16},"end":{"line":111,"column":80}},"type":"binary-expr","locations":[{"start":{"line":111,"column":16},"end":{"line":111,"column":25}},{"start":{"line":111,"column":29},"end":{"line":111,"column":74}},{"start":{"line":111,"column":78},"end":{"line":111,"column":80}}],"line":111},"10":{"loc":{"start":{"line":125,"column":6},"end":{"line":133,"column":7}},"type":"if","locations":[{"start":{"line":125,"column":6},"end":{"line":133,"column":7}},{"start":{},"end":{}}],"line":125},"11":{"loc":{"start":{"line":129,"column":21},"end":{"line":129,"column":72}},"type":"binary-expr","locations":[{"start":{"line":129,"column":21},"end":{"line":129,"column":34}},{"start":{"line":129,"column":38},"end":{"line":129,"column":72}}],"line":129}},"s":{"0":3,"1":3,"2":3,"3":4,"4":4,"5":4,"6":4,"7":1,"8":1,"9":3,"10":3,"11":3,"12":1,"13":1,"14":2,"15":1,"16":4,"17":3,"18":0,"19":0,"20":0,"21":0,"22":0,"23":0,"24":3,"25":0,"26":0,"27":0,"28":0,"29":3,"30":2,"31":2,"32":2,"33":2,"34":1,"35":2,"36":1,"37":2,"38":3},"f":{"0":4,"1":3,"2":0,"3":0,"4":0,"5":0,"6":2},"b":{"0":[1,3],"1":[4,4],"2":[1,0],"3":[1,2],"4":[1,1],"5":[0,0],"6":[0],"7":[0,0],"8":[0],"9":[2,0,0],"10":[1,1],"11":[1,0]},"_coverageSchema":"1a1c01bbd47fc00a2c39e90264f33305004495a9","hash":"d01e66d2653326cf83e7dcd98c4ecd4ffc5245a7"}
,"/home/subham-nayak/Merchstore/server/utils/cloudinaryUpload.js": {"path":"/home/subham-nayak/Merchstore/server/utils/cloudinaryUpload.js","statementMap":{"0":{"start":{"line":4,"column":30},"end":{"line":4,"column":66}},"1":{"start":{"line":5,"column":31},"end":{"line":5,"column":48}},"2":{"start":{"line":6,"column":31},"end":{"line":6,"column":62}},"3":{"start":{"line":9,"column":16},"end":{"line":16,"column":2}},"4":{"start":{"line":18,"column":15},"end":{"line":21,"column":2}},"5":{"start":{"line":28,"column":24},"end":{"line":51,"column":1}},"6":{"start":{"line":29,"column":2},"end":{"line":50,"column":3}},"7":{"start":{"line":30,"column":4},"end":{"line":30,"column":53}},"8":{"start":{"line":30,"column":41},"end":{"line":30,"column":53}},"9":{"start":{"line":31,"column":18},"end":{"line":31,"column":39}},"10":{"start":{"line":32,"column":4},"end":{"line":32,"column":38}},"11":{"start":{"line":32,"column":26},"end":{"line":32,"column":38}},"12":{"start":{"line":34,"column":18},"end":{"line":34,"column":26}},"13":{"start":{"line":36,"column":4},"end":{"line":41,"column":5}},"14":{"start":{"line":37,"column":25},"end":{"line":37,"column":45}},"15":{"start":{"line":38,"column":6},"end":{"line":40,"column":7}},"16":{"start":{"line":39,"column":8},"end":{"line":39,"column":52}},"17":{"start":{"line":43,"column":21},"end":{"line":43,"column":45}},"18":{"start":{"line":44,"column":4},"end":{"line":46,"column":5}},"19":{"start":{"line":45,"column":6},"end":{"line":45,"column":47}},"20":{"start":{"line":47,"column":4},"end":{"line":47,"column":19}},"21":{"start":{"line":49,"column":4},"end":{"line":49,"column":16}},"22":{"start":{"line":58,"column":29},"end":{"line":69,"column":1}},"23":{"start":{"line":59,"column":19},"end":{"line":59,"column":39}},"24":{"start":{"line":60,"column":2},"end":{"line":60,"column":30}},"25":{"start":{"line":60,"column":17},"end":{"line":60,"column":30}},"26":{"start":{"line":62,"column":2},"end":{"line":68,"column":3}},"27":{"start":{"line":63,"column":19},"end":{"line":63,"column":62}},"28":{"start":{"line":64,"column":4},"end":{"line":64,"column":34}},"29":{"start":{"line":66,"column":4},"end":{"line":66,"column":86}},"30":{"start":{"line":67,"column":4},"end":{"line":67,"column":17}},"31":{"start":{"line":71,"column":0},"end":{"line":75,"column":2}}},"fnMap":{"0":{"name":"(anonymous_0)","decl":{"start":{"line":28,"column":24},"end":{"line":28,"column":25}},"loc":{"start":{"line":28,"column":33},"end":{"line":51,"column":1}},"line":28},"1":{"name":"(anonymous_1)","decl":{"start":{"line":58,"column":29},"end":{"line":58,"column":30}},"loc":{"start":{"line":58,"column":44},"end":{"line":69,"column":1}},"line":58}},"branchMap":{"0":{"loc":{"start":{"line":30,"column":4},"end":{"line":30,"column":53}},"type":"if","locations":[{"start":{"line":30,"column":4},"end":{"line":30,"column":53}},{"start":{},"end":{}}],"line":30},"1":{"loc":{"start":{"line":30,"column":8},"end":{"line":30,"column":39}},"type":"binary-expr","locations":[{"start":{"line":30,"column":8},"end":{"line":30,"column":12}},{"start":{"line":30,"column":16},"end":{"line":30,"column":39}}],"line":30},"2":{"loc":{"start":{"line":32,"column":4},"end":{"line":32,"column":38}},"type":"if","locations":[{"start":{"line":32,"column":4},"end":{"line":32,"column":38}},{"start":{},"end":{}}],"line":32},"3":{"loc":{"start":{"line":36,"column":4},"end":{"line":41,"column":5}},"type":"if","locations":[{"start":{"line":36,"column":4},"end":{"line":41,"column":5}},{"start":{},"end":{}}],"line":36},"4":{"loc":{"start":{"line":38,"column":6},"end":{"line":40,"column":7}},"type":"if","locations":[{"start":{"line":38,"column":6},"end":{"line":40,"column":7}},{"start":{},"end":{}}],"line":38},"5":{"loc":{"start":{"line":44,"column":4},"end":{"line":46,"column":5}},"type":"if","locations":[{"start":{"line":44,"column":4},"end":{"line":46,"column":5}},{"start":{},"end":{}}],"line":44},"6":{"loc":{"start":{"line":60,"column":2},"end":{"line":60,"column":30}},"type":"if","locations":[{"start":{"line":60,"column":2},"end":{"line":60,"column":30}},{"start":{},"end":{}}],"line":60}},"s":{"0":2,"1":2,"2":2,"3":2,"4":2,"5":2,"6":10,"7":10,"8":3,"9":7,"10":7,"11":2,"12":5,"13":5,"14":1,"15":1,"16":1,"17":5,"18":5,"19":5,"20":5,"21":0,"22":2,"23":4,"24":4,"25":1,"26":3,"27":3,"28":2,"29":1,"30":1,"31":2},"f":{"0":10,"1":4},"b":{"0":[3,7],"1":[10,8],"2":[2,5],"3":[1,4],"4":[1,0],"5":[5,0],"6":[1,3]},"_coverageSchema":"1a1c01bbd47fc00a2c39e90264f33305004495a9","hash":"8955bff12f234c0ddff5ac0a970c82545f5916a2"}
,"/home/subham-nayak/Merchstore/server/utils/generateToken.js": {"path":"/home/subham-nayak/Merchstore/server/utils/generateToken.js","statementMap":{"0":{"start":{"line":4,"column":12},"end":{"line":4,"column":35}},"1":{"start":{"line":11,"column":22},"end":{"line":22,"column":1}},"2":{"start":{"line":12,"column":18},"end":{"line":16,"column":3}},"3":{"start":{"line":18,"column":18},"end":{"line":18,"column":74}},"4":{"start":{"line":19,"column":18},"end":{"line":19,"column":52}},"5":{"start":{"line":21,"column":2},"end":{"line":21,"column":59}},"6":{"start":{"line":24,"column":0},"end":{"line":24,"column":31}}},"fnMap":{"0":{"name":"(anonymous_0)","decl":{"start":{"line":11,"column":22},"end":{"line":11,"column":23}},"loc":{"start":{"line":11,"column":32},"end":{"line":22,"column":1}},"line":11}},"branchMap":{"0":{"loc":{"start":{"line":18,"column":18},"end":{"line":18,"column":74}},"type":"binary-expr","locations":[{"start":{"line":18,"column":18},"end":{"line":18,"column":40}},{"start":{"line":18,"column":44},"end":{"line":18,"column":74}}],"line":18},"1":{"loc":{"start":{"line":19,"column":18},"end":{"line":19,"column":52}},"type":"binary-expr","locations":[{"start":{"line":19,"column":18},"end":{"line":19,"column":44}},{"start":{"line":19,"column":48},"end":{"line":19,"column":52}}],"line":19}},"s":{"0":2,"1":2,"2":1,"3":1,"4":1,"5":1,"6":2},"f":{"0":1},"b":{"0":[1,1],"1":[1,1]},"_coverageSchema":"1a1c01bbd47fc00a2c39e90264f33305004495a9","hash":"edb31e093052a18082883b2a7f678dc17826ade8"}
}
