{"C:\\Users\\mehak\\OneDrive\\Desktop\\MerchStore\\server\\controllers\\authController.js": {"path":"C:\\Users\\mehak\\OneDrive\\Desktop\\MerchStore\\server\\controllers\\authController.js","statementMap":{"0":{"start":{"line":4,"column":23},"end":{"line":4,"column":48}},"1":{"start":{"line":5,"column":23},"end":{"line":5,"column":56}},"2":{"start":{"line":6,"column":25},"end":{"line":6,"column":62}},"3":{"start":{"line":8,"column":27},"end":{"line":16,"column":2}},"4":{"start":{"line":8,"column":38},"end":{"line":16,"column":1}},"5":{"start":{"line":22,"column":17},"end":{"line":52,"column":2}},"6":{"start":{"line":23,"column":49},"end":{"line":23,"column":57}},"7":{"start":{"line":25,"column":21},"end":{"line":25,"column":50}},"8":{"start":{"line":26,"column":2},"end":{"line":31,"column":3}},"9":{"start":{"line":27,"column":4},"end":{"line":30,"column":7}},"10":{"start":{"line":34,"column":15},"end":{"line":40,"column":4}},"11":{"start":{"line":42,"column":16},"end":{"line":42,"column":35}},"12":{"start":{"line":44,"column":2},"end":{"line":51,"column":5}},"13":{"start":{"line":58,"column":14},"end":{"line":88,"column":2}},"14":{"start":{"line":59,"column":30},"end":{"line":59,"column":38}},"15":{"start":{"line":62,"column":15},"end":{"line":62,"column":64}},"16":{"start":{"line":63,"column":2},"end":{"line":68,"column":3}},"17":{"start":{"line":64,"column":4},"end":{"line":67,"column":7}},"18":{"start":{"line":70,"column":18},"end":{"line":70,"column":52}},"19":{"start":{"line":71,"column":2},"end":{"line":76,"column":3}},"20":{"start":{"line":72,"column":4},"end":{"line":75,"column":7}},"21":{"start":{"line":78,"column":16},"end":{"line":78,"column":35}},"22":{"start":{"line":80,"column":2},"end":{"line":87,"column":5}},"23":{"start":{"line":94,"column":14},"end":{"line":100,"column":2}},"24":{"start":{"line":96,"column":2},"end":{"line":99,"column":5}},"25":{"start":{"line":106,"column":23},"end":{"line":119,"column":2}},"26":{"start":{"line":107,"column":2},"end":{"line":112,"column":3}},"27":{"start":{"line":108,"column":4},"end":{"line":111,"column":7}},"28":{"start":{"line":114,"column":20},"end":{"line":114,"column":43}},"29":{"start":{"line":115,"column":20},"end":{"line":115,"column":69}},"30":{"start":{"line":118,"column":2},"end":{"line":118,"column":60}},"31":{"start":{"line":125,"column":19},"end":{"line":176,"column":2}},"32":{"start":{"line":126,"column":71},"end":{"line":126,"column":79}},"33":{"start":{"line":127,"column":15},"end":{"line":127,"column":48}},"34":{"start":{"line":129,"column":2},"end":{"line":131,"column":3}},"35":{"start":{"line":130,"column":4},"end":{"line":130,"column":79}},"36":{"start":{"line":134,"column":23},"end":{"line":134,"column":44}},"37":{"start":{"line":135,"column":20},"end":{"line":135,"column":39}},"38":{"start":{"line":136,"column":21},"end":{"line":136,"column":27}},"39":{"start":{"line":138,"column":2},"end":{"line":147,"column":3}},"40":{"start":{"line":139,"column":19},"end":{"line":139,"column":37}},"41":{"start":{"line":140,"column":27},"end":{"line":140,"column":38}},"42":{"start":{"line":141,"column":5},"end":{"line":141,"column":37}},"43":{"start":{"line":142,"column":28},"end":{"line":142,"column":68}},"44":{"start":{"line":143,"column":5},"end":{"line":146,"column":6}},"45":{"start":{"line":144,"column":9},"end":{"line":144,"column":44}},"46":{"start":{"line":145,"column":9},"end":{"line":145,"column":41}},"47":{"start":{"line":149,"column":21},"end":{"line":157,"column":3}},"48":{"start":{"line":159,"column":2},"end":{"line":164,"column":3}},"49":{"start":{"line":160,"column":4},"end":{"line":162,"column":5}},"50":{"start":{"line":161,"column":6},"end":{"line":161,"column":61}},"51":{"start":{"line":161,"column":37},"end":{"line":161,"column":59}},"52":{"start":{"line":163,"column":4},"end":{"line":163,"column":32}},"53":{"start":{"line":166,"column":2},"end":{"line":166,"column":43}},"54":{"start":{"line":166,"column":23},"end":{"line":166,"column":43}},"55":{"start":{"line":167,"column":2},"end":{"line":167,"column":34}},"56":{"start":{"line":169,"column":2},"end":{"line":169,"column":20}},"57":{"start":{"line":171,"column":2},"end":{"line":175,"column":5}},"58":{"start":{"line":178,"column":0},"end":{"line":184,"column":2}}},"fnMap":{"0":{"name":"(anonymous_0)","decl":{"start":{"line":8,"column":27},"end":{"line":8,"column":28}},"loc":{"start":{"line":8,"column":38},"end":{"line":16,"column":1}},"line":8},"1":{"name":"(anonymous_1)","decl":{"start":{"line":22,"column":30},"end":{"line":22,"column":31}},"loc":{"start":{"line":22,"column":50},"end":{"line":52,"column":1}},"line":22},"2":{"name":"(anonymous_2)","decl":{"start":{"line":58,"column":27},"end":{"line":58,"column":28}},"loc":{"start":{"line":58,"column":47},"end":{"line":88,"column":1}},"line":58},"3":{"name":"(anonymous_3)","decl":{"start":{"line":94,"column":27},"end":{"line":94,"column":28}},"loc":{"start":{"line":94,"column":47},"end":{"line":100,"column":1}},"line":94},"4":{"name":"(anonymous_4)","decl":{"start":{"line":106,"column":36},"end":{"line":106,"column":37}},"loc":{"start":{"line":106,"column":56},"end":{"line":119,"column":1}},"line":106},"5":{"name":"(anonymous_5)","decl":{"start":{"line":125,"column":32},"end":{"line":125,"column":33}},"loc":{"start":{"line":125,"column":52},"end":{"line":176,"column":1}},"line":125},"6":{"name":"(anonymous_6)","decl":{"start":{"line":161,"column":29},"end":{"line":161,"column":30}},"loc":{"start":{"line":161,"column":37},"end":{"line":161,"column":59}},"line":161}},"branchMap":{"0":{"loc":{"start":{"line":13,"column":13},"end":{"line":13,"column":29}},"type":"binary-expr","locations":[{"start":{"line":13,"column":13},"end":{"line":13,"column":23}},{"start":{"line":13,"column":27},"end":{"line":13,"column":29}}],"line":13},"1":{"loc":{"start":{"line":14,"column":13},"end":{"line":14,"column":30}},"type":"binary-expr","locations":[{"start":{"line":14,"column":13},"end":{"line":14,"column":24}},{"start":{"line":14,"column":28},"end":{"line":14,"column":30}}],"line":14},"2":{"loc":{"start":{"line":15,"column":13},"end":{"line":15,"column":33}},"type":"binary-expr","locations":[{"start":{"line":15,"column":13},"end":{"line":15,"column":27}},{"start":{"line":15,"column":31},"end":{"line":15,"column":33}}],"line":15},"3":{"loc":{"start":{"line":26,"column":2},"end":{"line":31,"column":3}},"type":"if","locations":[{"start":{"line":26,"column":2},"end":{"line":31,"column":3}},{"start":{},"end":{}}],"line":26},"4":{"loc":{"start":{"line":39,"column":10},"end":{"line":39,"column":27}},"type":"binary-expr","locations":[{"start":{"line":39,"column":10},"end":{"line":39,"column":14}},{"start":{"line":39,"column":18},"end":{"line":39,"column":27}}],"line":39},"5":{"loc":{"start":{"line":63,"column":2},"end":{"line":68,"column":3}},"type":"if","locations":[{"start":{"line":63,"column":2},"end":{"line":68,"column":3}},{"start":{},"end":{}}],"line":63},"6":{"loc":{"start":{"line":63,"column":6},"end":{"line":63,"column":29}},"type":"binary-expr","locations":[{"start":{"line":63,"column":6},"end":{"line":63,"column":11}},{"start":{"line":63,"column":15},"end":{"line":63,"column":29}}],"line":63},"7":{"loc":{"start":{"line":71,"column":2},"end":{"line":76,"column":3}},"type":"if","locations":[{"start":{"line":71,"column":2},"end":{"line":76,"column":3}},{"start":{},"end":{}}],"line":71},"8":{"loc":{"start":{"line":107,"column":2},"end":{"line":112,"column":3}},"type":"if","locations":[{"start":{"line":107,"column":2},"end":{"line":112,"column":3}},{"start":{},"end":{}}],"line":107},"9":{"loc":{"start":{"line":115,"column":20},"end":{"line":115,"column":69}},"type":"binary-expr","locations":[{"start":{"line":115,"column":20},"end":{"line":115,"column":42}},{"start":{"line":115,"column":46},"end":{"line":115,"column":69}}],"line":115},"10":{"loc":{"start":{"line":129,"column":2},"end":{"line":131,"column":3}},"type":"if","locations":[{"start":{"line":129,"column":2},"end":{"line":131,"column":3}},{"start":{},"end":{}}],"line":129},"11":{"loc":{"start":{"line":134,"column":23},"end":{"line":134,"column":44}},"type":"binary-expr","locations":[{"start":{"line":134,"column":23},"end":{"line":134,"column":31}},{"start":{"line":134,"column":35},"end":{"line":134,"column":44}}],"line":134},"12":{"loc":{"start":{"line":135,"column":20},"end":{"line":135,"column":39}},"type":"binary-expr","locations":[{"start":{"line":135,"column":20},"end":{"line":135,"column":25}},{"start":{"line":135,"column":29},"end":{"line":135,"column":39}}],"line":135},"13":{"loc":{"start":{"line":138,"column":2},"end":{"line":147,"column":3}},"type":"if","locations":[{"start":{"line":138,"column":2},"end":{"line":147,"column":3}},{"start":{},"end":{}}],"line":138},"14":{"loc":{"start":{"line":138,"column":6},"end":{"line":138,"column":54}},"type":"binary-expr","locations":[{"start":{"line":138,"column":6},"end":{"line":138,"column":15}},{"start":{"line":138,"column":19},"end":{"line":138,"column":25}},{"start":{"line":138,"column":29},"end":{"line":138,"column":54}}],"line":138},"15":{"loc":{"start":{"line":143,"column":5},"end":{"line":146,"column":6}},"type":"if","locations":[{"start":{"line":143,"column":5},"end":{"line":146,"column":6}},{"start":{},"end":{}}],"line":143},"16":{"loc":{"start":{"line":150,"column":14},"end":{"line":150,"column":38}},"type":"binary-expr","locations":[{"start":{"line":150,"column":14},"end":{"line":150,"column":28}},{"start":{"line":150,"column":32},"end":{"line":150,"column":38}}],"line":150},"17":{"loc":{"start":{"line":151,"column":11},"end":{"line":151,"column":38}},"type":"binary-expr","locations":[{"start":{"line":151,"column":11},"end":{"line":151,"column":22}},{"start":{"line":151,"column":26},"end":{"line":151,"column":38}}],"line":151},"18":{"loc":{"start":{"line":156,"column":15},"end":{"line":156,"column":33}},"type":"binary-expr","locations":[{"start":{"line":156,"column":15},"end":{"line":156,"column":24}},{"start":{"line":156,"column":28},"end":{"line":156,"column":33}}],"line":156},"19":{"loc":{"start":{"line":159,"column":2},"end":{"line":164,"column":3}},"type":"if","locations":[{"start":{"line":159,"column":2},"end":{"line":164,"column":3}},{"start":{},"end":{}}],"line":159},"20":{"loc":{"start":{"line":159,"column":6},"end":{"line":159,"column":65}},"type":"binary-expr","locations":[{"start":{"line":159,"column":6},"end":{"line":159,"column":15}},{"start":{"line":159,"column":19},"end":{"line":159,"column":34}},{"start":{"line":159,"column":38},"end":{"line":159,"column":65}}],"line":159},"21":{"loc":{"start":{"line":160,"column":4},"end":{"line":162,"column":5}},"type":"if","locations":[{"start":{"line":160,"column":4},"end":{"line":162,"column":5}},{"start":{},"end":{}}],"line":160},"22":{"loc":{"start":{"line":166,"column":2},"end":{"line":166,"column":43}},"type":"if","locations":[{"start":{"line":166,"column":2},"end":{"line":166,"column":43}},{"start":{},"end":{}}],"line":166}},"s":{"0":1,"1":1,"2":1,"3":1,"4":3,"5":1,"6":2,"7":2,"8":2,"9":1,"10":1,"11":1,"12":1,"13":1,"14":3,"15":3,"16":3,"17":1,"18":2,"19":2,"20":1,"21":1,"22":1,"23":1,"24":1,"25":1,"26":2,"27":1,"28":1,"29":1,"30":1,"31":1,"32":0,"33":0,"34":0,"35":0,"36":0,"37":0,"38":0,"39":0,"40":0,"41":0,"42":0,"43":0,"44":0,"45":0,"46":0,"47":0,"48":0,"49":0,"50":0,"51":0,"52":0,"53":0,"54":0,"55":0,"56":0,"57":0,"58":1},"f":{"0":3,"1":2,"2":3,"3":1,"4":2,"5":0,"6":0},"b":{"0":[3,0],"1":[3,0],"2":[3,3],"3":[1,1],"4":[1,0],"5":[1,2],"6":[3,3],"7":[1,1],"8":[1,1],"9":[1,1],"10":[0,0],"11":[0,0],"12":[0,0],"13":[0,0],"14":[0,0,0],"15":[0,0],"16":[0,0],"17":[0,0],"18":[0,0],"19":[0,0],"20":[0,0,0],"21":[0,0],"22":[0,0]},"_coverageSchema":"1a1c01bbd47fc00a2c39e90264f33305004495a9","hash":"d156218ed6aeaf9e81957afd51a54ad5cdc7197e"}
,"C:\\Users\\mehak\\OneDrive\\Desktop\\MerchStore\\server\\controllers\\cartController.js": {"path":"C:\\Users\\mehak\\OneDrive\\Desktop\\MerchStore\\server\\controllers\\cartController.js","statementMap":{"0":{"start":{"line":4,"column":16},"end":{"line":4,"column":41}},"1":{"start":{"line":5,"column":16},"end":{"line":5,"column":44}},"2":{"start":{"line":6,"column":25},"end":{"line":6,"column":62}},"3":{"start":{"line":14,"column":22},"end":{"line":41,"column":1}},"4":{"start":{"line":15,"column":18},"end":{"line":15,"column":81}},"5":{"start":{"line":17,"column":2},"end":{"line":21,"column":3}},"6":{"start":{"line":18,"column":16},"end":{"line":18,"column":72}},"7":{"start":{"line":19,"column":4},"end":{"line":19,"column":25}},"8":{"start":{"line":20,"column":4},"end":{"line":20,"column":14}},"9":{"start":{"line":23,"column":20},"end":{"line":23,"column":60}},"10":{"start":{"line":23,"column":44},"end":{"line":23,"column":59}},"11":{"start":{"line":25,"column":2},"end":{"line":29,"column":3}},"12":{"start":{"line":26,"column":16},"end":{"line":26,"column":82}},"13":{"start":{"line":27,"column":4},"end":{"line":27,"column":25}},"14":{"start":{"line":28,"column":4},"end":{"line":28,"column":14}},"15":{"start":{"line":31,"column":2},"end":{"line":38,"column":3}},"16":{"start":{"line":32,"column":16},"end":{"line":35,"column":5}},"17":{"start":{"line":36,"column":4},"end":{"line":36,"column":25}},"18":{"start":{"line":37,"column":4},"end":{"line":37,"column":14}},"19":{"start":{"line":40,"column":2},"end":{"line":40,"column":17}},"20":{"start":{"line":44,"column":16},"end":{"line":92,"column":2}},"21":{"start":{"line":45,"column":15},"end":{"line":48,"column":4}},"22":{"start":{"line":50,"column":2},"end":{"line":55,"column":3}},"23":{"start":{"line":51,"column":4},"end":{"line":54,"column":7}},"24":{"start":{"line":58,"column":24},"end":{"line":58,"column":26}},"25":{"start":{"line":59,"column":17},"end":{"line":59,"column":18}},"26":{"start":{"line":61,"column":2},"end":{"line":82,"column":3}},"27":{"start":{"line":62,"column":20},"end":{"line":62,"column":34}},"28":{"start":{"line":64,"column":4},"end":{"line":64,"column":48}},"29":{"start":{"line":64,"column":39},"end":{"line":64,"column":48}},"30":{"start":{"line":66,"column":22},"end":{"line":66,"column":67}},"31":{"start":{"line":66,"column":46},"end":{"line":66,"column":66}},"32":{"start":{"line":67,"column":22},"end":{"line":67,"column":46}},"33":{"start":{"line":68,"column":4},"end":{"line":68,"column":26}},"34":{"start":{"line":70,"column":4},"end":{"line":81,"column":7}},"35":{"start":{"line":84,"column":2},"end":{"line":91,"column":5}},"36":{"start":{"line":88,"column":48},"end":{"line":88,"column":57}},"37":{"start":{"line":95,"column":18},"end":{"line":128,"column":2}},"38":{"start":{"line":96,"column":35},"end":{"line":96,"column":43}},"39":{"start":{"line":99,"column":2},"end":{"line":99,"column":44}},"40":{"start":{"line":101,"column":13},"end":{"line":101,"column":57}},"41":{"start":{"line":103,"column":2},"end":{"line":105,"column":3}},"42":{"start":{"line":104,"column":4},"end":{"line":104,"column":57}},"43":{"start":{"line":108,"column":22},"end":{"line":110,"column":3}},"44":{"start":{"line":109,"column":9},"end":{"line":109,"column":64}},"45":{"start":{"line":112,"column":2},"end":{"line":119,"column":3}},"46":{"start":{"line":114,"column":19},"end":{"line":114,"column":52}},"47":{"start":{"line":115,"column":4},"end":{"line":115,"column":49}},"48":{"start":{"line":116,"column":4},"end":{"line":116,"column":41}},"49":{"start":{"line":118,"column":4},"end":{"line":118,"column":46}},"50":{"start":{"line":121,"column":2},"end":{"line":121,"column":20}},"51":{"start":{"line":123,"column":2},"end":{"line":127,"column":5}},"52":{"start":{"line":126,"column":54},"end":{"line":126,"column":63}},"53":{"start":{"line":131,"column":19},"end":{"line":169,"column":2}},"54":{"start":{"line":132,"column":35},"end":{"line":132,"column":43}},"55":{"start":{"line":134,"column":15},"end":{"line":134,"column":59}},"56":{"start":{"line":136,"column":2},"end":{"line":140,"column":3}},"57":{"start":{"line":137,"column":16},"end":{"line":137,"column":43}},"58":{"start":{"line":138,"column":4},"end":{"line":138,"column":25}},"59":{"start":{"line":139,"column":4},"end":{"line":139,"column":14}},"60":{"start":{"line":143,"column":18},"end":{"line":145,"column":3}},"61":{"start":{"line":144,"column":9},"end":{"line":144,"column":45}},"62":{"start":{"line":147,"column":2},"end":{"line":151,"column":3}},"63":{"start":{"line":148,"column":16},"end":{"line":148,"column":51}},"64":{"start":{"line":149,"column":4},"end":{"line":149,"column":25}},"65":{"start":{"line":150,"column":4},"end":{"line":150,"column":14}},"66":{"start":{"line":153,"column":21},"end":{"line":153,"column":53}},"67":{"start":{"line":154,"column":21},"end":{"line":154,"column":52}},"68":{"start":{"line":157,"column":2},"end":{"line":157,"column":56}},"69":{"start":{"line":159,"column":2},"end":{"line":159,"column":40}},"70":{"start":{"line":160,"column":2},"end":{"line":160,"column":39}},"71":{"start":{"line":162,"column":2},"end":{"line":162,"column":20}},"72":{"start":{"line":164,"column":2},"end":{"line":168,"column":5}},"73":{"start":{"line":167,"column":54},"end":{"line":167,"column":63}},"74":{"start":{"line":172,"column":23},"end":{"line":205,"column":2}},"75":{"start":{"line":173,"column":24},"end":{"line":173,"column":34}},"76":{"start":{"line":174,"column":24},"end":{"line":174,"column":33}},"77":{"start":{"line":176,"column":15},"end":{"line":176,"column":59}},"78":{"start":{"line":178,"column":2},"end":{"line":182,"column":3}},"79":{"start":{"line":179,"column":16},"end":{"line":179,"column":43}},"80":{"start":{"line":180,"column":4},"end":{"line":180,"column":25}},"81":{"start":{"line":181,"column":4},"end":{"line":181,"column":14}},"82":{"start":{"line":184,"column":17},"end":{"line":184,"column":34}},"83":{"start":{"line":186,"column":2},"end":{"line":190,"column":5}},"84":{"start":{"line":187,"column":4},"end":{"line":187,"column":61}},"85":{"start":{"line":187,"column":49},"end":{"line":187,"column":61}},"86":{"start":{"line":188,"column":4},"end":{"line":188,"column":62}},"87":{"start":{"line":188,"column":50},"end":{"line":188,"column":62}},"88":{"start":{"line":189,"column":4},"end":{"line":189,"column":17}},"89":{"start":{"line":192,"column":2},"end":{"line":196,"column":3}},"90":{"start":{"line":193,"column":16},"end":{"line":193,"column":51}},"91":{"start":{"line":194,"column":4},"end":{"line":194,"column":25}},"92":{"start":{"line":195,"column":4},"end":{"line":195,"column":14}},"93":{"start":{"line":198,"column":2},"end":{"line":198,"column":20}},"94":{"start":{"line":200,"column":2},"end":{"line":204,"column":5}},"95":{"start":{"line":203,"column":54},"end":{"line":203,"column":63}},"96":{"start":{"line":208,"column":18},"end":{"line":219,"column":2}},"97":{"start":{"line":209,"column":2},"end":{"line":213,"column":4}},"98":{"start":{"line":215,"column":2},"end":{"line":218,"column":5}},"99":{"start":{"line":225,"column":26},"end":{"line":230,"column":1}},"100":{"start":{"line":226,"column":2},"end":{"line":229,"column":4}},"101":{"start":{"line":232,"column":0},"end":{"line":239,"column":2}}},"fnMap":{"0":{"name":"(anonymous_0)","decl":{"start":{"line":14,"column":22},"end":{"line":14,"column":23}},"loc":{"start":{"line":14,"column":54},"end":{"line":41,"column":1}},"line":14},"1":{"name":"(anonymous_1)","decl":{"start":{"line":23,"column":39},"end":{"line":23,"column":40}},"loc":{"start":{"line":23,"column":44},"end":{"line":23,"column":59}},"line":23},"2":{"name":"(anonymous_2)","decl":{"start":{"line":44,"column":29},"end":{"line":44,"column":30}},"loc":{"start":{"line":44,"column":49},"end":{"line":92,"column":1}},"line":44},"3":{"name":"(anonymous_3)","decl":{"start":{"line":66,"column":41},"end":{"line":66,"column":42}},"loc":{"start":{"line":66,"column":46},"end":{"line":66,"column":66}},"line":66},"4":{"name":"(anonymous_4)","decl":{"start":{"line":88,"column":38},"end":{"line":88,"column":39}},"loc":{"start":{"line":88,"column":48},"end":{"line":88,"column":57}},"line":88},"5":{"name":"(anonymous_5)","decl":{"start":{"line":95,"column":31},"end":{"line":95,"column":32}},"loc":{"start":{"line":95,"column":51},"end":{"line":128,"column":1}},"line":95},"6":{"name":"(anonymous_6)","decl":{"start":{"line":109,"column":4},"end":{"line":109,"column":5}},"loc":{"start":{"line":109,"column":9},"end":{"line":109,"column":64}},"line":109},"7":{"name":"(anonymous_7)","decl":{"start":{"line":126,"column":44},"end":{"line":126,"column":45}},"loc":{"start":{"line":126,"column":54},"end":{"line":126,"column":63}},"line":126},"8":{"name":"(anonymous_8)","decl":{"start":{"line":131,"column":32},"end":{"line":131,"column":33}},"loc":{"start":{"line":131,"column":52},"end":{"line":169,"column":1}},"line":131},"9":{"name":"(anonymous_9)","decl":{"start":{"line":144,"column":4},"end":{"line":144,"column":5}},"loc":{"start":{"line":144,"column":9},"end":{"line":144,"column":45}},"line":144},"10":{"name":"(anonymous_10)","decl":{"start":{"line":167,"column":44},"end":{"line":167,"column":45}},"loc":{"start":{"line":167,"column":54},"end":{"line":167,"column":63}},"line":167},"11":{"name":"(anonymous_11)","decl":{"start":{"line":172,"column":36},"end":{"line":172,"column":37}},"loc":{"start":{"line":172,"column":56},"end":{"line":205,"column":1}},"line":172},"12":{"name":"(anonymous_12)","decl":{"start":{"line":186,"column":33},"end":{"line":186,"column":34}},"loc":{"start":{"line":186,"column":41},"end":{"line":190,"column":3}},"line":186},"13":{"name":"(anonymous_13)","decl":{"start":{"line":203,"column":44},"end":{"line":203,"column":45}},"loc":{"start":{"line":203,"column":54},"end":{"line":203,"column":63}},"line":203},"14":{"name":"(anonymous_14)","decl":{"start":{"line":208,"column":31},"end":{"line":208,"column":32}},"loc":{"start":{"line":208,"column":51},"end":{"line":219,"column":1}},"line":208},"15":{"name":"(anonymous_15)","decl":{"start":{"line":225,"column":26},"end":{"line":225,"column":27}},"loc":{"start":{"line":225,"column":44},"end":{"line":230,"column":1}},"line":225}},"branchMap":{"0":{"loc":{"start":{"line":17,"column":2},"end":{"line":21,"column":3}},"type":"if","locations":[{"start":{"line":17,"column":2},"end":{"line":21,"column":3}},{"start":{},"end":{}}],"line":17},"1":{"loc":{"start":{"line":17,"column":6},"end":{"line":17,"column":35}},"type":"binary-expr","locations":[{"start":{"line":17,"column":6},"end":{"line":17,"column":14}},{"start":{"line":17,"column":18},"end":{"line":17,"column":35}}],"line":17},"2":{"loc":{"start":{"line":25,"column":2},"end":{"line":29,"column":3}},"type":"if","locations":[{"start":{"line":25,"column":2},"end":{"line":29,"column":3}},{"start":{},"end":{}}],"line":25},"3":{"loc":{"start":{"line":31,"column":2},"end":{"line":38,"column":3}},"type":"if","locations":[{"start":{"line":31,"column":2},"end":{"line":38,"column":3}},{"start":{},"end":{}}],"line":31},"4":{"loc":{"start":{"line":50,"column":2},"end":{"line":55,"column":3}},"type":"if","locations":[{"start":{"line":50,"column":2},"end":{"line":55,"column":3}},{"start":{},"end":{}}],"line":50},"5":{"loc":{"start":{"line":50,"column":6},"end":{"line":50,"column":38}},"type":"binary-expr","locations":[{"start":{"line":50,"column":6},"end":{"line":50,"column":11}},{"start":{"line":50,"column":15},"end":{"line":50,"column":38}}],"line":50},"6":{"loc":{"start":{"line":64,"column":4},"end":{"line":64,"column":48}},"type":"if","locations":[{"start":{"line":64,"column":4},"end":{"line":64,"column":48}},{"start":{},"end":{}}],"line":64},"7":{"loc":{"start":{"line":64,"column":8},"end":{"line":64,"column":37}},"type":"binary-expr","locations":[{"start":{"line":64,"column":8},"end":{"line":64,"column":16}},{"start":{"line":64,"column":20},"end":{"line":64,"column":37}}],"line":64},"8":{"loc":{"start":{"line":75,"column":19},"end":{"line":75,"column":44}},"type":"binary-expr","locations":[{"start":{"line":75,"column":19},"end":{"line":75,"column":38}},{"start":{"line":75,"column":42},"end":{"line":75,"column":44}}],"line":75},"9":{"loc":{"start":{"line":78,"column":19},"end":{"line":78,"column":40}},"type":"binary-expr","locations":[{"start":{"line":78,"column":19},"end":{"line":78,"column":35}},{"start":{"line":78,"column":39},"end":{"line":78,"column":40}}],"line":78},"10":{"loc":{"start":{"line":79,"column":20},"end":{"line":79,"column":41}},"type":"binary-expr","locations":[{"start":{"line":79,"column":20},"end":{"line":79,"column":36}},{"start":{"line":79,"column":40},"end":{"line":79,"column":41}}],"line":79},"11":{"loc":{"start":{"line":103,"column":2},"end":{"line":105,"column":3}},"type":"if","locations":[{"start":{"line":103,"column":2},"end":{"line":105,"column":3}},{"start":{},"end":{}}],"line":103},"12":{"loc":{"start":{"line":109,"column":9},"end":{"line":109,"column":64}},"type":"binary-expr","locations":[{"start":{"line":109,"column":9},"end":{"line":109,"column":45}},{"start":{"line":109,"column":49},"end":{"line":109,"column":64}}],"line":109},"13":{"loc":{"start":{"line":112,"column":2},"end":{"line":119,"column":3}},"type":"if","locations":[{"start":{"line":112,"column":2},"end":{"line":119,"column":3}},{"start":{"line":117,"column":9},"end":{"line":119,"column":3}}],"line":112},"14":{"loc":{"start":{"line":136,"column":2},"end":{"line":140,"column":3}},"type":"if","locations":[{"start":{"line":136,"column":2},"end":{"line":140,"column":3}},{"start":{},"end":{}}],"line":136},"15":{"loc":{"start":{"line":147,"column":2},"end":{"line":151,"column":3}},"type":"if","locations":[{"start":{"line":147,"column":2},"end":{"line":151,"column":3}},{"start":{},"end":{}}],"line":147},"16":{"loc":{"start":{"line":153,"column":21},"end":{"line":153,"column":53}},"type":"binary-expr","locations":[{"start":{"line":153,"column":21},"end":{"line":153,"column":25}},{"start":{"line":153,"column":29},"end":{"line":153,"column":53}}],"line":153},"17":{"loc":{"start":{"line":154,"column":21},"end":{"line":154,"column":52}},"type":"binary-expr","locations":[{"start":{"line":154,"column":21},"end":{"line":154,"column":24}},{"start":{"line":154,"column":29},"end":{"line":154,"column":52}}],"line":154},"18":{"loc":{"start":{"line":178,"column":2},"end":{"line":182,"column":3}},"type":"if","locations":[{"start":{"line":178,"column":2},"end":{"line":182,"column":3}},{"start":{},"end":{}}],"line":178},"19":{"loc":{"start":{"line":187,"column":4},"end":{"line":187,"column":61}},"type":"if","locations":[{"start":{"line":187,"column":4},"end":{"line":187,"column":61}},{"start":{},"end":{}}],"line":187},"20":{"loc":{"start":{"line":188,"column":4},"end":{"line":188,"column":62}},"type":"if","locations":[{"start":{"line":188,"column":4},"end":{"line":188,"column":62}},{"start":{},"end":{}}],"line":188},"21":{"loc":{"start":{"line":188,"column":8},"end":{"line":188,"column":34}},"type":"binary-expr","locations":[{"start":{"line":188,"column":8},"end":{"line":188,"column":12}},{"start":{"line":188,"column":16},"end":{"line":188,"column":34}}],"line":188},"22":{"loc":{"start":{"line":192,"column":2},"end":{"line":196,"column":3}},"type":"if","locations":[{"start":{"line":192,"column":2},"end":{"line":196,"column":3}},{"start":{},"end":{}}],"line":192}},"s":{"0":1,"1":1,"2":1,"3":1,"4":4,"5":4,"6":1,"7":1,"8":1,"9":3,"10":3,"11":3,"12":1,"13":1,"14":1,"15":2,"16":1,"17":1,"18":1,"19":1,"20":1,"21":3,"22":3,"23":1,"24":2,"25":2,"26":2,"27":2,"28":2,"29":1,"30":1,"31":1,"32":1,"33":1,"34":1,"35":2,"36":1,"37":1,"38":4,"39":4,"40":1,"41":1,"42":1,"43":1,"44":0,"45":1,"46":0,"47":0,"48":0,"49":1,"50":1,"51":1,"52":1,"53":1,"54":0,"55":0,"56":0,"57":0,"58":0,"59":0,"60":0,"61":0,"62":0,"63":0,"64":0,"65":0,"66":0,"67":0,"68":0,"69":0,"70":0,"71":0,"72":0,"73":0,"74":1,"75":0,"76":0,"77":0,"78":0,"79":0,"80":0,"81":0,"82":0,"83":0,"84":0,"85":0,"86":0,"87":0,"88":0,"89":0,"90":0,"91":0,"92":0,"93":0,"94":0,"95":0,"96":1,"97":1,"98":1,"99":1,"100":1,"101":1},"f":{"0":4,"1":3,"2":3,"3":1,"4":1,"5":4,"6":0,"7":1,"8":0,"9":0,"10":0,"11":0,"12":0,"13":0,"14":1,"15":1},"b":{"0":[1,3],"1":[4,3],"2":[1,2],"3":[1,1],"4":[1,2],"5":[3,2],"6":[1,1],"7":[2,2],"8":[1,0],"9":[1,0],"10":[1,0],"11":[1,0],"12":[0,0],"13":[0,1],"14":[0,0],"15":[0,0],"16":[0,0],"17":[0,0],"18":[0,0],"19":[0,0],"20":[0,0],"21":[0,0],"22":[0,0]},"_coverageSchema":"1a1c01bbd47fc00a2c39e90264f33305004495a9","hash":"7fa75c0fd9c281dd0446d978fdf688e8a9b99820"}
,"C:\\Users\\mehak\\OneDrive\\Desktop\\MerchStore\\server\\controllers\\couponController.js": {"path":"C:\\Users\\mehak\\OneDrive\\Desktop\\MerchStore\\server\\controllers\\couponController.js","statementMap":{"0":{"start":{"line":4,"column":15},"end":{"line":4,"column":42}},"1":{"start":{"line":5,"column":25},"end":{"line":5,"column":62}},"2":{"start":{"line":12,"column":23},"end":{"line":84,"column":2}},"3":{"start":{"line":13,"column":30},"end":{"line":13,"column":38}},"4":{"start":{"line":15,"column":2},"end":{"line":17,"column":3}},"5":{"start":{"line":16,"column":4},"end":{"line":16,"column":88}},"6":{"start":{"line":19,"column":17},"end":{"line":22,"column":4}},"7":{"start":{"line":26,"column":2},"end":{"line":28,"column":3}},"8":{"start":{"line":27,"column":4},"end":{"line":27,"column":84}},"9":{"start":{"line":30,"column":2},"end":{"line":36,"column":3}},"10":{"start":{"line":31,"column":4},"end":{"line":35,"column":7}},"11":{"start":{"line":38,"column":2},"end":{"line":44,"column":3}},"12":{"start":{"line":39,"column":4},"end":{"line":43,"column":7}},"13":{"start":{"line":46,"column":2},"end":{"line":53,"column":3}},"14":{"start":{"line":47,"column":4},"end":{"line":52,"column":7}},"15":{"start":{"line":56,"column":23},"end":{"line":56,"column":24}},"16":{"start":{"line":58,"column":2},"end":{"line":63,"column":3}},"17":{"start":{"line":59,"column":4},"end":{"line":59,"column":85}},"18":{"start":{"line":60,"column":4},"end":{"line":62,"column":5}},"19":{"start":{"line":61,"column":6},"end":{"line":61,"column":45}},"20":{"start":{"line":65,"column":24},"end":{"line":65,"column":60}},"21":{"start":{"line":66,"column":24},"end":{"line":66,"column":63}},"22":{"start":{"line":67,"column":24},"end":{"line":67,"column":70}},"23":{"start":{"line":69,"column":2},"end":{"line":83,"column":5}},"24":{"start":{"line":89,"column":20},"end":{"line":108,"column":2}},"25":{"start":{"line":90,"column":45},"end":{"line":90,"column":54}},"26":{"start":{"line":91,"column":19},"end":{"line":91,"column":42}},"27":{"start":{"line":92,"column":19},"end":{"line":92,"column":59}},"28":{"start":{"line":93,"column":19},"end":{"line":93,"column":43}},"29":{"start":{"line":95,"column":17},"end":{"line":95,"column":19}},"30":{"start":{"line":96,"column":2},"end":{"line":96,"column":68}},"31":{"start":{"line":96,"column":30},"end":{"line":96,"column":68}},"32":{"start":{"line":98,"column":27},"end":{"line":101,"column":4}},"33":{"start":{"line":103,"column":2},"end":{"line":107,"column":5}},"34":{"start":{"line":113,"column":21},"end":{"line":133,"column":2}},"35":{"start":{"line":114,"column":97},"end":{"line":114,"column":105}},"36":{"start":{"line":116,"column":19},"end":{"line":116,"column":69}},"37":{"start":{"line":117,"column":2},"end":{"line":119,"column":3}},"38":{"start":{"line":118,"column":4},"end":{"line":118,"column":91}},"39":{"start":{"line":121,"column":17},"end":{"line":130,"column":4}},"40":{"start":{"line":132,"column":2},"end":{"line":132,"column":83}},"41":{"start":{"line":138,"column":21},"end":{"line":151,"column":2}},"42":{"start":{"line":139,"column":17},"end":{"line":139,"column":53}},"43":{"start":{"line":140,"column":2},"end":{"line":142,"column":3}},"44":{"start":{"line":141,"column":4},"end":{"line":141,"column":81}},"45":{"start":{"line":143,"column":2},"end":{"line":143,"column":37}},"46":{"start":{"line":144,"column":2},"end":{"line":144,"column":22}},"47":{"start":{"line":146,"column":2},"end":{"line":150,"column":5}},"48":{"start":{"line":153,"column":0},"end":{"line":153,"column":77}}},"fnMap":{"0":{"name":"(anonymous_0)","decl":{"start":{"line":12,"column":36},"end":{"line":12,"column":37}},"loc":{"start":{"line":12,"column":56},"end":{"line":84,"column":1}},"line":12},"1":{"name":"(anonymous_1)","decl":{"start":{"line":89,"column":33},"end":{"line":89,"column":34}},"loc":{"start":{"line":89,"column":53},"end":{"line":108,"column":1}},"line":89},"2":{"name":"(anonymous_2)","decl":{"start":{"line":113,"column":34},"end":{"line":113,"column":35}},"loc":{"start":{"line":113,"column":54},"end":{"line":133,"column":1}},"line":113},"3":{"name":"(anonymous_3)","decl":{"start":{"line":138,"column":34},"end":{"line":138,"column":35}},"loc":{"start":{"line":138,"column":54},"end":{"line":151,"column":1}},"line":138}},"branchMap":{"0":{"loc":{"start":{"line":15,"column":2},"end":{"line":17,"column":3}},"type":"if","locations":[{"start":{"line":15,"column":2},"end":{"line":17,"column":3}},{"start":{},"end":{}}],"line":15},"1":{"loc":{"start":{"line":15,"column":6},"end":{"line":15,"column":39}},"type":"binary-expr","locations":[{"start":{"line":15,"column":6},"end":{"line":15,"column":11}},{"start":{"line":15,"column":15},"end":{"line":15,"column":39}}],"line":15},"2":{"loc":{"start":{"line":26,"column":2},"end":{"line":28,"column":3}},"type":"if","locations":[{"start":{"line":26,"column":2},"end":{"line":28,"column":3}},{"start":{},"end":{}}],"line":26},"3":{"loc":{"start":{"line":30,"column":2},"end":{"line":36,"column":3}},"type":"if","locations":[{"start":{"line":30,"column":2},"end":{"line":36,"column":3}},{"start":{},"end":{}}],"line":30},"4":{"loc":{"start":{"line":38,"column":2},"end":{"line":44,"column":3}},"type":"if","locations":[{"start":{"line":38,"column":2},"end":{"line":44,"column":3}},{"start":{},"end":{}}],"line":38},"5":{"loc":{"start":{"line":46,"column":2},"end":{"line":53,"column":3}},"type":"if","locations":[{"start":{"line":46,"column":2},"end":{"line":53,"column":3}},{"start":{},"end":{}}],"line":46},"6":{"loc":{"start":{"line":46,"column":6},"end":{"line":46,"column":63}},"type":"binary-expr","locations":[{"start":{"line":46,"column":6},"end":{"line":46,"column":29}},{"start":{"line":46,"column":33},"end":{"line":46,"column":63}}],"line":46},"7":{"loc":{"start":{"line":58,"column":2},"end":{"line":63,"column":3}},"type":"if","locations":[{"start":{"line":58,"column":2},"end":{"line":63,"column":3}},{"start":{},"end":{}}],"line":58},"8":{"loc":{"start":{"line":60,"column":4},"end":{"line":62,"column":5}},"type":"if","locations":[{"start":{"line":60,"column":4},"end":{"line":62,"column":5}},{"start":{},"end":{}}],"line":60},"9":{"loc":{"start":{"line":60,"column":8},"end":{"line":60,"column":71}},"type":"binary-expr","locations":[{"start":{"line":60,"column":8},"end":{"line":60,"column":29}},{"start":{"line":60,"column":33},"end":{"line":60,"column":71}}],"line":60},"10":{"loc":{"start":{"line":80,"column":23},"end":{"line":80,"column":60}},"type":"cond-expr","locations":[{"start":{"line":80,"column":43},"end":{"line":80,"column":56}},{"start":{"line":80,"column":59},"end":{"line":80,"column":60}}],"line":80},"11":{"loc":{"start":{"line":90,"column":10},"end":{"line":90,"column":18}},"type":"default-arg","locations":[{"start":{"line":90,"column":17},"end":{"line":90,"column":18}}],"line":90},"12":{"loc":{"start":{"line":90,"column":20},"end":{"line":90,"column":30}},"type":"default-arg","locations":[{"start":{"line":90,"column":28},"end":{"line":90,"column":30}}],"line":90},"13":{"loc":{"start":{"line":91,"column":19},"end":{"line":91,"column":42}},"type":"binary-expr","locations":[{"start":{"line":91,"column":19},"end":{"line":91,"column":37}},{"start":{"line":91,"column":41},"end":{"line":91,"column":42}}],"line":91},"14":{"loc":{"start":{"line":92,"column":28},"end":{"line":92,"column":53}},"type":"binary-expr","locations":[{"start":{"line":92,"column":28},"end":{"line":92,"column":47}},{"start":{"line":92,"column":51},"end":{"line":92,"column":53}}],"line":92},"15":{"loc":{"start":{"line":96,"column":2},"end":{"line":96,"column":68}},"type":"if","locations":[{"start":{"line":96,"column":2},"end":{"line":96,"column":68}},{"start":{},"end":{}}],"line":96},"16":{"loc":{"start":{"line":117,"column":2},"end":{"line":119,"column":3}},"type":"if","locations":[{"start":{"line":117,"column":2},"end":{"line":119,"column":3}},{"start":{},"end":{}}],"line":117},"17":{"loc":{"start":{"line":125,"column":19},"end":{"line":125,"column":36}},"type":"binary-expr","locations":[{"start":{"line":125,"column":19},"end":{"line":125,"column":29}},{"start":{"line":125,"column":33},"end":{"line":125,"column":36}}],"line":125},"18":{"loc":{"start":{"line":126,"column":19},"end":{"line":126,"column":35}},"type":"binary-expr","locations":[{"start":{"line":126,"column":19},"end":{"line":126,"column":30}},{"start":{"line":126,"column":34},"end":{"line":126,"column":35}}],"line":126},"19":{"loc":{"start":{"line":127,"column":20},"end":{"line":127,"column":42}},"type":"binary-expr","locations":[{"start":{"line":127,"column":20},"end":{"line":127,"column":34}},{"start":{"line":127,"column":38},"end":{"line":127,"column":42}}],"line":127},"20":{"loc":{"start":{"line":128,"column":19},"end":{"line":128,"column":36}},"type":"binary-expr","locations":[{"start":{"line":128,"column":19},"end":{"line":128,"column":30}},{"start":{"line":128,"column":34},"end":{"line":128,"column":36}}],"line":128},"21":{"loc":{"start":{"line":140,"column":2},"end":{"line":142,"column":3}},"type":"if","locations":[{"start":{"line":140,"column":2},"end":{"line":142,"column":3}},{"start":{},"end":{}}],"line":140},"22":{"loc":{"start":{"line":148,"column":23},"end":{"line":148,"column":68}},"type":"cond-expr","locations":[{"start":{"line":148,"column":41},"end":{"line":148,"column":52}},{"start":{"line":148,"column":55},"end":{"line":148,"column":68}}],"line":148}},"s":{"0":1,"1":1,"2":1,"3":6,"4":6,"5":0,"6":6,"7":6,"8":1,"9":5,"10":1,"11":4,"12":1,"13":3,"14":1,"15":2,"16":2,"17":2,"18":2,"19":1,"20":2,"21":2,"22":2,"23":2,"24":1,"25":0,"26":0,"27":0,"28":0,"29":0,"30":0,"31":0,"32":0,"33":0,"34":1,"35":0,"36":0,"37":0,"38":0,"39":0,"40":0,"41":1,"42":0,"43":0,"44":0,"45":0,"46":0,"47":0,"48":1},"f":{"0":6,"1":0,"2":0,"3":0},"b":{"0":[0,6],"1":[6,6],"2":[1,5],"3":[1,4],"4":[1,3],"5":[1,2],"6":[3,3],"7":[2,0],"8":[1,1],"9":[2,1],"10":[2,0],"11":[0],"12":[0],"13":[0,0],"14":[0,0],"15":[0,0],"16":[0,0],"17":[0,0],"18":[0,0],"19":[0,0],"20":[0,0],"21":[0,0],"22":[0,0]},"_coverageSchema":"1a1c01bbd47fc00a2c39e90264f33305004495a9","hash":"22674d39d8a8bfcaaeef52f61079115aa82fa41b"}
,"C:\\Users\\mehak\\OneDrive\\Desktop\\MerchStore\\server\\controllers\\orderController.js": {"path":"C:\\Users\\mehak\\OneDrive\\Desktop\\MerchStore\\server\\controllers\\orderController.js","statementMap":{"0":{"start":{"line":4,"column":17},"end":{"line":4,"column":36}},"1":{"start":{"line":5,"column":17},"end":{"line":5,"column":43}},"2":{"start":{"line":6,"column":17},"end":{"line":6,"column":42}},"3":{"start":{"line":7,"column":17},"end":{"line":7,"column":42}},"4":{"start":{"line":8,"column":17},"end":{"line":8,"column":44}},"5":{"start":{"line":9,"column":31},"end":{"line":9,"column":68}},"6":{"start":{"line":10,"column":31},"end":{"line":10,"column":58}},"7":{"start":{"line":11,"column":32},"end":{"line":11,"column":68}},"8":{"start":{"line":12,"column":51},"end":{"line":12,"column":90}},"9":{"start":{"line":13,"column":34},"end":{"line":13,"column":66}},"10":{"start":{"line":16,"column":28},"end":{"line":40,"column":1}},"11":{"start":{"line":17,"column":17},"end":{"line":17,"column":51}},"12":{"start":{"line":18,"column":14},"end":{"line":18,"column":46}},"13":{"start":{"line":19,"column":15},"end":{"line":19,"column":34}},"14":{"start":{"line":21,"column":2},"end":{"line":30,"column":3}},"15":{"start":{"line":22,"column":18},"end":{"line":22,"column":36}},"16":{"start":{"line":23,"column":26},"end":{"line":23,"column":37}},"17":{"start":{"line":24,"column":4},"end":{"line":24,"column":30}},"18":{"start":{"line":25,"column":27},"end":{"line":25,"column":67}},"19":{"start":{"line":26,"column":4},"end":{"line":29,"column":5}},"20":{"start":{"line":27,"column":6},"end":{"line":27,"column":35}},"21":{"start":{"line":28,"column":6},"end":{"line":28,"column":32}},"22":{"start":{"line":32,"column":2},"end":{"line":39,"column":4}},"23":{"start":{"line":42,"column":20},"end":{"line":292,"column":2}},"24":{"start":{"line":43,"column":60},"end":{"line":43,"column":68}},"25":{"start":{"line":44,"column":17},"end":{"line":44,"column":29}},"26":{"start":{"line":46,"column":24},"end":{"line":46,"column":31}},"27":{"start":{"line":48,"column":2},"end":{"line":60,"column":3}},"28":{"start":{"line":49,"column":17},"end":{"line":49,"column":75}},"29":{"start":{"line":50,"column":25},"end":{"line":50,"column":55}},"30":{"start":{"line":52,"column":4},"end":{"line":57,"column":5}},"31":{"start":{"line":53,"column":6},"end":{"line":56,"column":9}},"32":{"start":{"line":59,"column":4},"end":{"line":59,"column":62}},"33":{"start":{"line":62,"column":2},"end":{"line":67,"column":3}},"34":{"start":{"line":63,"column":4},"end":{"line":66,"column":7}},"35":{"start":{"line":70,"column":15},"end":{"line":73,"column":4}},"36":{"start":{"line":75,"column":2},"end":{"line":80,"column":3}},"37":{"start":{"line":76,"column":4},"end":{"line":79,"column":7}},"38":{"start":{"line":83,"column":21},"end":{"line":98,"column":4}},"39":{"start":{"line":84,"column":20},"end":{"line":84,"column":34}},"40":{"start":{"line":85,"column":4},"end":{"line":89,"column":5}},"41":{"start":{"line":86,"column":18},"end":{"line":86,"column":98}},"42":{"start":{"line":87,"column":6},"end":{"line":87,"column":27}},"43":{"start":{"line":88,"column":6},"end":{"line":88,"column":16}},"44":{"start":{"line":90,"column":4},"end":{"line":97,"column":6}},"45":{"start":{"line":101,"column":21},"end":{"line":103,"column":3}},"46":{"start":{"line":102,"column":25},"end":{"line":102,"column":77}},"47":{"start":{"line":105,"column":2},"end":{"line":111,"column":3}},"48":{"start":{"line":106,"column":4},"end":{"line":110,"column":7}},"49":{"start":{"line":114,"column":22},"end":{"line":116,"column":3}},"50":{"start":{"line":115,"column":34},"end":{"line":115,"column":55}},"51":{"start":{"line":119,"column":23},"end":{"line":119,"column":24}},"52":{"start":{"line":120,"column":23},"end":{"line":120,"column":27}},"53":{"start":{"line":122,"column":2},"end":{"line":146,"column":3}},"54":{"start":{"line":123,"column":19},"end":{"line":123,"column":91}},"55":{"start":{"line":125,"column":4},"end":{"line":127,"column":5}},"56":{"start":{"line":126,"column":6},"end":{"line":126,"column":86}},"57":{"start":{"line":128,"column":4},"end":{"line":130,"column":5}},"58":{"start":{"line":129,"column":6},"end":{"line":129,"column":85}},"59":{"start":{"line":131,"column":4},"end":{"line":133,"column":5}},"60":{"start":{"line":132,"column":6},"end":{"line":132,"column":93}},"61":{"start":{"line":134,"column":4},"end":{"line":139,"column":5}},"62":{"start":{"line":135,"column":6},"end":{"line":138,"column":9}},"63":{"start":{"line":141,"column":4},"end":{"line":141,"column":87}},"64":{"start":{"line":142,"column":4},"end":{"line":144,"column":5}},"65":{"start":{"line":143,"column":6},"end":{"line":143,"column":45}},"66":{"start":{"line":145,"column":4},"end":{"line":145,"column":27}},"67":{"start":{"line":148,"column":22},"end":{"line":148,"column":75}},"68":{"start":{"line":151,"column":25},"end":{"line":151,"column":56}},"69":{"start":{"line":154,"column":18},"end":{"line":154,"column":47}},"70":{"start":{"line":156,"column":2},"end":{"line":291,"column":3}},"71":{"start":{"line":157,"column":21},"end":{"line":157,"column":25}},"72":{"start":{"line":158,"column":29},"end":{"line":158,"column":33}},"73":{"start":{"line":160,"column":4},"end":{"line":241,"column":7}},"74":{"start":{"line":162,"column":6},"end":{"line":165,"column":8}},"75":{"start":{"line":163,"column":29},"end":{"line":163,"column":81}},"76":{"start":{"line":168,"column":24},"end":{"line":181,"column":7}},"77":{"start":{"line":184,"column":6},"end":{"line":208,"column":7}},"78":{"start":{"line":185,"column":50},"end":{"line":189,"column":9}},"79":{"start":{"line":191,"column":8},"end":{"line":191,"column":58}},"80":{"start":{"line":192,"column":8},"end":{"line":192,"column":42}},"81":{"start":{"line":194,"column":24},"end":{"line":194,"column":68}},"82":{"start":{"line":195,"column":8},"end":{"line":195,"column":27}},"83":{"start":{"line":198,"column":8},"end":{"line":204,"column":9}},"84":{"start":{"line":199,"column":10},"end":{"line":203,"column":12}},"85":{"start":{"line":207,"column":8},"end":{"line":207,"column":40}},"86":{"start":{"line":211,"column":6},"end":{"line":224,"column":7}},"87":{"start":{"line":212,"column":24},"end":{"line":212,"column":68}},"88":{"start":{"line":213,"column":8},"end":{"line":213,"column":27}},"89":{"start":{"line":215,"column":8},"end":{"line":221,"column":9}},"90":{"start":{"line":216,"column":10},"end":{"line":220,"column":12}},"91":{"start":{"line":223,"column":8},"end":{"line":223,"column":40}},"92":{"start":{"line":227,"column":6},"end":{"line":240,"column":7}},"93":{"start":{"line":228,"column":24},"end":{"line":228,"column":68}},"94":{"start":{"line":229,"column":8},"end":{"line":229,"column":27}},"95":{"start":{"line":231,"column":8},"end":{"line":237,"column":9}},"96":{"start":{"line":232,"column":10},"end":{"line":236,"column":12}},"97":{"start":{"line":239,"column":8},"end":{"line":239,"column":40}},"98":{"start":{"line":243,"column":4},"end":{"line":256,"column":5}},"99":{"start":{"line":244,"column":6},"end":{"line":255,"column":9}},"100":{"start":{"line":259,"column":4},"end":{"line":271,"column":5}},"101":{"start":{"line":260,"column":6},"end":{"line":270,"column":9}},"102":{"start":{"line":274,"column":4},"end":{"line":286,"column":5}},"103":{"start":{"line":275,"column":6},"end":{"line":285,"column":9}},"104":{"start":{"line":288,"column":4},"end":{"line":288,"column":14}},"105":{"start":{"line":290,"column":4},"end":{"line":290,"column":31}},"106":{"start":{"line":295,"column":22},"end":{"line":328,"column":2}},"107":{"start":{"line":296,"column":21},"end":{"line":296,"column":31}},"108":{"start":{"line":297,"column":16},"end":{"line":297,"column":50}},"109":{"start":{"line":298,"column":16},"end":{"line":298,"column":65}},"110":{"start":{"line":299,"column":16},"end":{"line":299,"column":34}},"111":{"start":{"line":302,"column":2},"end":{"line":304,"column":3}},"112":{"start":{"line":303,"column":4},"end":{"line":303,"column":74}},"113":{"start":{"line":306,"column":26},"end":{"line":314,"column":4}},"114":{"start":{"line":316,"column":2},"end":{"line":327,"column":5}},"115":{"start":{"line":331,"column":23},"end":{"line":349,"column":2}},"116":{"start":{"line":332,"column":16},"end":{"line":334,"column":11}},"117":{"start":{"line":336,"column":2},"end":{"line":338,"column":3}},"118":{"start":{"line":337,"column":4},"end":{"line":337,"column":80}},"119":{"start":{"line":341,"column":2},"end":{"line":346,"column":3}},"120":{"start":{"line":345,"column":4},"end":{"line":345,"column":74}},"121":{"start":{"line":348,"column":2},"end":{"line":348,"column":55}},"122":{"start":{"line":352,"column":23},"end":{"line":408,"column":2}},"123":{"start":{"line":358,"column":6},"end":{"line":358,"column":15}},"124":{"start":{"line":360,"column":19},"end":{"line":360,"column":43}},"125":{"start":{"line":361,"column":19},"end":{"line":361,"column":59}},"126":{"start":{"line":362,"column":19},"end":{"line":362,"column":43}},"127":{"start":{"line":364,"column":17},"end":{"line":364,"column":19}},"128":{"start":{"line":366,"column":2},"end":{"line":366,"column":44}},"129":{"start":{"line":366,"column":21},"end":{"line":366,"column":44}},"130":{"start":{"line":367,"column":2},"end":{"line":367,"column":58}},"131":{"start":{"line":367,"column":21},"end":{"line":367,"column":58}},"132":{"start":{"line":369,"column":2},"end":{"line":373,"column":3}},"133":{"start":{"line":370,"column":4},"end":{"line":370,"column":26}},"134":{"start":{"line":371,"column":4},"end":{"line":371,"column":63}},"135":{"start":{"line":371,"column":19},"end":{"line":371,"column":63}},"136":{"start":{"line":372,"column":4},"end":{"line":372,"column":97}},"137":{"start":{"line":372,"column":19},"end":{"line":372,"column":97}},"138":{"start":{"line":376,"column":14},"end":{"line":376,"column":32}},"139":{"start":{"line":378,"column":2},"end":{"line":384,"column":3}},"140":{"start":{"line":380,"column":4},"end":{"line":382,"column":5}},"141":{"start":{"line":381,"column":6},"end":{"line":381,"column":26}},"142":{"start":{"line":383,"column":4},"end":{"line":383,"column":31}},"143":{"start":{"line":386,"column":26},"end":{"line":394,"column":4}},"144":{"start":{"line":396,"column":2},"end":{"line":407,"column":5}},"145":{"start":{"line":411,"column":26},"end":{"line":456,"column":2}},"146":{"start":{"line":412,"column":32},"end":{"line":412,"column":40}},"147":{"start":{"line":413,"column":32},"end":{"line":413,"column":42}},"148":{"start":{"line":415,"column":16},"end":{"line":415,"column":73}},"149":{"start":{"line":417,"column":2},"end":{"line":419,"column":3}},"150":{"start":{"line":418,"column":4},"end":{"line":418,"column":80}},"151":{"start":{"line":422,"column":2},"end":{"line":427,"column":3}},"152":{"start":{"line":423,"column":4},"end":{"line":426,"column":7}},"153":{"start":{"line":429,"column":25},"end":{"line":429,"column":37}},"154":{"start":{"line":430,"column":2},"end":{"line":430,"column":24}},"155":{"start":{"line":431,"column":2},"end":{"line":436,"column":5}},"156":{"start":{"line":438,"column":2},"end":{"line":438,"column":21}},"157":{"start":{"line":441,"column":2},"end":{"line":445,"column":5}},"158":{"start":{"line":447,"column":2},"end":{"line":455,"column":5}},"159":{"start":{"line":458,"column":0},"end":{"line":464,"column":2}}},"fnMap":{"0":{"name":"(anonymous_0)","decl":{"start":{"line":16,"column":28},"end":{"line":16,"column":29}},"loc":{"start":{"line":16,"column":52},"end":{"line":40,"column":1}},"line":16},"1":{"name":"(anonymous_1)","decl":{"start":{"line":42,"column":33},"end":{"line":42,"column":34}},"loc":{"start":{"line":42,"column":53},"end":{"line":292,"column":1}},"line":42},"2":{"name":"(anonymous_2)","decl":{"start":{"line":83,"column":36},"end":{"line":83,"column":37}},"loc":{"start":{"line":83,"column":44},"end":{"line":98,"column":3}},"line":83},"3":{"name":"(anonymous_3)","decl":{"start":{"line":102,"column":19},"end":{"line":102,"column":20}},"loc":{"start":{"line":102,"column":25},"end":{"line":102,"column":77}},"line":102},"4":{"name":"(anonymous_4)","decl":{"start":{"line":115,"column":22},"end":{"line":115,"column":23}},"loc":{"start":{"line":115,"column":34},"end":{"line":115,"column":55}},"line":115},"5":{"name":"(anonymous_5)","decl":{"start":{"line":160,"column":34},"end":{"line":160,"column":35}},"loc":{"start":{"line":160,"column":46},"end":{"line":241,"column":5}},"line":160},"6":{"name":"(anonymous_6)","decl":{"start":{"line":163,"column":23},"end":{"line":163,"column":24}},"loc":{"start":{"line":163,"column":29},"end":{"line":163,"column":81}},"line":163},"7":{"name":"(anonymous_7)","decl":{"start":{"line":295,"column":35},"end":{"line":295,"column":36}},"loc":{"start":{"line":295,"column":55},"end":{"line":328,"column":1}},"line":295},"8":{"name":"(anonymous_8)","decl":{"start":{"line":331,"column":36},"end":{"line":331,"column":37}},"loc":{"start":{"line":331,"column":56},"end":{"line":349,"column":1}},"line":331},"9":{"name":"(anonymous_9)","decl":{"start":{"line":352,"column":36},"end":{"line":352,"column":37}},"loc":{"start":{"line":352,"column":56},"end":{"line":408,"column":1}},"line":352},"10":{"name":"(anonymous_10)","decl":{"start":{"line":411,"column":39},"end":{"line":411,"column":40}},"loc":{"start":{"line":411,"column":59},"end":{"line":456,"column":1}},"line":411}},"branchMap":{"0":{"loc":{"start":{"line":17,"column":17},"end":{"line":17,"column":51}},"type":"binary-expr","locations":[{"start":{"line":17,"column":17},"end":{"line":17,"column":38}},{"start":{"line":17,"column":42},"end":{"line":17,"column":51}}],"line":17},"1":{"loc":{"start":{"line":18,"column":14},"end":{"line":18,"column":46}},"type":"binary-expr","locations":[{"start":{"line":18,"column":14},"end":{"line":18,"column":32}},{"start":{"line":18,"column":36},"end":{"line":18,"column":46}}],"line":18},"2":{"loc":{"start":{"line":21,"column":2},"end":{"line":30,"column":3}},"type":"if","locations":[{"start":{"line":21,"column":2},"end":{"line":30,"column":3}},{"start":{},"end":{}}],"line":21},"3":{"loc":{"start":{"line":21,"column":6},"end":{"line":21,"column":58}},"type":"binary-expr","locations":[{"start":{"line":21,"column":6},"end":{"line":21,"column":28}},{"start":{"line":21,"column":32},"end":{"line":21,"column":58}}],"line":21},"4":{"loc":{"start":{"line":26,"column":4},"end":{"line":29,"column":5}},"type":"if","locations":[{"start":{"line":26,"column":4},"end":{"line":29,"column":5}},{"start":{},"end":{}}],"line":26},"5":{"loc":{"start":{"line":33,"column":14},"end":{"line":33,"column":49}},"type":"binary-expr","locations":[{"start":{"line":33,"column":14},"end":{"line":33,"column":22}},{"start":{"line":33,"column":26},"end":{"line":33,"column":35}},{"start":{"line":33,"column":39},"end":{"line":33,"column":49}}],"line":33},"6":{"loc":{"start":{"line":34,"column":14},"end":{"line":34,"column":35}},"type":"binary-expr","locations":[{"start":{"line":34,"column":14},"end":{"line":34,"column":19}},{"start":{"line":34,"column":23},"end":{"line":34,"column":35}}],"line":34},"7":{"loc":{"start":{"line":48,"column":2},"end":{"line":60,"column":3}},"type":"if","locations":[{"start":{"line":48,"column":2},"end":{"line":60,"column":3}},{"start":{},"end":{}}],"line":48},"8":{"loc":{"start":{"line":52,"column":4},"end":{"line":57,"column":5}},"type":"if","locations":[{"start":{"line":52,"column":4},"end":{"line":57,"column":5}},{"start":{},"end":{}}],"line":52},"9":{"loc":{"start":{"line":62,"column":2},"end":{"line":67,"column":3}},"type":"if","locations":[{"start":{"line":62,"column":2},"end":{"line":67,"column":3}},{"start":{},"end":{}}],"line":62},"10":{"loc":{"start":{"line":75,"column":2},"end":{"line":80,"column":3}},"type":"if","locations":[{"start":{"line":75,"column":2},"end":{"line":80,"column":3}},{"start":{},"end":{}}],"line":75},"11":{"loc":{"start":{"line":75,"column":6},"end":{"line":75,"column":38}},"type":"binary-expr","locations":[{"start":{"line":75,"column":6},"end":{"line":75,"column":11}},{"start":{"line":75,"column":15},"end":{"line":75,"column":38}}],"line":75},"12":{"loc":{"start":{"line":85,"column":4},"end":{"line":89,"column":5}},"type":"if","locations":[{"start":{"line":85,"column":4},"end":{"line":89,"column":5}},{"start":{},"end":{}}],"line":85},"13":{"loc":{"start":{"line":85,"column":8},"end":{"line":85,"column":37}},"type":"binary-expr","locations":[{"start":{"line":85,"column":8},"end":{"line":85,"column":16}},{"start":{"line":85,"column":20},"end":{"line":85,"column":37}}],"line":85},"14":{"loc":{"start":{"line":86,"column":40},"end":{"line":86,"column":71}},"type":"binary-expr","locations":[{"start":{"line":86,"column":40},"end":{"line":86,"column":53}},{"start":{"line":86,"column":57},"end":{"line":86,"column":71}}],"line":86},"15":{"loc":{"start":{"line":93,"column":17},"end":{"line":93,"column":42}},"type":"binary-expr","locations":[{"start":{"line":93,"column":17},"end":{"line":93,"column":36}},{"start":{"line":93,"column":40},"end":{"line":93,"column":42}}],"line":93},"16":{"loc":{"start":{"line":105,"column":2},"end":{"line":111,"column":3}},"type":"if","locations":[{"start":{"line":105,"column":2},"end":{"line":111,"column":3}},{"start":{},"end":{}}],"line":105},"17":{"loc":{"start":{"line":122,"column":2},"end":{"line":146,"column":3}},"type":"if","locations":[{"start":{"line":122,"column":2},"end":{"line":146,"column":3}},{"start":{},"end":{}}],"line":122},"18":{"loc":{"start":{"line":125,"column":4},"end":{"line":127,"column":5}},"type":"if","locations":[{"start":{"line":125,"column":4},"end":{"line":127,"column":5}},{"start":{},"end":{}}],"line":125},"19":{"loc":{"start":{"line":128,"column":4},"end":{"line":130,"column":5}},"type":"if","locations":[{"start":{"line":128,"column":4},"end":{"line":130,"column":5}},{"start":{},"end":{}}],"line":128},"20":{"loc":{"start":{"line":131,"column":4},"end":{"line":133,"column":5}},"type":"if","locations":[{"start":{"line":131,"column":4},"end":{"line":133,"column":5}},{"start":{},"end":{}}],"line":131},"21":{"loc":{"start":{"line":134,"column":4},"end":{"line":139,"column":5}},"type":"if","locations":[{"start":{"line":134,"column":4},"end":{"line":139,"column":5}},{"start":{},"end":{}}],"line":134},"22":{"loc":{"start":{"line":142,"column":4},"end":{"line":144,"column":5}},"type":"if","locations":[{"start":{"line":142,"column":4},"end":{"line":144,"column":5}},{"start":{},"end":{}}],"line":142},"23":{"loc":{"start":{"line":142,"column":8},"end":{"line":142,"column":71}},"type":"binary-expr","locations":[{"start":{"line":142,"column":8},"end":{"line":142,"column":29}},{"start":{"line":142,"column":33},"end":{"line":142,"column":71}}],"line":142},"24":{"loc":{"start":{"line":174,"column":24},"end":{"line":174,"column":57}},"type":"binary-expr","locations":[{"start":{"line":174,"column":24},"end":{"line":174,"column":49}},{"start":{"line":174,"column":53},"end":{"line":174,"column":57}}],"line":174},"25":{"loc":{"start":{"line":178,"column":30},"end":{"line":178,"column":80}},"type":"cond-expr","locations":[{"start":{"line":178,"column":59},"end":{"line":178,"column":73}},{"start":{"line":178,"column":76},"end":{"line":178,"column":80}}],"line":178},"26":{"loc":{"start":{"line":179,"column":24},"end":{"line":179,"column":74}},"type":"cond-expr","locations":[{"start":{"line":179,"column":50},"end":{"line":179,"column":67}},{"start":{"line":179,"column":70},"end":{"line":179,"column":74}}],"line":179},"27":{"loc":{"start":{"line":184,"column":6},"end":{"line":208,"column":7}},"type":"if","locations":[{"start":{"line":184,"column":6},"end":{"line":208,"column":7}},{"start":{},"end":{}}],"line":184},"28":{"loc":{"start":{"line":188,"column":51},"end":{"line":188,"column":67}},"type":"binary-expr","locations":[{"start":{"line":188,"column":51},"end":{"line":188,"column":61}},{"start":{"line":188,"column":65},"end":{"line":188,"column":67}}],"line":188},"29":{"loc":{"start":{"line":198,"column":8},"end":{"line":204,"column":9}},"type":"if","locations":[{"start":{"line":198,"column":8},"end":{"line":204,"column":9}},{"start":{},"end":{}}],"line":198},"30":{"loc":{"start":{"line":211,"column":6},"end":{"line":224,"column":7}},"type":"if","locations":[{"start":{"line":211,"column":6},"end":{"line":224,"column":7}},{"start":{},"end":{}}],"line":211},"31":{"loc":{"start":{"line":215,"column":8},"end":{"line":221,"column":9}},"type":"if","locations":[{"start":{"line":215,"column":8},"end":{"line":221,"column":9}},{"start":{},"end":{}}],"line":215},"32":{"loc":{"start":{"line":227,"column":6},"end":{"line":240,"column":7}},"type":"if","locations":[{"start":{"line":227,"column":6},"end":{"line":240,"column":7}},{"start":{},"end":{}}],"line":227},"33":{"loc":{"start":{"line":231,"column":8},"end":{"line":237,"column":9}},"type":"if","locations":[{"start":{"line":231,"column":8},"end":{"line":237,"column":9}},{"start":{},"end":{}}],"line":231},"34":{"loc":{"start":{"line":243,"column":4},"end":{"line":256,"column":5}},"type":"if","locations":[{"start":{"line":243,"column":4},"end":{"line":256,"column":5}},{"start":{},"end":{}}],"line":243},"35":{"loc":{"start":{"line":243,"column":8},"end":{"line":243,"column":48}},"type":"binary-expr","locations":[{"start":{"line":243,"column":8},"end":{"line":243,"column":34}},{"start":{"line":243,"column":38},"end":{"line":243,"column":48}}],"line":243},"36":{"loc":{"start":{"line":259,"column":4},"end":{"line":271,"column":5}},"type":"if","locations":[{"start":{"line":259,"column":4},"end":{"line":271,"column":5}},{"start":{},"end":{}}],"line":259},"37":{"loc":{"start":{"line":259,"column":8},"end":{"line":259,"column":45}},"type":"binary-expr","locations":[{"start":{"line":259,"column":8},"end":{"line":259,"column":31}},{"start":{"line":259,"column":35},"end":{"line":259,"column":45}}],"line":259},"38":{"loc":{"start":{"line":274,"column":4},"end":{"line":286,"column":5}},"type":"if","locations":[{"start":{"line":274,"column":4},"end":{"line":286,"column":5}},{"start":{},"end":{}}],"line":274},"39":{"loc":{"start":{"line":274,"column":8},"end":{"line":274,"column":45}},"type":"binary-expr","locations":[{"start":{"line":274,"column":8},"end":{"line":274,"column":31}},{"start":{"line":274,"column":35},"end":{"line":274,"column":45}}],"line":274},"40":{"loc":{"start":{"line":297,"column":16},"end":{"line":297,"column":50}},"type":"binary-expr","locations":[{"start":{"line":297,"column":16},"end":{"line":297,"column":44}},{"start":{"line":297,"column":49},"end":{"line":297,"column":50}}],"line":297},"41":{"loc":{"start":{"line":298,"column":25},"end":{"line":298,"column":60}},"type":"binary-expr","locations":[{"start":{"line":298,"column":25},"end":{"line":298,"column":54}},{"start":{"line":298,"column":58},"end":{"line":298,"column":60}}],"line":298},"42":{"loc":{"start":{"line":302,"column":2},"end":{"line":304,"column":3}},"type":"if","locations":[{"start":{"line":302,"column":2},"end":{"line":304,"column":3}},{"start":{},"end":{}}],"line":302},"43":{"loc":{"start":{"line":302,"column":6},"end":{"line":302,"column":69}},"type":"binary-expr","locations":[{"start":{"line":302,"column":6},"end":{"line":302,"column":31}},{"start":{"line":302,"column":35},"end":{"line":302,"column":69}}],"line":302},"44":{"loc":{"start":{"line":336,"column":2},"end":{"line":338,"column":3}},"type":"if","locations":[{"start":{"line":336,"column":2},"end":{"line":338,"column":3}},{"start":{},"end":{}}],"line":336},"45":{"loc":{"start":{"line":341,"column":2},"end":{"line":346,"column":3}},"type":"if","locations":[{"start":{"line":341,"column":2},"end":{"line":346,"column":3}},{"start":{},"end":{}}],"line":341},"46":{"loc":{"start":{"line":342,"column":4},"end":{"line":343,"column":59}},"type":"binary-expr","locations":[{"start":{"line":342,"column":4},"end":{"line":342,"column":29}},{"start":{"line":343,"column":4},"end":{"line":343,"column":59}}],"line":342},"47":{"loc":{"start":{"line":354,"column":4},"end":{"line":354,"column":12}},"type":"default-arg","locations":[{"start":{"line":354,"column":11},"end":{"line":354,"column":12}}],"line":354},"48":{"loc":{"start":{"line":354,"column":14},"end":{"line":354,"column":24}},"type":"default-arg","locations":[{"start":{"line":354,"column":22},"end":{"line":354,"column":24}}],"line":354},"49":{"loc":{"start":{"line":360,"column":19},"end":{"line":360,"column":43}},"type":"binary-expr","locations":[{"start":{"line":360,"column":19},"end":{"line":360,"column":37}},{"start":{"line":360,"column":42},"end":{"line":360,"column":43}}],"line":360},"50":{"loc":{"start":{"line":361,"column":28},"end":{"line":361,"column":53}},"type":"binary-expr","locations":[{"start":{"line":361,"column":28},"end":{"line":361,"column":47}},{"start":{"line":361,"column":51},"end":{"line":361,"column":53}}],"line":361},"51":{"loc":{"start":{"line":366,"column":2},"end":{"line":366,"column":44}},"type":"if","locations":[{"start":{"line":366,"column":2},"end":{"line":366,"column":44}},{"start":{},"end":{}}],"line":366},"52":{"loc":{"start":{"line":367,"column":2},"end":{"line":367,"column":58}},"type":"if","locations":[{"start":{"line":367,"column":2},"end":{"line":367,"column":58}},{"start":{},"end":{}}],"line":367},"53":{"loc":{"start":{"line":369,"column":2},"end":{"line":373,"column":3}},"type":"if","locations":[{"start":{"line":369,"column":2},"end":{"line":373,"column":3}},{"start":{},"end":{}}],"line":369},"54":{"loc":{"start":{"line":369,"column":6},"end":{"line":369,"column":26}},"type":"binary-expr","locations":[{"start":{"line":369,"column":6},"end":{"line":369,"column":15}},{"start":{"line":369,"column":19},"end":{"line":369,"column":26}}],"line":369},"55":{"loc":{"start":{"line":371,"column":4},"end":{"line":371,"column":63}},"type":"if","locations":[{"start":{"line":371,"column":4},"end":{"line":371,"column":63}},{"start":{},"end":{}}],"line":371},"56":{"loc":{"start":{"line":372,"column":4},"end":{"line":372,"column":97}},"type":"if","locations":[{"start":{"line":372,"column":4},"end":{"line":372,"column":97}},{"start":{},"end":{}}],"line":372},"57":{"loc":{"start":{"line":378,"column":2},"end":{"line":384,"column":3}},"type":"if","locations":[{"start":{"line":378,"column":2},"end":{"line":384,"column":3}},{"start":{},"end":{}}],"line":378},"58":{"loc":{"start":{"line":380,"column":4},"end":{"line":382,"column":5}},"type":"if","locations":[{"start":{"line":380,"column":4},"end":{"line":382,"column":5}},{"start":{},"end":{}}],"line":380},"59":{"loc":{"start":{"line":412,"column":18},"end":{"line":412,"column":27}},"type":"default-arg","locations":[{"start":{"line":412,"column":25},"end":{"line":412,"column":27}}],"line":412},"60":{"loc":{"start":{"line":417,"column":2},"end":{"line":419,"column":3}},"type":"if","locations":[{"start":{"line":417,"column":2},"end":{"line":419,"column":3}},{"start":{},"end":{}}],"line":417},"61":{"loc":{"start":{"line":422,"column":2},"end":{"line":427,"column":3}},"type":"if","locations":[{"start":{"line":422,"column":2},"end":{"line":427,"column":3}},{"start":{},"end":{}}],"line":422},"62":{"loc":{"start":{"line":434,"column":15},"end":{"line":434,"column":79}},"type":"binary-expr","locations":[{"start":{"line":434,"column":15},"end":{"line":434,"column":19}},{"start":{"line":434,"column":23},"end":{"line":434,"column":79}}],"line":434}},"s":{"0":1,"1":1,"2":1,"3":1,"4":1,"5":1,"6":1,"7":1,"8":1,"9":1,"10":1,"11":0,"12":0,"13":0,"14":0,"15":0,"16":0,"17":0,"18":0,"19":0,"20":0,"21":0,"22":0,"23":1,"24":8,"25":8,"26":8,"27":8,"28":0,"29":0,"30":0,"31":0,"32":0,"33":8,"34":0,"35":8,"36":8,"37":1,"38":7,"39":7,"40":7,"41":0,"42":0,"43":0,"44":7,"45":7,"46":7,"47":7,"48":1,"49":6,"50":6,"51":6,"52":6,"53":6,"54":3,"55":3,"56":0,"57":3,"58":1,"59":2,"60":1,"61":1,"62":0,"63":1,"64":1,"65":0,"66":1,"67":4,"68":4,"69":4,"70":4,"71":4,"72":4,"73":4,"74":4,"75":4,"76":4,"77":4,"78":1,"79":1,"80":1,"81":1,"82":1,"83":1,"84":0,"85":1,"86":4,"87":2,"88":2,"89":2,"90":1,"91":2,"92":4,"93":1,"94":1,"95":1,"96":0,"97":1,"98":4,"99":1,"100":3,"101":2,"102":1,"103":1,"104":0,"105":4,"106":1,"107":3,"108":3,"109":3,"110":3,"111":3,"112":1,"113":2,"114":2,"115":1,"116":0,"117":0,"118":0,"119":0,"120":0,"121":0,"122":1,"123":0,"124":0,"125":0,"126":0,"127":0,"128":0,"129":0,"130":0,"131":0,"132":0,"133":0,"134":0,"135":0,"136":0,"137":0,"138":0,"139":0,"140":0,"141":0,"142":0,"143":0,"144":0,"145":1,"146":3,"147":3,"148":3,"149":3,"150":1,"151":2,"152":1,"153":1,"154":1,"155":1,"156":1,"157":1,"158":1,"159":1},"f":{"0":0,"1":8,"2":7,"3":7,"4":6,"5":4,"6":4,"7":3,"8":0,"9":0,"10":3},"b":{"0":[0,0],"1":[0,0],"2":[0,0],"3":[0,0],"4":[0,0],"5":[0,0,0],"6":[0,0],"7":[0,8],"8":[0,0],"9":[0,8],"10":[1,7],"11":[8,7],"12":[0,7],"13":[7,7],"14":[0,0],"15":[7,0],"16":[1,6],"17":[3,3],"18":[0,3],"19":[1,2],"20":[1,1],"21":[0,1],"22":[0,1],"23":[1,0],"24":[4,3],"25":[1,3],"26":[1,3],"27":[1,3],"28":[1,1],"29":[0,1],"30":[2,2],"31":[1,1],"32":[1,3],"33":[0,1],"34":[1,3],"35":[4,1],"36":[2,1],"37":[3,2],"38":[1,0],"39":[1,1],"40":[3,3],"41":[3,3],"42":[1,2],"43":[3,2],"44":[0,0],"45":[0,0],"46":[0,0],"47":[0],"48":[0],"49":[0,0],"50":[0,0],"51":[0,0],"52":[0,0],"53":[0,0],"54":[0,0],"55":[0,0],"56":[0,0],"57":[0,0],"58":[0,0],"59":[2],"60":[1,2],"61":[1,1],"62":[1,0]},"_coverageSchema":"1a1c01bbd47fc00a2c39e90264f33305004495a9","hash":"b47a3e2d036fa9e33d26722761d5bd9e895c63f4"}
,"C:\\Users\\mehak\\OneDrive\\Desktop\\MerchStore\\server\\controllers\\paymentController.js": {"path":"C:\\Users\\mehak\\OneDrive\\Desktop\\MerchStore\\server\\controllers\\paymentController.js","statementMap":{"0":{"start":{"line":4,"column":14},"end":{"line":4,"column":40}},"1":{"start":{"line":5,"column":34},"end":{"line":5,"column":70}},"2":{"start":{"line":6,"column":52},"end":{"line":6,"column":84}},"3":{"start":{"line":7,"column":25},"end":{"line":7,"column":64}},"4":{"start":{"line":16,"column":22},"end":{"line":132,"column":1}},"5":{"start":{"line":17,"column":14},"end":{"line":17,"column":45}},"6":{"start":{"line":19,"column":2},"end":{"line":21,"column":3}},"7":{"start":{"line":20,"column":4},"end":{"line":20,"column":96}},"8":{"start":{"line":25,"column":2},"end":{"line":30,"column":3}},"9":{"start":{"line":26,"column":4},"end":{"line":26,"column":49}},"10":{"start":{"line":28,"column":4},"end":{"line":28,"column":82}},"11":{"start":{"line":29,"column":4},"end":{"line":29,"column":94}},"12":{"start":{"line":33,"column":2},"end":{"line":128,"column":3}},"13":{"start":{"line":34,"column":4},"end":{"line":124,"column":5}},"14":{"start":{"line":38,"column":30},"end":{"line":38,"column":47}},"15":{"start":{"line":39,"column":22},"end":{"line":41,"column":10}},"16":{"start":{"line":43,"column":8},"end":{"line":46,"column":9}},"17":{"start":{"line":44,"column":10},"end":{"line":44,"column":83}},"18":{"start":{"line":45,"column":10},"end":{"line":45,"column":16}},"19":{"start":{"line":48,"column":8},"end":{"line":51,"column":9}},"20":{"start":{"line":49,"column":10},"end":{"line":49,"column":96}},"21":{"start":{"line":50,"column":10},"end":{"line":50,"column":16}},"22":{"start":{"line":53,"column":8},"end":{"line":53,"column":37}},"23":{"start":{"line":54,"column":8},"end":{"line":58,"column":11}},"24":{"start":{"line":59,"column":8},"end":{"line":59,"column":27}},"25":{"start":{"line":62,"column":8},"end":{"line":62,"column":69}},"26":{"start":{"line":64,"column":8},"end":{"line":64,"column":67}},"27":{"start":{"line":65,"column":8},"end":{"line":65,"column":14}},"28":{"start":{"line":70,"column":30},"end":{"line":70,"column":47}},"29":{"start":{"line":71,"column":22},"end":{"line":73,"column":10}},"30":{"start":{"line":75,"column":8},"end":{"line":75,"column":26}},"31":{"start":{"line":75,"column":20},"end":{"line":75,"column":26}},"32":{"start":{"line":77,"column":30},"end":{"line":77,"column":93}},"33":{"start":{"line":79,"column":8},"end":{"line":79,"column":39}},"34":{"start":{"line":80,"column":8},"end":{"line":80,"column":42}},"35":{"start":{"line":81,"column":8},"end":{"line":85,"column":11}},"36":{"start":{"line":86,"column":8},"end":{"line":86,"column":27}},"37":{"start":{"line":89,"column":8},"end":{"line":95,"column":10}},"38":{"start":{"line":90,"column":32},"end":{"line":94,"column":11}},"39":{"start":{"line":97,"column":8},"end":{"line":97,"column":63}},"40":{"start":{"line":99,"column":8},"end":{"line":99,"column":83}},"41":{"start":{"line":100,"column":8},"end":{"line":100,"column":14}},"42":{"start":{"line":105,"column":23},"end":{"line":105,"column":40}},"43":{"start":{"line":106,"column":23},"end":{"line":108,"column":10}},"44":{"start":{"line":110,"column":8},"end":{"line":118,"column":9}},"45":{"start":{"line":111,"column":10},"end":{"line":111,"column":43}},"46":{"start":{"line":112,"column":10},"end":{"line":116,"column":13}},"47":{"start":{"line":117,"column":10},"end":{"line":117,"column":29}},"48":{"start":{"line":119,"column":8},"end":{"line":119,"column":14}},"49":{"start":{"line":123,"column":8},"end":{"line":123,"column":64}},"50":{"start":{"line":126,"column":4},"end":{"line":126,"column":68}},"51":{"start":{"line":131,"column":2},"end":{"line":131,"column":43}},"52":{"start":{"line":134,"column":0},"end":{"line":134,"column":35}}},"fnMap":{"0":{"name":"(anonymous_0)","decl":{"start":{"line":16,"column":22},"end":{"line":16,"column":23}},"loc":{"start":{"line":16,"column":42},"end":{"line":132,"column":1}},"line":16},"1":{"name":"(anonymous_1)","decl":{"start":{"line":90,"column":26},"end":{"line":90,"column":27}},"loc":{"start":{"line":90,"column":32},"end":{"line":94,"column":11}},"line":90}},"branchMap":{"0":{"loc":{"start":{"line":19,"column":2},"end":{"line":21,"column":3}},"type":"if","locations":[{"start":{"line":19,"column":2},"end":{"line":21,"column":3}},{"start":{},"end":{}}],"line":19},"1":{"loc":{"start":{"line":34,"column":4},"end":{"line":124,"column":5}},"type":"switch","locations":[{"start":{"line":37,"column":6},"end":{"line":66,"column":7}},{"start":{"line":69,"column":6},"end":{"line":101,"column":7}},{"start":{"line":104,"column":6},"end":{"line":120,"column":7}},{"start":{"line":122,"column":6},"end":{"line":123,"column":64}}],"line":34},"2":{"loc":{"start":{"line":43,"column":8},"end":{"line":46,"column":9}},"type":"if","locations":[{"start":{"line":43,"column":8},"end":{"line":46,"column":9}},{"start":{},"end":{}}],"line":43},"3":{"loc":{"start":{"line":48,"column":8},"end":{"line":51,"column":9}},"type":"if","locations":[{"start":{"line":48,"column":8},"end":{"line":51,"column":9}},{"start":{},"end":{}}],"line":48},"4":{"loc":{"start":{"line":75,"column":8},"end":{"line":75,"column":26}},"type":"if","locations":[{"start":{"line":75,"column":8},"end":{"line":75,"column":26}},{"start":{},"end":{}}],"line":75},"5":{"loc":{"start":{"line":77,"column":30},"end":{"line":77,"column":93}},"type":"binary-expr","locations":[{"start":{"line":77,"column":30},"end":{"line":77,"column":71}},{"start":{"line":77,"column":75},"end":{"line":77,"column":93}}],"line":77},"6":{"loc":{"start":{"line":110,"column":8},"end":{"line":118,"column":9}},"type":"if","locations":[{"start":{"line":110,"column":8},"end":{"line":118,"column":9}},{"start":{},"end":{}}],"line":110}},"s":{"0":1,"1":1,"2":1,"3":1,"4":1,"5":6,"6":6,"7":1,"8":5,"9":5,"10":1,"11":1,"12":4,"13":4,"14":2,"15":2,"16":2,"17":0,"18":0,"19":2,"20":1,"21":1,"22":1,"23":1,"24":1,"25":1,"26":1,"27":1,"28":1,"29":1,"30":1,"31":0,"32":1,"33":1,"34":1,"35":1,"36":1,"37":1,"38":1,"39":1,"40":1,"41":1,"42":0,"43":0,"44":0,"45":0,"46":0,"47":0,"48":0,"49":1,"50":0,"51":4,"52":1},"f":{"0":6,"1":1},"b":{"0":[1,5],"1":[2,1,0,1],"2":[0,2],"3":[1,1],"4":[0,1],"5":[1,0],"6":[0,0]},"_coverageSchema":"1a1c01bbd47fc00a2c39e90264f33305004495a9","hash":"cc190f001f88d86025dedb67b2a701de5ca9dfa8"}
,"C:\\Users\\mehak\\OneDrive\\Desktop\\MerchStore\\server\\controllers\\productController.js": {"path":"C:\\Users\\mehak\\OneDrive\\Desktop\\MerchStore\\server\\controllers\\productController.js","statementMap":{"0":{"start":{"line":4,"column":23},"end":{"line":4,"column":51}},"1":{"start":{"line":5,"column":23},"end":{"line":5,"column":50}},"2":{"start":{"line":6,"column":33},"end":{"line":6,"column":69}},"3":{"start":{"line":7,"column":25},"end":{"line":7,"column":62}},"4":{"start":{"line":13,"column":20},"end":{"line":106,"column":2}},"5":{"start":{"line":23,"column":6},"end":{"line":23,"column":15}},"6":{"start":{"line":25,"column":19},"end":{"line":25,"column":42}},"7":{"start":{"line":26,"column":19},"end":{"line":26,"column":59}},"8":{"start":{"line":27,"column":19},"end":{"line":27,"column":43}},"9":{"start":{"line":30,"column":17},"end":{"line":30,"column":19}},"10":{"start":{"line":31,"column":2},"end":{"line":33,"column":3}},"11":{"start":{"line":32,"column":4},"end":{"line":32,"column":27}},"12":{"start":{"line":35,"column":2},"end":{"line":37,"column":3}},"13":{"start":{"line":36,"column":4},"end":{"line":36,"column":31}},"14":{"start":{"line":39,"column":2},"end":{"line":43,"column":3}},"15":{"start":{"line":40,"column":4},"end":{"line":40,"column":22}},"16":{"start":{"line":41,"column":4},"end":{"line":41,"column":59}},"17":{"start":{"line":41,"column":18},"end":{"line":41,"column":59}},"18":{"start":{"line":42,"column":4},"end":{"line":42,"column":59}},"19":{"start":{"line":42,"column":18},"end":{"line":42,"column":59}},"20":{"start":{"line":46,"column":2},"end":{"line":53,"column":3}},"21":{"start":{"line":47,"column":4},"end":{"line":52,"column":6}},"22":{"start":{"line":56,"column":2},"end":{"line":58,"column":3}},"23":{"start":{"line":57,"column":4},"end":{"line":57,"column":39}},"24":{"start":{"line":61,"column":21},"end":{"line":61,"column":38}},"25":{"start":{"line":62,"column":2},"end":{"line":78,"column":3}},"26":{"start":{"line":63,"column":4},"end":{"line":77,"column":5}},"27":{"start":{"line":65,"column":8},"end":{"line":65,"column":36}},"28":{"start":{"line":66,"column":8},"end":{"line":66,"column":14}},"29":{"start":{"line":68,"column":8},"end":{"line":68,"column":37}},"30":{"start":{"line":69,"column":8},"end":{"line":69,"column":14}},"31":{"start":{"line":71,"column":8},"end":{"line":71,"column":63}},"32":{"start":{"line":72,"column":8},"end":{"line":72,"column":14}},"33":{"start":{"line":75,"column":8},"end":{"line":75,"column":41}},"34":{"start":{"line":76,"column":8},"end":{"line":76,"column":14}},"35":{"start":{"line":81,"column":16},"end":{"line":81,"column":36}},"36":{"start":{"line":84,"column":2},"end":{"line":87,"column":3}},"37":{"start":{"line":85,"column":4},"end":{"line":85,"column":52}},"38":{"start":{"line":86,"column":4},"end":{"line":86,"column":53}},"39":{"start":{"line":89,"column":28},"end":{"line":92,"column":4}},"40":{"start":{"line":94,"column":2},"end":{"line":105,"column":5}},"41":{"start":{"line":112,"column":23},"end":{"line":134,"column":2}},"42":{"start":{"line":113,"column":17},"end":{"line":113,"column":27}},"43":{"start":{"line":115,"column":18},"end":{"line":115,"column":51}},"44":{"start":{"line":116,"column":2},"end":{"line":118,"column":3}},"45":{"start":{"line":117,"column":4},"end":{"line":117,"column":82}},"46":{"start":{"line":121,"column":18},"end":{"line":125,"column":11}},"47":{"start":{"line":127,"column":2},"end":{"line":133,"column":5}},"48":{"start":{"line":140,"column":22},"end":{"line":174,"column":2}},"49":{"start":{"line":142,"column":20},"end":{"line":142,"column":69}},"50":{"start":{"line":142,"column":54},"end":{"line":142,"column":63}},"51":{"start":{"line":154,"column":6},"end":{"line":154,"column":14}},"52":{"start":{"line":156,"column":18},"end":{"line":167,"column":4}},"53":{"start":{"line":169,"column":2},"end":{"line":173,"column":5}},"54":{"start":{"line":180,"column":22},"end":{"line":234,"column":2}},"55":{"start":{"line":181,"column":17},"end":{"line":181,"column":27}},"56":{"start":{"line":183,"column":18},"end":{"line":183,"column":44}},"57":{"start":{"line":184,"column":2},"end":{"line":186,"column":3}},"58":{"start":{"line":185,"column":4},"end":{"line":185,"column":82}},"59":{"start":{"line":199,"column":6},"end":{"line":199,"column":14}},"60":{"start":{"line":202,"column":2},"end":{"line":208,"column":3}},"61":{"start":{"line":203,"column":27},"end":{"line":203,"column":89}},"62":{"start":{"line":204,"column":4},"end":{"line":207,"column":5}},"63":{"start":{"line":205,"column":6},"end":{"line":205,"column":38}},"64":{"start":{"line":206,"column":6},"end":{"line":206,"column":65}},"65":{"start":{"line":206,"column":52},"end":{"line":206,"column":63}},"66":{"start":{"line":211,"column":2},"end":{"line":214,"column":3}},"67":{"start":{"line":212,"column":25},"end":{"line":212,"column":57}},"68":{"start":{"line":212,"column":47},"end":{"line":212,"column":56}},"69":{"start":{"line":213,"column":4},"end":{"line":213,"column":58}},"70":{"start":{"line":217,"column":2},"end":{"line":217,"column":54}},"71":{"start":{"line":217,"column":34},"end":{"line":217,"column":54}},"72":{"start":{"line":218,"column":2},"end":{"line":218,"column":68}},"73":{"start":{"line":218,"column":34},"end":{"line":218,"column":68}},"74":{"start":{"line":219,"column":2},"end":{"line":219,"column":62}},"75":{"start":{"line":219,"column":34},"end":{"line":219,"column":62}},"76":{"start":{"line":220,"column":2},"end":{"line":220,"column":56}},"77":{"start":{"line":220,"column":34},"end":{"line":220,"column":56}},"78":{"start":{"line":221,"column":2},"end":{"line":221,"column":70}},"79":{"start":{"line":221,"column":34},"end":{"line":221,"column":70}},"80":{"start":{"line":22
[...]
ine":46,"column":2},"end":{"line":53,"column":3}},{"start":{},"end":{}}],"line":46},"12":{"loc":{"start":{"line":56,"column":2},"end":{"line":58,"column":3}},"type":"if","locations":[{"start":{"line":56,"column":2},"end":{"line":58,"column":3}},{"start":{},"end":{}}],"line":56},"13":{"loc":{"start":{"line":62,"column":2},"end":{"line":78,"column":3}},"type":"if","locations":[{"start":{"line":62,"column":2},"end":{"line":78,"column":3}},{"start":{},"end":{}}],"line":62},"14":{"loc":{"start":{"line":63,"column":4},"end":{"line":77,"column":5}},"type":"switch","locations":[{"start":{"line":64,"column":6},"end":{"line":66,"column":14}},{"start":{"line":67,"column":6},"end":{"line":69,"column":14}},{"start":{"line":70,"column":6},"end":{"line":72,"column":14}},{"start":{"line":73,"column":6},"end":{"line":73,"column":20}},{"start":{"line":74,"column":6},"end":{"line":76,"column":14}}],"line":63},"15":{"loc":{"start":{"line":84,"column":2},"end":{"line":87,"column":3}},"type":"if","locations":[{"start":{"line":84,"column":2},"end":{"line":87,"column":3}},{"start":{},"end":{}}],"line":84},"16":{"loc":{"start":{"line":84,"column":6},"end":{"line":84,"column":21}},"type":"binary-expr","locations":[{"start":{"line":84,"column":6},"end":{"line":84,"column":12}},{"start":{"line":84,"column":16},"end":{"line":84,"column":21}}],"line":84},"17":{"loc":{"start":{"line":116,"column":2},"end":{"line":118,"column":3}},"type":"if","locations":[{"start":{"line":116,"column":2},"end":{"line":118,"column":3}},{"start":{},"end":{}}],"line":116},"18":{"loc":{"start":{"line":142,"column":20},"end":{"line":142,"column":69}},"type":"cond-expr","locations":[{"start":{"line":142,"column":32},"end":{"line":142,"column":64}},{"start":{"line":142,"column":67},"end":{"line":142,"column":69}}],"line":142},"19":{"loc":{"start":{"line":184,"column":2},"end":{"line":186,"column":3}},"type":"if","locations":[{"start":{"line":184,"column":2},"end":{"line":186,"column":3}},{"start":{},"end":{}}],"line":184},"20":{"loc":{"start":{"line":202,"column":2},"end":{"line":208,"column":3}},"type":"if","locations":[{"start":{"line":202,"column":2},"end":{"line":208,"column":3}},{"start":{},"end":{}}],"line":202},"21":{"loc":{"start":{"line":203,"column":27},"end":{"line":203,"column":89}},"type":"cond-expr","locations":[{"start":{"line":203,"column":58},"end":{"line":203,"column":71}},{"start":{"line":203,"column":74},"end":{"line":203,"column":89}}],"line":203},"22":{"loc":{"start":{"line":211,"column":2},"end":{"line":214,"column":3}},"type":"if","locations":[{"start":{"line":211,"column":2},"end":{"line":214,"column":3}},{"start":{},"end":{}}],"line":211},"23":{"loc":{"start":{"line":211,"column":6},"end":{"line":211,"column":39}},"type":"binary-expr","locations":[{"start":{"line":211,"column":6},"end":{"line":211,"column":15}},{"start":{"line":211,"column":19},"end":{"line":211,"column":39}}],"line":211},"24":{"loc":{"start":{"line":217,"column":2},"end":{"line":217,"column":54}},"type":"if","locations":[{"start":{"line":217,"column":2},"end":{"line":217,"column":54}},{"start":{},"end":{}}],"line":217},"25":{"loc":{"start":{"line":218,"column":2},"end":{"line":218,"column":68}},"type":"if","locations":[{"start":{"line":218,"column":2},"end":{"line":218,"column":68}},{"start":{},"end":{}}],"line":218},"26":{"loc":{"start":{"line":219,"column":2},"end":{"line":219,"column":62}},"type":"if","locations":[{"start":{"line":219,"column":2},"end":{"line":219,"column":62}},{"start":{},"end":{}}],"line":219},"27":{"loc":{"start":{"line":220,"column":2},"end":{"line":220,"column":56}},"type":"if","locations":[{"start":{"line":220,"column":2},"end":{"line":220,"column":56}},{"start":{},"end":{}}],"line":220},"28":{"loc":{"start":{"line":221,"column":2},"end":{"line":221,"column":70}},"type":"if","locations":[{"start":{"line":221,"column":2},"end":{"line":221,"column":70}},{"start":{},"end":{}}],"line":221},"29":{"loc":{"start":{"line":222,"column":2},"end":{"line":222,"column":56}},"type":"if","locations":[{"start":{"line":222,"column":2},"end":{"line":222,"column":56}},{"start":{},"end":{}}],"line":222},"30":{"loc":{"start":{"line":223,"column":2},"end":{"line":223,"column":54}},"type":"if","locations":[{"start":{"line":223,"column":2},"end":{"line":223,"column":54}},{"start":{},"end":{}}],"line":223},"31":{"loc":{"start":{"line":224,"column":2},"end":{"line":224,"column":66}},"type":"if","locations":[{"start":{"line":224,"column":2},"end":{"line":224,"column":66}},{"start":{},"end":{}}],"line":224},"32":{"loc":{"start":{"line":225,"column":2},"end":{"line":225,"column":62}},"type":"if","locations":[{"start":{"line":225,"column":2},"end":{"line":225,"column":62}},{"start":{},"end":{}}],"line":225},"33":{"loc":{"start":{"line":245,"column":2},"end":{"line":247,"column":3}},"type":"if","locations":[{"start":{"line":245,"column":2},"end":{"line":247,"column":3}},{"start":{},"end":{}}],"line":245},"34":{"loc":{"start":{"line":249,"column":2},"end":{"line":270,"column":3}},"type":"if","locations":[{"start":{"line":249,"column":2},"end":{"line":270,"column":3}},{"start":{"line":260,"column":9},"end":{"line":270,"column":3}}],"line":249}},"s":{"0":1,"1":1,"2":1,"3":1,"4":1,"5":2,"6":2,"7":2,"8":2,"9":2,"10":2,"11":2,"12":2,"13":1,"14":2,"15":0,"16":0,"17":0,"18":0,"19":0,"20":2,"21":0,"22":2,"23":1,"24":2,"25":2,"26":0,"27":0,"28":0,"29":0,"30":0,"31":0,"32":0,"33":0,"34":0,"35":2,"36":2,"37":1,"38":1,"39":2,"40":2,"41":1,"42":2,"43":2,"44":2,"45":1,"46":1,"47":1,"48":1,"49":1,"50":1,"51":1,"52":1,"53":1,"54":1,"55":2,"56":2,"57":2,"58":1,"59":1,"60":1,"61":1,"62":1,"63":1,"64":1,"65":2,"66":1,"67":1,"68":1,"69":1,"70":1,"71":1,"72":1,"73":0,"74":1,"75":0,"76":1,"77":0,"78":1,"79":0,"80":1,"81":0,"82":1,"83":0,"84":1,"85":0,"86":1,"87":0,"88":1,"89":1,"90":1,"91":3,"92":3,"93":3,"94":3,"95":1,"96":2,"97":1,"98":1,"99":1,"100":1,"101":1,"102":1,"103":1,"104":1},"f":{"0":2,"1":2,"2":1,"3":1,"4":2,"5":2,"6":1,"7":3},"b":{"0":[1],"1":[1],"2":[2,0],"3":[2,0],"4":[2,0],"5":[1,1],"6":[2,1],"7":[0,2],"8":[2,2],"9":[0,0],"10":[0,0],"11":[0,2],"12":[1,1],"13":[0,2],"14":[0,0,0,0,0],"15":[1,1],"16":[2,1],"17":[1,1],"18":[1,0],"19":[1,1],"20":[1,0],"21":[1,0],"22":[1,0],"23":[1,1],"24":[1,0],"25":[0,1],"26":[0,1],"27":[0,1],"28":[0,1],"29":[0,1],"30":[0,1],"31":[0,1],"32":[0,1],"33":[1,2],"34":[1,1]},"_coverageSchema":"1a1c01bbd47fc00a2c39e90264f33305004495a9","hash":"8982c18d3ee0452efbf84ee75c1a5eb27929669f"}
,"C:\\Users\\mehak\\OneDrive\\Desktop\\MerchStore\\server\\services\\inventoryService.js": {"path":"C:\\Users\\mehak\\OneDrive\\Desktop\\MerchStore\\server\\services\\inventoryService.js","statementMap":{"0":{"start":{"line":4,"column":17},"end":{"line":4,"column":36}},"1":{"start":{"line":5,"column":17},"end":{"line":5,"column":45}},"2":{"start":{"line":12,"column":31},"end":{"line":52,"column":1}},"3":{"start":{"line":13,"column":23},"end":{"line":13,"column":25}},"4":{"start":{"line":15,"column":2},"end":{"line":49,"column":3}},"5":{"start":{"line":16,"column":20},"end":{"line":16,"column":88}},"6":{"start":{"line":18,"column":4},"end":{"line":25,"column":5}},"7":{"start":{"line":19,"column":6},"end":{"line":23,"column":9}},"8":{"start":{"line":24,"column":6},"end":{"line":24,"column":15}},"9":{"start":{"line":27,"column":22},"end":{"line":27,"column":67}},"10":{"start":{"line":27,"column":46},"end":{"line":27,"column":66}},"11":{"start":{"line":29,"column":4},"end":{"line":37,"column":5}},"12":{"start":{"line":30,"column":6},"end":{"line":35,"column":9}},"13":{"start":{"line":36,"column":6},"end":{"line":36,"column":15}},"14":{"start":{"line":39,"column":4},"end":{"line":48,"column":5}},"15":{"start":{"line":40,"column":6},"end":{"line":47,"column":9}},"16":{"start":{"line":51,"column":2},"end":{"line":51,"column":57}},"17":{"start":{"line":61,"column":23},"end":{"line":86,"column":1}},"18":{"start":{"line":62,"column":14},"end":{"line":73,"column":5}},"19":{"start":{"line":62,"column":33},"end":{"line":73,"column":3}},"20":{"start":{"line":75,"column":17},"end":{"line":75,"column":58}},"21":{"start":{"line":78,"column":2},"end":{"line":83,"column":3}},"22":{"start":{"line":79,"column":4},"end":{"line":82,"column":6}},"23":{"start":{"line":85,"column":2},"end":{"line":85,"column":16}},"24":{"start":{"line":93,"column":21},"end":{"line":103,"column":1}},"25":{"start":{"line":94,"column":14},"end":{"line":99,"column":5}},"26":{"start":{"line":94,"column":33},"end":{"line":99,"column":3}},"27":{"start":{"line":101,"column":18},"end":{"line":101,"column":44}},"28":{"start":{"line":102,"column":2},"end":{"line":102,"column":41}},"29":{"start":{"line":110,"column":25},"end":{"line":138,"column":1}},"30":{"start":{"line":111,"column":16},"end":{"line":111,"column":80}},"31":{"start":{"line":113,"column":19},"end":{"line":119,"column":10}},"32":{"start":{"line":121,"column":24},"end":{"line":121,"column":26}},"33":{"start":{"line":123,"column":2},"end":{"line":135,"column":3}},"34":{"start":{"line":124,"column":4},"end":{"line":134,"column":5}},"35":{"start":{"line":125,"column":6},"end":{"line":133,"column":7}},"36":{"start":{"line":126,"column":8},"end":{"line":132,"column":11}},"37":{"start":{"line":137,"column":2},"end":{"line":137,"column":23}},"38":{"start":{"line":140,"column":0},"end":{"line":145,"column":2}}},"fnMap":{"0":{"name":"(anonymous_0)","decl":{"start":{"line":12,"column":31},"end":{"line":12,"column":32}},"loc":{"start":{"line":12,"column":48},"end":{"line":52,"column":1}},"line":12},"1":{"name":"(anonymous_1)","decl":{"start":{"line":27,"column":41},"end":{"line":27,"column":42}},"loc":{"start":{"line":27,"column":46},"end":{"line":27,"column":66}},"line":27},"2":{"name":"(anonymous_2)","decl":{"start":{"line":61,"column":23},"end":{"line":61,"column":24}},"loc":{"start":{"line":61,"column":49},"end":{"line":86,"column":1}},"line":61},"3":{"name":"(anonymous_3)","decl":{"start":{"line":62,"column":24},"end":{"line":62,"column":25}},"loc":{"start":{"line":62,"column":33},"end":{"line":73,"column":3}},"line":62},"4":{"name":"(anonymous_4)","decl":{"start":{"line":93,"column":21},"end":{"line":93,"column":22}},"loc":{"start":{"line":93,"column":54},"end":{"line":103,"column":1}},"line":93},"5":{"name":"(anonymous_5)","decl":{"start":{"line":94,"column":24},"end":{"line":94,"column":25}},"loc":{"start":{"line":94,"column":33},"end":{"line":99,"column":3}},"line":94},"6":{"name":"(anonymous_6)","decl":{"start":{"line":110,"column":25},"end":{"line":110,"column":26}},"loc":{"start":{"line":110,"column":53},"end":{"line":138,"column":1}},"line":110}},"branchMap":{"0":{"loc":{"start":{"line":18,"column":4},"end":{"line":25,"column":5}},"type":"if","locations":[{"start":{"line":18,"column":4},"end":{"line":25,"column":5}},{"start":{},"end":{}}],"line":18},"1":{"loc":{"start":{"line":18,"column":8},"end":{"line":18,"column":37}},"type":"binary-expr","locations":[{"start":{"line":18,"column":8},"end":{"line":18,"column":16}},{"start":{"line":18,"column":20},"end":{"line":18,"column":37}}],"line":18},"2":{"loc":{"start":{"line":21,"column":19},"end":{"line":21,"column":53}},"type":"binary-expr","locations":[{"start":{"line":21,"column":19},"end":{"line":21,"column":32}},{"start":{"line":21,"column":36},"end":{"line":21,"column":53}}],"line":21},"3":{"loc":{"start":{"line":29,"column":4},"end":{"line":37,"column":5}},"type":"if","locations":[{"start":{"line":29,"column":4},"end":{"line":37,"column":5}},{"start":{},"end":{}}],"line":29},"4":{"loc":{"start":{"line":39,"column":4},"end":{"line":48,"column":5}},"type":"if","locations":[{"start":{"line":39,"column":4},"end":{"line":48,"column":5}},{"start":{},"end":{}}],"line":39},"5":{"loc":{"start":{"line":78,"column":2},"end":{"line":83,"column":3}},"type":"if","locations":[{"start":{"line":78,"column":2},"end":{"line":83,"column":3}},{"start":{},"end":{}}],"line":78},"6":{"loc":{"start":{"line":93,"column":35},"end":{"line":93,"column":49}},"type":"default-arg","locations":[{"start":{"line":93,"column":45},"end":{"line":93,"column":49}}],"line":93},"7":{"loc":{"start":{"line":101,"column":18},"end":{"line":101,"column":44}},"type":"cond-expr","locations":[{"start":{"line":101,"column":28},"end":{"line":101,"column":39}},{"start":{"line":101,"column":42},"end":{"line":101,"column":44}}],"line":101},"8":{"loc":{"start":{"line":110,"column":32},"end":{"line":110,"column":48}},"type":"default-arg","locations":[{"start":{"line":110,"column":44},"end":{"line":110,"column":48}}],"line":110},"9":{"loc":{"start":{"line":111,"column":16},"end":{"line":111,"column":80}},"type":"binary-expr","locations":[{"start":{"line":111,"column":16},"end":{"line":111,"column":25}},{"start":{"line":111,"column":29},"end":{"line":111,"column":74}},{"start":{"line":111,"column":78},"end":{"line":111,"column":80}}],"line":111},"10":{"loc":{"start":{"line":125,"column":6},"end":{"line":133,"column":7}},"type":"if","locations":[{"start":{"line":125,"column":6},"end":{"line":133,"column":7}},{"start":{},"end":{}}],"line":125},"11":{"loc":{"start":{"line":129,"column":21},"end":{"line":129,"column":72}},"type":"binary-expr","locations":[{"start":{"line":129,"column":21},"end":{"line":129,"column":34}},{"start":{"line":129,"column":38},"end":{"line":129,"column":72}}],"line":129}},"s":{"0":3,"1":3,"2":3,"3":4,"4":4,"5":4,"6":4,"7":1,"8":1,"9":3,"10":3,"11":3,"12":1,"13":1,"14":2,"15":1,"16":4,"17":3,"18":0,"19":0,"20":0,"21":0,"22":0,"23":0,"24":3,"25":0,"26":0,"27":0,"28":0,"29":3,"30":2,"31":2,"32":2,"33":2,"34":1,"35":2,"36":1,"37":2,"38":3},"f":{"0":4,"1":3,"2":0,"3":0,"4":0,"5":0,"6":2},"b":{"0":[1,3],"1":[4,4],"2":[1,0],"3":[1,2],"4":[1,1],"5":[0,0],"6":[0],"7":[0,0],"8":[0],"9":[2,0,0],"10":[1,1],"11":[1,0]},"_coverageSchema":"1a1c01bbd47fc00a2c39e90264f33305004495a9","hash":"1085eaa3d788cf4db205eaad6daab48b7b64b5ba"}
,"C:\\Users\\mehak\\OneDrive\\Desktop\\MerchStore\\server\\utils\\cloudinaryUpload.js": {"path":"C:\\Users\\mehak\\OneDrive\\Desktop\\MerchStore\\server\\utils\\cloudinaryUpload.js","statementMap":{"0":{"start":{"line":4,"column":30},"end":{"line":4,"column":66}},"1":{"start":{"line":5,"column":31},"end":{"line":5,"column":48}},"2":{"start":{"line":6,"column":31},"end":{"line":6,"column":62}},"3":{"start":{"line":9,"column":16},"end":{"line":16,"column":2}},"4":{"start":{"line":18,"column":15},"end":{"line":21,"column":2}},"5":{"start":{"line":28,"column":24},"end":{"line":51,"column":1}},"6":{"start":{"line":29,"column":2},"end":{"line":50,"column":3}},"7":{"start":{"line":30,"column":4},"end":{"line":30,"column":53}},"8":{"start":{"line":30,"column":41},"end":{"line":30,"column":53}},"9":{"start":{"line":31,"column":18},"end":{"line":31,"column":39}},"10":{"start":{"line":32,"column":4},"end":{"line":32,"column":38}},"11":{"start":{"line":32,"column":26},"end":{"line":32,"column":38}},"12":{"start":{"line":34,"column":18},"end":{"line":34,"column":26}},"13":{"start":{"line":36,"column":4},"end":{"line":41,"column":5}},"14":{"start":{"line":37,"column":25},"end":{"line":37,"column":45}},"15":{"start":{"line":38,"column":6},"end":{"line":40,"column":7}},"16":{"start":{"line":39,"column":8},"end":{"line":39,"column":52}},"17":{"start":{"line":43,"column":21},"end":{"line":43,"column":45}},"18":{"start":{"line":44,"column":4},"end":{"line":46,"column":5}},"19":{"start":{"line":45,"column":6},"end":{"line":45,"column":47}},"20":{"start":{"line":47,"column":4},"end":{"line":47,"column":19}},"21":{"start":{"line":49,"column":4},"end":{"line":49,"column":16}},"22":{"start":{"line":58,"column":29},"end":{"line":69,"column":1}},"23":{"start":{"line":59,"column":19},"end":{"line":59,"column":39}},"24":{"start":{"line":60,"column":2},"end":{"line":60,"column":30}},"25":{"start":{"line":60,"column":17},"end":{"line":60,"column":30}},"26":{"start":{"line":62,"column":2},"end":{"line":68,"column":3}},"27":{"start":{"line":63,"column":19},"end":{"line":63,"column":62}},"28":{"start":{"line":64,"column":4},"end":{"line":64,"column":34}},"29":{"start":{"line":66,"column":4},"end":{"line":66,"column":86}},"30":{"start":{"line":67,"column":4},"end":{"line":67,"column":17}},"31":{"start":{"line":71,"column":0},"end":{"line":75,"column":2}}},"fnMap":{"0":{"name":"(anonymous_0)","decl":{"start":{"line":28,"column":24},"end":{"line":28,"column":25}},"loc":{"start":{"line":28,"column":33},"end":{"line":51,"column":1}},"line":28},"1":{"name":"(anonymous_1)","decl":{"start":{"line":58,"column":29},"end":{"line":58,"column":30}},"loc":{"start":{"line":58,"column":44},"end":{"line":69,"column":1}},"line":58}},"branchMap":{"0":{"loc":{"start":{"line":30,"column":4},"end":{"line":30,"column":53}},"type":"if","locations":[{"start":{"line":30,"column":4},"end":{"line":30,"column":53}},{"start":{},"end":{}}],"line":30},"1":{"loc":{"start":{"line":30,"column":8},"end":{"line":30,"column":39}},"type":"binary-expr","locations":[{"start":{"line":30,"column":8},"end":{"line":30,"column":12}},{"start":{"line":30,"column":16},"end":{"line":30,"column":39}}],"line":30},"2":{"loc":{"start":{"line":32,"column":4},"end":{"line":32,"column":38}},"type":"if","locations":[{"start":{"line":32,"column":4},"end":{"line":32,"column":38}},{"start":{},"end":{}}],"line":32},"3":{"loc":{"start":{"line":36,"column":4},"end":{"line":41,"column":5}},"type":"if","locations":[{"start":{"line":36,"column":4},"end":{"line":41,"column":5}},{"start":{},"end":{}}],"line":36},"4":{"loc":{"start":{"line":38,"column":6},"end":{"line":40,"column":7}},"type":"if","locations":[{"start":{"line":38,"column":6},"end":{"line":40,"column":7}},{"start":{},"end":{}}],"line":38},"5":{"loc":{"start":{"line":44,"column":4},"end":{"line":46,"column":5}},"type":"if","locations":[{"start":{"line":44,"column":4},"end":{"line":46,"column":5}},{"start":{},"end":{}}],"line":44},"6":{"loc":{"start":{"line":60,"column":2},"end":{"line":60,"column":30}},"type":"if","locations":[{"start":{"line":60,"column":2},"end":{"line":60,"column":30}},{"start":{},"end":{}}],"line":60}},"s":{"0":2,"1":2,"2":2,"3":2,"4":2,"5":2,"6":10,"7":10,"8":3,"9":7,"10":7,"11":2,"12":5,"13":5,"14":1,"15":1,"16":1,"17":5,"18":5,"19":5,"20":5,"21":0,"22":2,"23":4,"24":4,"25":1,"26":3,"27":3,"28":2,"29":1,"30":1,"31":2},"f":{"0":10,"1":4},"b":{"0":[3,7],"1":[10,8],"2":[2,5],"3":[1,4],"4":[1,0],"5":[5,0],"6":[1,3]},"_coverageSchema":"1a1c01bbd47fc00a2c39e90264f33305004495a9","hash":"f719ed8531ef883db0186b4b6ef13ccb59b99bab"}
,"C:\\Users\\mehak\\OneDrive\\Desktop\\MerchStore\\server\\utils\\generateToken.js": {"path":"C:\\Users\\mehak\\OneDrive\\Desktop\\MerchStore\\server\\utils\\generateToken.js","statementMap":{"0":{"start":{"line":4,"column":12},"end":{"line":4,"column":35}},"1":{"start":{"line":11,"column":22},"end":{"line":22,"column":1}},"2":{"start":{"line":12,"column":18},"end":{"line":16,"column":3}},"3":{"start":{"line":18,"column":18},"end":{"line":18,"column":74}},"4":{"start":{"line":19,"column":18},"end":{"line":19,"column":52}},"5":{"start":{"line":21,"column":2},"end":{"line":21,"column":59}},"6":{"start":{"line":24,"column":0},"end":{"line":24,"column":31}}},"fnMap":{"0":{"name":"(anonymous_0)","decl":{"start":{"line":11,"column":22},"end":{"line":11,"column":23}},"loc":{"start":{"line":11,"column":32},"end":{"line":22,"column":1}},"line":11}},"branchMap":{"0":{"loc":{"start":{"line":18,"column":18},"end":{"line":18,"column":74}},"type":"binary-expr","locations":[{"start":{"line":18,"column":18},"end":{"line":18,"column":40}},{"start":{"line":18,"column":44},"end":{"line":18,"column":74}}],"line":18},"1":{"loc":{"start":{"line":19,"column":18},"end":{"line":19,"column":52}},"type":"binary-expr","locations":[{"start":{"line":19,"column":18},"end":{"line":19,"column":44}},{"start":{"line":19,"column":48},"end":{"line":19,"column":52}}],"line":19}},"s":{"0":2,"1":2,"2":1,"3":1,"4":1,"5":1,"6":2},"f":{"0":1},"b":{"0":[1,1],"1":[1,1]},"_coverageSchema":"1a1c01bbd47fc00a2c39e90264f33305004495a9","hash":"d19206351c45a0f388eebf8072721c83b82bd179"}
}
