TN:
SF:controllers/authController.js
FN:12,(anonymous_0)
FN:55,(anonymous_1)
FN:98,(anonymous_2)
FN:119,(anonymous_3)
FNF:4
FNH:4
FNDA:2,(anonymous_0)
FNDA:3,(anonymous_1)
FNDA:1,(anonymous_2)
FNDA:2,(anonymous_3)
DA:4,1
DA:5,1
DA:6,1
DA:12,1
DA:13,2
DA:15,2
DA:16,2
DA:17,1
DA:24,1
DA:32,1
DA:34,1
DA:55,1
DA:56,3
DA:59,3
DA:60,3
DA:61,1
DA:67,2
DA:68,2
DA:69,1
DA:75,1
DA:77,1
DA:98,1
DA:100,1
DA:119,1
DA:120,2
DA:121,1
DA:127,1
DA:128,1
DA:131,1
DA:134,1
LF:30
LH:30
BRDA:16,0,0,1
BRDA:16,0,1,1
BRDA:29,1,0,1
BRDA:29,1,1,0
BRDA:60,2,0,1
BRDA:60,2,1,2
BRDA:60,3,0,3
BRDA:60,3,1,3
BRDA:68,4,0,1
BRDA:68,4,1,1
BRDA:109,5,0,1
BRDA:109,5,1,1
BRDA:120,6,0,1
BRDA:120,6,1,1
BRDA:128,7,0,1
BRDA:128,7,1,1
BRF:16
BRH:15
end_of_record
TN:
SF:controllers/cartController.js
FN:14,(anonymous_0)
FN:23,(anonymous_1)
FN:44,(anonymous_2)
FN:66,(anonymous_3)
FN:88,(anonymous_4)
FN:95,(anonymous_5)
FN:109,(anonymous_6)
FN:126,(anonymous_7)
FN:131,(anonymous_8)
FN:144,(anonymous_9)
FN:167,(anonymous_10)
FN:172,(anonymous_11)
FN:186,(anonymous_12)
FN:203,(anonymous_13)
FN:208,(anonymous_14)
FN:225,(anonymous_15)
FNF:16
FNH:9
FNDA:4,(anonymous_0)
FNDA:3,(anonymous_1)
FNDA:3,(anonymous_2)
FNDA:1,(anonymous_3)
FNDA:1,(anonymous_4)
FNDA:4,(anonymous_5)
FNDA:0,(anonymous_6)
FNDA:1,(anonymous_7)
FNDA:0,(anonymous_8)
FNDA:0,(anonymous_9)
FNDA:0,(anonymous_10)
FNDA:0,(anonymous_11)
FNDA:0,(anonymous_12)
FNDA:0,(anonymous_13)
FNDA:1,(anonymous_14)
FNDA:1,(anonymous_15)
DA:4,1
DA:5,1
DA:6,1
DA:14,1
DA:15,4
DA:17,4
DA:18,1
DA:19,1
DA:20,1
DA:23,3
DA:25,3
DA:26,1
DA:27,1
DA:28,1
DA:31,2
DA:32,1
DA:36,1
DA:37,1
DA:40,1
DA:44,1
DA:45,3
DA:50,3
DA:51,1
DA:58,2
DA:59,2
DA:61,2
DA:62,2
DA:64,2
DA:66,1
DA:67,1
DA:68,1
DA:70,1
DA:84,2
DA:88,1
DA:95,1
DA:96,4
DA:99,4
DA:101,1
DA:103,1
DA:104,1
DA:108,1
DA:109,0
DA:112,1
DA:114,0
DA:115,0
DA:116,0
DA:118,1
DA:121,1
DA:123,1
DA:126,1
DA:131,1
DA:132,0
DA:134,0
DA:136,0
DA:137,0
DA:138,0
DA:139,0
DA:143,0
DA:144,0
DA:147,0
DA:148,0
DA:149,0
DA:150,0
DA:153,0
DA:154,0
DA:157,0
DA:159,0
DA:160,0
DA:162,0
DA:164,0
DA:167,0
DA:172,1
DA:173,0
DA:174,0
DA:176,0
DA:178,0
DA:179,0
DA:180,0
DA:181,0
DA:184,0
DA:186,0
DA:187,0
DA:188,0
DA:189,0
DA:192,0
DA:193,0
DA:194,0
DA:195,0
DA:198,0
DA:200,0
DA:203,0
DA:208,1
DA:209,1
DA:215,1
DA:225,1
DA:226,1
DA:232,1
LF:97
LH:54
BRDA:17,0,0,1
BRDA:17,0,1,3
BRDA:17,1,0,4
BRDA:17,1,1,3
BRDA:25,2,0,1
BRDA:25,2,1,2
BRDA:31,3,0,1
BRDA:31,3,1,1
BRDA:50,4,0,1
BRDA:50,4,1,2
BRDA:50,5,0,3
BRDA:50,5,1,2
BRDA:64,6,0,1
BRDA:64,6,1,1
BRDA:64,7,0,2
BRDA:64,7,1,2
BRDA:75,8,0,1
BRDA:75,8,1,0
BRDA:78,9,0,1
BRDA:78,9,1,0
BRDA:79,10,0,1
BRDA:79,10,1,0
BRDA:103,11,0,1
BRDA:103,11,1,0
BRDA:109,12,0,0
BRDA:109,12,1,0
BRDA:112,13,0,0
BRDA:112,13,1,1
BRDA:136,14,0,0
BRDA:136,14,1,0
BRDA:147,15,0,0
BRDA:147,15,1,0
BRDA:153,16,0,0
BRDA:153,16,1,0
BRDA:154,17,0,0
BRDA:154,17,1,0
BRDA:178,18,0,0
BRDA:178,18,1,0
BRDA:187,19,0,0
BRDA:187,19,1,0
BRDA:188,20,0,0
BRDA:188,20,1,0
BRDA:188,21,0,0
BRDA:188,21,1,0
BRDA:192,22,0,0
BRDA:192,22,1,0
BRF:46
BRH:21
end_of_record
TN:
SF:controllers/couponController.js
FN:12,(anonymous_0)
FN:89,(anonymous_1)
FN:113,(anonymous_2)
FN:138,(anonymous_3)
FNF:4
FNH:1
FNDA:6,(anonymous_0)
FNDA:0,(anonymous_1)
FNDA:0,(anonymous_2)
FNDA:0,(anonymous_3)
DA:4,1
DA:5,1
DA:12,1
DA:13,6
DA:15,6
DA:16,0
DA:19,6
DA:26,6
DA:27,1
DA:30,5
DA:31,1
DA:38,4
DA:39,1
DA:46,3
DA:47,1
DA:56,2
DA:58,2
DA:59,2
DA:60,2
DA:61,1
DA:65,2
DA:66,2
DA:67,2
DA:69,2
DA:89,1
DA:90,0
DA:91,0
DA:92,0
DA:93,0
DA:95,0
DA:96,0
DA:98,0
DA:103,0
DA:113,1
DA:114,0
DA:116,0
DA:117,0
DA:118,0
DA:121,0
DA:132,0
DA:138,1
DA:139,0
DA:140,0
DA:141,0
DA:143,0
DA:144,0
DA:146,0
DA:153,1
LF:48
LH:27
BRDA:15,0,0,0
BRDA:15,0,1,6
BRDA:15,1,0,6
BRDA:15,1,1,6
BRDA:26,2,0,1
BRDA:26,2,1,5
BRDA:30,3,0,1
BRDA:30,3,1,4
BRDA:38,4,0,1
BRDA:38,4,1,3
BRDA:46,5,0,1
BRDA:46,5,1,2
BRDA:46,6,0,3
BRDA:46,6,1,3
BRDA:58,7,0,2
BRDA:58,7,1,0
BRDA:60,8,0,1
BRDA:60,8,1,1
BRDA:60,9,0,2
BRDA:60,9,1,1
BRDA:80,10,0,2
BRDA:80,10,1,0
BRDA:90,11,0,0
BRDA:90,12,0,0
BRDA:91,13,0,0
BRDA:91,13,1,0
BRDA:92,14,0,0
BRDA:92,14,1,0
BRDA:96,15,0,0
BRDA:96,15,1,0
BRDA:117,16,0,0
BRDA:117,16,1,0
BRDA:125,17,0,0
BRDA:125,17,1,0
BRDA:126,18,0,0
BRDA:126,18,1,0
BRDA:127,19,0,0
BRDA:127,19,1,0
BRDA:128,20,0,0
BRDA:128,20,1,0
BRDA:140,21,0,0
BRDA:140,21,1,0
BRDA:148,22,0,0
BRDA:148,22,1,0
BRF:44
BRH:19
end_of_record
TN:
SF:controllers/orderController.js
FN:16,(anonymous_0)
FN:34,(anonymous_1)
FN:53,(anonymous_2)
FN:66,(anonymous_3)
FN:110,(anonymous_4)
FN:113,(anonymous_5)
FN:208,(anonymous_6)
FN:244,(anonymous_7)
FN:265,(anonymous_8)
FN:324,(anonymous_9)
FNF:10
FNH:8
FNDA:7,(anonymous_0)
FNDA:6,(anonymous_1)
FNDA:6,(anonymous_2)
FNDA:5,(anonymous_3)
FNDA:3,(anonymous_4)
FNDA:3,(anonymous_5)
FNDA:3,(anonymous_6)
FNDA:0,(anonymous_7)
FNDA:0,(anonymous_8)
FNDA:3,(anonymous_9)
DA:4,1
DA:5,1
DA:6,1
DA:7,1
DA:8,1
DA:9,1
DA:10,1
DA:11,1
DA:12,1
DA:13,1
DA:16,1
DA:17,7
DA:18,7
DA:21,7
DA:26,7
DA:27,1
DA:34,6
DA:35,6
DA:36,6
DA:37,0
DA:38,0
DA:39,0
DA:41,6
DA:52,6
DA:53,6
DA:56,6
DA:57,1
DA:65,5
DA:66,5
DA:70,5
DA:71,5
DA:73,5
DA:74,3
DA:76,3
DA:77,0
DA:79,3
DA:80,1
DA:82,2
DA:83,1
DA:85,1
DA:86,0
DA:92,1
DA:93,1
DA:94,0
DA:96,1
DA:99,3
DA:102,3
DA:105,3
DA:107,3
DA:108,3
DA:110,3
DA:112,3
DA:113,3
DA:118,3
DA:133,3
DA:134,1
DA:140,1
DA:142,1
DA:143,1
DA:146,1
DA:147,0
DA:155,1
DA:158,1
DA:171,2
DA:172,2
DA:173,2
DA:175,2
DA:176,1
DA:183,2
DA:188,3
DA:189,2
DA:200,0
DA:201,0
DA:203,3
DA:208,1
DA:209,3
DA:210,3
DA:211,3
DA:212,3
DA:215,3
DA:216,1
DA:219,2
DA:229,2
DA:244,1
DA:245,0
DA:249,0
DA:250,0
DA:254,0
DA:258,0
DA:261,0
DA:265,1
DA:271,0
DA:273,0
DA:274,0
DA:275,0
DA:277,0
DA:279,0
DA:280,0
DA:282,0
DA:283,0
DA:284,0
DA:285,0
DA:289,0
DA:291,0
DA:293,0
DA:294,0
DA:296,0
DA:299,0
DA:309,0
DA:324,1
DA:325,3
DA:326,3
DA:328,3
DA:330,3
DA:331,1
DA:335,2
DA:336,1
DA:342,1
DA:343,1
DA:344,1
DA:351,1
DA:354,1
DA:360,1
DA:371,1
LF:124
LH:91
BRDA:26,0,0,1
BRDA:26,0,1,6
BRDA:26,1,0,7
BRDA:26,1,1,6
BRDA:36,2,0,0
BRDA:36,2,1,6
BRDA:36,3,0,6
BRDA:36,3,1,6
BRDA:37,4,0,0
BRDA:37,4,1,0
BRDA:44,5,0,6
BRDA:44,5,1,0
BRDA:56,6,0,1
BRDA:56,6,1,5
BRDA:73,7,0,3
BRDA:73,7,1,2
BRDA:76,8,0,0
BRDA:76,8,1,3
BRDA:79,9,0,1
BRDA:79,9,1,2
BRDA:82,10,0,1
BRDA:82,10,1,1
BRDA:85,11,0,0
BRDA:85,11,1,1
BRDA:93,12,0,0
BRDA:93,12,1,1
BRDA:93,13,0,1
BRDA:93,13,1,0
BRDA:124,14,0,3
BRDA:124,14,1,2
BRDA:126,15,0,2
BRDA:126,15,1,1
BRDA:128,16,0,1
BRDA:128,16,1,2
BRDA:133,17,0,1
BRDA:133,17,1,2
BRDA:137,18,0,1
BRDA:137,18,1,1
BRDA:146,19,0,0
BRDA:146,19,1,1
BRDA:171,20,0,2
BRDA:171,20,1,0
BRDA:175,21,0,1
BRDA:175,21,1,1
BRDA:188,22,0,2
BRDA:188,22,1,1
BRDA:188,23,0,3
BRDA:188,23,1,2
BRDA:210,24,0,3
BRDA:210,24,1,3
BRDA:211,25,0,3
BRDA:211,25,1,3
BRDA:215,26,0,1
BRDA:215,26,1,2
BRDA:215,27,0,3
BRDA:215,27,1,2
BRDA:249,28,0,0
BRDA:249,28,1,0
BRDA:254,29,0,0
BRDA:254,29,1,0
BRDA:255,30,0,0
BRDA:255,30,1,0
BRDA:267,31,0,0
BRDA:267,32,0,0
BRDA:273,33,0,0
BRDA:273,33,1,0
BRDA:274,34,0,0
BRDA:274,34,1,0
BRDA:279,35,0,0
BRDA:279,35,1,0
BRDA:280,36,0,0
BRDA:280,36,1,0
BRDA:282,37,0,0
BRDA:282,37,1,0
BRDA:282,38,0,0
BRDA:282,38,1,0
BRDA:284,39,0,0
BRDA:284,39,1,0
BRDA:285,40,0,0
BRDA:285,40,1,0
BRDA:291,41,0,0
BRDA:291,41,1,0
BRDA:293,42,0,0
BRDA:293,42,1,0
BRDA:325,43,0,2
BRDA:330,44,0,1
BRDA:330,44,1,2
BRDA:335,45,0,1
BRDA:335,45,1,1
BRDA:347,46,0,1
BRDA:347,46,1,0
BRF:91
BRH:52
end_of_record
TN:
SF:controllers/paymentController.js
FN:16,(anonymous_0)
FN:90,(anonymous_1)
FNF:2
FNH:2
FNDA:6,(anonymous_0)
FNDA:1,(anonymous_1)
DA:4,1
DA:5,1
DA:6,1
DA:7,1
DA:16,1
DA:17,6
DA:19,6
DA:20,1
DA:25,5
DA:26,5
DA:28,1
DA:29,1
DA:33,4
DA:34,4
DA:38,2
DA:39,2
DA:43,2
DA:44,0
DA:45,0
DA:48,2
DA:49,1
DA:50,1
DA:53,1
DA:54,1
DA:59,1
DA:62,1
DA:64,1
DA:65,1
DA:70,1
DA:71,1
DA:75,1
DA:77,1
DA:79,1
DA:80,1
DA:81,1
DA:86,1
DA:89,1
DA:90,1
DA:97,1
DA:99,1
DA:100,1
DA:105,0
DA:106,0
DA:110,0
DA:111,0
DA:112,0
DA:117,0
DA:119,0
DA:123,1
DA:126,0
DA:131,4
DA:134,1
LF:52
LH:42
BRDA:19,0,0,1
BRDA:19,0,1,5
BRDA:34,1,0,2
BRDA:34,1,1,1
BRDA:34,1,2,0
BRDA:34,1,3,1
BRDA:43,2,0,0
BRDA:43,2,1,2
BRDA:48,3,0,1
BRDA:48,3,1,1
BRDA:75,4,0,0
BRDA:75,4,1,1
BRDA:77,5,0,1
BRDA:77,5,1,0
BRDA:110,6,0,0
BRDA:110,6,1,0
BRF:16
BRH:10
end_of_record
TN:
SF:controllers/productController.js
FN:13,(anonymous_0)
FN:109,(anonymous_1)
FN:137,(anonymous_2)
FN:139,(anonymous_3)
FN:177,(anonymous_4)
FN:203,(anonymous_5)
FN:209,(anonymous_6)
FN:237,(anonymous_7)
FNF:8
FNH:8
FNDA:2,(anonymous_0)
FNDA:2,(anonymous_1)
FNDA:1,(anonymous_2)
FNDA:1,(anonymous_3)
FNDA:2,(anonymous_4)
FNDA:2,(anonymous_5)
FNDA:1,(anonymous_6)
FNDA:3,(anonymous_7)
DA:4,1
DA:5,1
DA:6,1
DA:7,1
DA:13,1
DA:23,2
DA:25,2
DA:26,2
DA:27,2
DA:30,2
DA:32,2
DA:33,1
DA:36,2
DA:37,0
DA:38,0
DA:39,0
DA:43,2
DA:44,0
DA:53,2
DA:54,1
DA:58,2
DA:59,2
DA:60,0
DA:62,0
DA:63,0
DA:65,0
DA:66,0
DA:68,0
DA:69,0
DA:72,0
DA:73,0
DA:78,2
DA:81,2
DA:82,1
DA:83,1
DA:86,2
DA:91,2
DA:109,1
DA:110,2
DA:112,2
DA:113,2
DA:114,1
DA:118,1
DA:124,1
DA:137,1
DA:139,1
DA:151,1
DA:153,1
DA:166,1
DA:177,1
DA:178,2
DA:180,2
DA:181,2
DA:182,1
DA:196,1
DA:199,1
DA:200,1
DA:201,1
DA:202,1
DA:203,2
DA:208,1
DA:209,1
DA:210,1
DA:214,1
DA:215,1
DA:216,1
DA:217,1
DA:218,1
DA:219,1
DA:220,1
DA:221,1
DA:222,1
DA:224,1
DA:226,1
DA:237,1
DA:238,3
DA:239,3
DA:241,3
DA:242,3
DA:243,1
DA:246,2
DA:248,1
DA:249,1
DA:251,1
DA:253,1
DA:259,1
DA:260,1
DA:262,1
DA:270,1
LF:89
LH:76
BRDA:21,0,0,1
BRDA:22,1,0,1
BRDA:25,2,0,2
BRDA:25,2,1,0
BRDA:26,3,0,2
BRDA:26,3,1,0
BRDA:32,4,0,1
BRDA:32,4,1,1
BRDA:36,5,0,0
BRDA:36,5,1,2
BRDA:36,6,0,2
BRDA:36,6,1,2
BRDA:38,7,0,0
BRDA:38,7,1,0
BRDA:39,8,0,0
BRDA:39,8,1,0
BRDA:43,9,0,0
BRDA:43,9,1,2
BRDA:53,10,0,1
BRDA:53,10,1,1
BRDA:59,11,0,0
BRDA:59,11,1,2
BRDA:60,12,0,0
BRDA:60,12,1,0
BRDA:60,12,2,0
BRDA:60,12,3,0
BRDA:60,12,4,0
BRDA:81,13,0,1
BRDA:81,13,1,1
BRDA:81,14,0,2
BRDA:81,14,1,1
BRDA:113,15,0,1
BRDA:113,15,1,1
BRDA:139,16,0,1
BRDA:139,16,1,0
BRDA:181,17,0,1
BRDA:181,17,1,1
BRDA:199,18,0,1
BRDA:199,18,1,0
BRDA:200,19,0,1
BRDA:200,19,1,0
BRDA:208,20,0,1
BRDA:208,20,1,0
BRDA:208,21,0,1
BRDA:208,21,1,1
BRDA:214,22,0,1
BRDA:214,22,1,0
BRDA:215,23,0,0
BRDA:215,23,1,1
BRDA:216,24,0,0
BRDA:216,24,1,1
BRDA:217,25,0,0
BRDA:217,25,1,1
BRDA:218,26,0,0
BRDA:218,26,1,1
BRDA:219,27,0,0
BRDA:219,27,1,1
BRDA:220,28,0,0
BRDA:220,28,1,1
BRDA:221,29,0,0
BRDA:221,29,1,1
BRDA:222,30,0,0
BRDA:222,30,1,1
BRDA:242,31,0,1
BRDA:242,31,1,2
BRDA:246,32,0,1
BRDA:246,32,1,1
BRF:67
BRH:40
end_of_record
TN:
SF:services/inventoryService.js
FN:12,(anonymous_0)
FN:27,(anonymous_1)
FN:61,(anonymous_2)
FN:62,(anonymous_3)
FN:93,(anonymous_4)
FN:94,(anonymous_5)
FN:110,(anonymous_6)
FNF:7
FNH:3
FNDA:4,(anonymous_0)
FNDA:3,(anonymous_1)
FNDA:0,(anonymous_2)
FNDA:0,(anonymous_3)
FNDA:0,(anonymous_4)
FNDA:0,(anonymous_5)
FNDA:2,(anonymous_6)
DA:4,3
DA:5,3
DA:12,3
DA:13,4
DA:15,4
DA:16,4
DA:18,4
DA:19,1
DA:24,1
DA:27,3
DA:29,3
DA:30,1
DA:36,1
DA:39,2
DA:40,1
DA:51,4
DA:61,3
DA:62,0
DA:75,0
DA:78,0
DA:79,0
DA:85,0
DA:93,3
DA:94,0
DA:101,0
DA:102,0
DA:110,3
DA:111,2
DA:113,2
DA:121,2
DA:123,2
DA:124,1
DA:125,2
DA:126,1
DA:137,2
DA:140,3
LF:36
LH:28
BRDA:18,0,0,1
BRDA:18,0,1,3
BRDA:18,1,0,4
BRDA:18,1,1,4
BRDA:21,2,0,1
BRDA:21,2,1,0
BRDA:29,3,0,1
BRDA:29,3,1,2
BRDA:39,4,0,1
BRDA:39,4,1,1
BRDA:78,5,0,0
BRDA:78,5,1,0
BRDA:93,6,0,0
BRDA:101,7,0,0
BRDA:101,7,1,0
BRDA:110,8,0,0
BRDA:111,9,0,2
BRDA:111,9,1,0
BRDA:111,9,2,0
BRDA:125,10,0,1
BRDA:125,10,1,1
BRDA:129,11,0,1
BRDA:129,11,1,0
BRF:23
BRH:13
end_of_record
TN:
SF:utils/cloudinaryUpload.js
FN:28,(anonymous_0)
FN:58,(anonymous_1)
FNF:2
FNH:2
FNDA:10,(anonymous_0)
FNDA:4,(anonymous_1)
DA:4,2
DA:5,2
DA:6,2
DA:9,2
DA:18,2
DA:28,2
DA:29,10
DA:30,10
DA:31,7
DA:32,7
DA:34,5
DA:36,5
DA:37,1
DA:38,1
DA:39,1
DA:43,5
DA:44,5
DA:45,5
DA:47,5
DA:49,0
DA:58,2
DA:59,4
DA:60,4
DA:62,3
DA:63,3
DA:64,2
DA:66,1
DA:67,1
DA:71,2
LF:29
LH:28
BRDA:30,0,0,3
BRDA:30,0,1,7
BRDA:30,1,0,10
BRDA:30,1,1,8
BRDA:32,2,0,2
BRDA:32,2,1,5
BRDA:36,3,0,1
BRDA:36,3,1,4
BRDA:38,4,0,1
BRDA:38,4,1,0
BRDA:44,5,0,5
BRDA:44,5,1,0
BRDA:60,6,0,1
BRDA:60,6,1,3
BRF:14
BRH:12
end_of_record
TN:
SF:utils/generateToken.js
FN:11,(anonymous_0)
FNF:1
FNH:1
FNDA:1,(anonymous_0)
DA:4,2
DA:11,2
DA:12,1
DA:18,1
DA:19,1
DA:21,1
DA:24,2
LF:7
LH:7
BRDA:18,0,0,1
BRDA:18,0,1,1
BRDA:19,1,0,1
BRDA:19,1,1,1
BRF:4
BRH:4
end_of_record
