TN:
SF:controllers\authController.js
FN:8,(anonymous_0)
FN:22,(anonymous_1)
FN:58,(anonymous_2)
FN:94,(anonymous_3)
FN:106,(anonymous_4)
FN:125,(anonymous_5)
FN:161,(anonymous_6)
FNF:7
FNH:5
FNDA:3,(anonymous_0)
FNDA:2,(anonymous_1)
FNDA:3,(anonymous_2)
FNDA:1,(anonymous_3)
FNDA:2,(anonymous_4)
FNDA:0,(anonymous_5)
FNDA:0,(anonymous_6)
DA:4,1
DA:5,1
DA:6,1
DA:8,3
DA:22,1
DA:23,2
DA:25,2
DA:26,2
DA:27,1
DA:34,1
DA:42,1
DA:44,1
DA:58,1
DA:59,3
DA:62,3
DA:63,3
DA:64,1
DA:70,2
DA:71,2
DA:72,1
DA:78,1
DA:80,1
DA:94,1
DA:96,1
DA:106,1
DA:107,2
DA:108,1
DA:114,1
DA:115,1
DA:118,1
DA:125,1
DA:126,0
DA:127,0
DA:129,0
DA:130,0
DA:134,0
DA:135,0
DA:136,0
DA:138,0
DA:139,0
DA:140,0
DA:141,0
DA:142,0
DA:143,0
DA:144,0
DA:145,0
DA:149,0
DA:159,0
DA:160,0
DA:161,0
DA:163,0
DA:166,0
DA:167,0
DA:169,0
DA:171,0
DA:178,1
LF:56
LH:32
BRDA:13,0,0,3
BRDA:13,0,1,0
BRDA:14,1,0,3
BRDA:14,1,1,0
BRDA:15,2,0,3
BRDA:15,2,1,3
BRDA:26,3,0,1
BRDA:26,3,1,1
BRDA:39,4,0,1
BRDA:39,4,1,0
BRDA:63,5,0,1
BRDA:63,5,1,2
BRDA:63,6,0,3
BRDA:63,6,1,3
BRDA:71,7,0,1
BRDA:71,7,1,1
BRDA:107,8,0,1
BRDA:107,8,1,1
BRDA:115,9,0,1
BRDA:115,9,1,1
BRDA:129,10,0,0
BRDA:129,10,1,0
BRDA:134,11,0,0
BRDA:134,11,1,0
BRDA:135,12,0,0
BRDA:135,12,1,0
BRDA:138,13,0,0
BRDA:138,13,1,0
BRDA:138,14,0,0
BRDA:138,14,1,0
BRDA:138,14,2,0
BRDA:143,15,0,0
BRDA:143,15,1,0
BRDA:150,16,0,0
BRDA:150,16,1,0
BRDA:151,17,0,0
BRDA:151,17,1,0
BRDA:156,18,0,0
BRDA:156,18,1,0
BRDA:159,19,0,0
BRDA:159,19,1,0
BRDA:159,20,0,0
BRDA:159,20,1,0
BRDA:159,20,2,0
BRDA:160,21,0,0
BRDA:160,21,1,0
BRDA:166,22,0,0
BRDA:166,22,1,0
BRF:48
BRH:17
end_of_record
TN:
SF:controllers\cartController.js
FN:14,(anonymous_0)
FN:23,(anonymous_1)
FN:44,(anonymous_2)
FN:66,(anonymous_3)
FN:88,(anonymous_4)
FN:95,(anonymous_5)
FN:109,(anonymous_6)
FN:126,(anonymous_7)
FN:131,(anonymous_8)
FN:144,(anonymous_9)
FN:167,(anonymous_10)
FN:172,(anonymous_11)
FN:186,(anonymous_12)
FN:203,(anonymous_13)
FN:208,(anonymous_14)
FN:225,(anonymous_15)
FNF:16
FNH:9
FNDA:4,(anonymous_0)
FNDA:3,(anonymous_1)
FNDA:3,(anonymous_2)
FNDA:1,(anonymous_3)
FNDA:1,(anonymous_4)
FNDA:4,(anonymous_5)
FNDA:0,(anonymous_6)
FNDA:1,(anonymous_7)
FNDA:0,(anonymous_8)
FNDA:0,(anonymous_9)
FNDA:0,(anonymous_10)
FNDA:0,(anonymous_11)
FNDA:0,(anonymous_12)
FNDA:0,(anonymous_13)
FNDA:1,(anonymous_14)
FNDA:1,(anonymous_15)
DA:4,1
DA:5,1
DA:6,1
DA:14,1
DA:15,4
DA:17,4
DA:18,1
DA:19,1
DA:20,1
DA:23,3
DA:25,3
DA:26,1
DA:27,1
DA:28,1
DA:31,2
DA:32,1
DA:36,1
DA:37,1
DA:40,1
DA:44,1
DA:45,3
DA:50,3
DA:51,1
DA:58,2
DA:59,2
DA:61,2
DA:62,2
DA:64,2
DA:66,1
DA:67,1
DA:68,1
DA:70,1
DA:84,2
DA:88,1
DA:95,1
DA:96,4
DA:99,4
DA:101,1
DA:103,1
DA:104,1
DA:108,1
DA:109,0
DA:112,1
DA:114,0
DA:115,0
DA:116,0
DA:118,1
DA:121,1
DA:123,1
DA:126,1
DA:131,1
DA:132,0
DA:134,0
DA:136,0
DA:137,0
DA:138,0
DA:139,0
DA:143,0
DA:144,0
DA:147,0
DA:148,0
DA:149,0
DA:150,0
DA:153,0
DA:154,0
DA:157,0
DA:159,0
DA:160,0
DA:162,0
DA:164,0
DA:167,0
DA:172,1
DA:173,0
DA:174,0
DA:176,0
DA:178,0
DA:179,0
DA:180,0
DA:181,0
DA:184,0
DA:186,0
DA:187,0
DA:188,0
DA:189,0
DA:192,0
DA:193,0
DA:194,0
DA:195,0
DA:198,0
DA:200,0
DA:203,0
DA:208,1
DA:209,1
DA:215,1
DA:225,1
DA:226,1
DA:232,1
LF:97
LH:54
BRDA:17,0,0,1
BRDA:17,0,1,3
BRDA:17,1,0,4
BRDA:17,1,1,3
BRDA:25,2,0,1
BRDA:25,2,1,2
BRDA:31,3,0,1
BRDA:31,3,1,1
BRDA:50,4,0,1
BRDA:50,4,1,2
BRDA:50,5,0,3
BRDA:50,5,1,2
BRDA:64,6,0,1
BRDA:64,6,1,1
BRDA:64,7,0,2
BRDA:64,7,1,2
BRDA:75,8,0,1
BRDA:75,8,1,0
BRDA:78,9,0,1
BRDA:78,9,1,0
BRDA:79,10,0,1
BRDA:79,10,1,0
BRDA:103,11,0,1
BRDA:103,11,1,0
BRDA:109,12,0,0
BRDA:109,12,1,0
BRDA:112,13,0,0
BRDA:112,13,1,1
BRDA:136,14,0,0
BRDA:136,14,1,0
BRDA:147,15,0,0
BRDA:147,15,1,0
BRDA:153,16,0,0
BRDA:153,16,1,0
BRDA:154,17,0,0
BRDA:154,17,1,0
BRDA:178,18,0,0
BRDA:178,18,1,0
BRDA:187,19,0,0
BRDA:187,19,1,0
BRDA:188,20,0,0
BRDA:188,20,1,0
BRDA:188,21,0,0
BRDA:188,21,1,0
BRDA:192,22,0,0
BRDA:192,22,1,0
BRF:46
BRH:21
end_of_record
TN:
SF:controllers\couponController.js
FN:12,(anonymous_0)
FN:89,(anonymous_1)
FN:113,(anonymous_2)
FN:138,(anonymous_3)
FNF:4
FNH:1
FNDA:6,(anonymous_0)
FNDA:0,(anonymous_1)
FNDA:0,(anonymous_2)
FNDA:0,(anonymous_3)
DA:4,1
DA:5,1
DA:12,1
DA:13,6
DA:15,6
DA:16,0
DA:19,6
DA:26,6
DA:27,1
DA:30,5
DA:31,1
DA:38,4
DA:39,1
DA:46,3
DA:47,1
DA:56,2
DA:58,2
DA:59,2
DA:60,2
DA:61,1
DA:65,2
DA:66,2
DA:67,2
DA:69,2
DA:89,1
DA:90,0
DA:91,0
DA:92,0
DA:93,0
DA:95,0
DA:96,0
DA:98,0
DA:103,0
DA:113,1
DA:114,0
DA:116,0
DA:117,0
DA:118,0
DA:121,0
DA:132,0
DA:138,1
DA:139,0
DA:140,0
DA:141,0
DA:143,0
DA:144,0
DA:146,0
DA:153,1
LF:48
LH:27
BRDA:15,0,0,0
BRDA:15,0,1,6
BRDA:15,1,0,6
BRDA:15,1,1,6
BRDA:26,2,0,1
BRDA:26,2,1,5
BRDA:30,3,0,1
BRDA:30,3,1,4
BRDA:38,4,0,1
BRDA:38,4,1,3
BRDA:46,5,0,1
BRDA:46,5,1,2
BRDA:46,6,0,3
BRDA:46,6,1,3
BRDA:58,7,0,2
BRDA:58,7,1,0
BRDA:60,8,0,1
BRDA:60,8,1,1
BRDA:60,9,0,2
BRDA:60,9,1,1
BRDA:80,10,0,2
BRDA:80,10,1,0
BRDA:90,11,0,0
BRDA:90,12,0,0
BRDA:91,13,0,0
BRDA:91,13,1,0
BRDA:92,14,0,0
BRDA:92,14,1,0
BRDA:96,15,0,0
BRDA:96,15,1,0
BRDA:117,16,0,0
BRDA:117,16,1,0
BRDA:125,17,0,0
BRDA:125,17,1,0
BRDA:126,18,0,0
BRDA:126,18,1,0
BRDA:127,19,0,0
BRDA:127,19,1,0
BRDA:128,20,0,0
BRDA:128,20,1,0
BRDA:140,21,0,0
BRDA:140,21,1,0
BRDA:148,22,0,0
BRDA:148,22,1,0
BRF:44
BRH:19
end_of_record
TN:
SF:controllers\orderController.js
FN:16,(anonymous_0)
FN:42,(anonymous_1)
FN:83,(anonymous_2)
FN:102,(anonymous_3)
FN:115,(anonymous_4)
FN:160,(anonymous_5)
FN:163,(anonymous_6)
FN:295,(anonymous_7)
FN:331,(anonymous_8)
FN:352,(anonymous_9)
FN:411,(anonymous_10)
FNF:11
FNH:8
FNDA:0,(anonymous_0)
FNDA:8,(anonymous_1)
FNDA:7,(anonymous_2)
FNDA:7,(anonymous_3)
FNDA:6,(anonymous_4)
FNDA:4,(anonymous_5)
FNDA:4,(anonymous_6)
FNDA:3,(anonymous_7)
FNDA:0,(anonymous_8)
FNDA:0,(anonymous_9)
FNDA:3,(anonymous_10)
DA:4,1
DA:5,1
DA:6,1
DA:7,1
DA:8,1
DA:9,1
DA:10,1
DA:11,1
DA:12,1
DA:13,1
DA:16,1
DA:17,0
DA:18,0
DA:19,0
DA:21,0
DA:22,0
DA:23,0
DA:24,0
DA:25,0
DA:26,0
DA:27,0
DA:28,0
DA:32,0
DA:42,1
DA:43,8
DA:44,8
DA:46,8
DA:48,8
DA:49,0
DA:50,0
DA:52,0
DA:53,0
DA:59,0
DA:62,8
DA:63,0
DA:70,8
DA:75,8
DA:76,1
DA:83,7
DA:84,7
DA:85,7
DA:86,0
DA:87,0
DA:88,0
DA:90,7
DA:101,7
DA:102,7
DA:105,7
DA:106,1
DA:114,6
DA:115,6
DA:119,6
DA:120,6
DA:122,6
DA:123,3
DA:125,3
DA:126,0
DA:128,3
DA:129,1
DA:131,2
DA:132,1
DA:134,1
DA:135,0
DA:141,1
DA:142,1
DA:143,0
DA:145,1
DA:148,4
DA:151,4
DA:154,4
DA:156,4
DA:157,4
DA:158,4
DA:160,4
DA:162,4
DA:163,4
DA:168,4
DA:184,4
DA:185,1
DA:191,1
DA:192,1
DA:194,1
DA:195,1
DA:198,1
DA:199,0
DA:207,1
DA:211,4
DA:212,2
DA:213,2
DA:215,2
DA:216,1
DA:223,2
DA:227,4
DA:228,1
DA:229,1
DA:231,1
DA:232,0
DA:239,1
DA:243,4
DA:244,1
DA:259,3
DA:260,2
DA:274,1
DA:275,1
DA:288,0
DA:290,4
DA:295,1
DA:296,3
DA:297,3
DA:298,3
DA:299,3
DA:302,3
DA:303,1
DA:306,2
DA:316,2
DA:331,1
DA:332,0
DA:336,0
DA:337,0
DA:341,0
DA:345,0
DA:348,0
DA:352,1
DA:358,0
DA:360,0
DA:361,0
DA:362,0
DA:364,0
DA:366,0
DA:367,0
DA:369,0
DA:370,0
DA:371,0
DA:372,0
DA:376,0
DA:378,0
DA:380,0
DA:381,0
DA:383,0
DA:386,0
DA:396,0
DA:411,1
DA:412,3
DA:413,3
DA:415,3
DA:417,3
DA:418,1
DA:422,2
DA:423,1
DA:429,1
DA:430,1
DA:431,1
DA:438,1
DA:441,1
DA:447,1
DA:458,1
LF:156
LH:105
BRDA:17,0,0,0
BRDA:17,0,1,0
BRDA:18,1,0,0
BRDA:18,1,1,0
BRDA:21,2,0,0
BRDA:21,2,1,0
BRDA:21,3,0,0
BRDA:21,3,1,0
BRDA:26,4,0,0
BRDA:26,4,1,0
BRDA:33,5,0,0
BRDA:33,5,1,0
BRDA:33,5,2,0
BRDA:34,6,0,0
BRDA:34,6,1,0
BRDA:48,7,0,0
BRDA:48,7,1,8
BRDA:52,8,0,0
BRDA:52,8,1,0
BRDA:62,9,0,0
BRDA:62,9,1,8
BRDA:75,10,0,1
BRDA:75,10,1,7
BRDA:75,11,0,8
BRDA:75,11,1,7
BRDA:85,12,0,0
BRDA:85,12,1,7
BRDA:85,13,0,7
BRDA:85,13,1,7
BRDA:86,14,0,0
BRDA:86,14,1,0
BRDA:93,15,0,7
BRDA:93,15,1,0
BRDA:105,16,0,1
BRDA:105,16,1,6
BRDA:122,17,0,3
BRDA:122,17,1,3
BRDA:125,18,0,0
BRDA:125,18,1,3
BRDA:128,19,0,1
BRDA:128,19,1,2
BRDA:131,20,0,1
BRDA:131,20,1,1
BRDA:134,21,0,0
BRDA:134,21,1,1
BRDA:142,22,0,0
BRDA:142,22,1,1
BRDA:142,23,0,1
BRDA:142,23,1,0
BRDA:174,24,0,4
BRDA:174,24,1,3
BRDA:178,25,0,1
BRDA:178,25,1,3
BRDA:179,26,0,1
BRDA:179,26,1,3
BRDA:184,27,0,1
BRDA:184,27,1,3
BRDA:188,28,0,1
BRDA:188,28,1,1
BRDA:198,29,0,0
BRDA:198,29,1,1
BRDA:211,30,0,2
BRDA:211,30,1,2
BRDA:215,31,0,1
BRDA:215,31,1,1
BRDA:227,32,0,1
BRDA:227,32,1,3
BRDA:231,33,0,0
BRDA:231,33,1,1
BRDA:243,34,0,1
BRDA:243,34,1,3
BRDA:243,35,0,4
BRDA:243,35,1,1
BRDA:259,36,0,2
BRDA:259,36,1,1
BRDA:259,37,0,3
BRDA:259,37,1,2
BRDA:274,38,0,1
BRDA:274,38,1,0
BRDA:274,39,0,1
BRDA:274,39,1,1
BRDA:297,40,0,3
BRDA:297,40,1,3
BRDA:298,41,0,3
BRDA:298,41,1,3
BRDA:302,42,0,1
BRDA:302,42,1,2
BRDA:302,43,0,3
BRDA:302,43,1,2
BRDA:336,44,0,0
BRDA:336,44,1,0
BRDA:341,45,0,0
BRDA:341,45,1,0
BRDA:342,46,0,0
BRDA:342,46,1,0
BRDA:354,47,0,0
BRDA:354,48,0,0
BRDA:360,49,0,0
BRDA:360,49,1,0
BRDA:361,50,0,0
BRDA:361,50,1,0
BRDA:366,51,0,0
BRDA:366,51,1,0
BRDA:367,52,0,0
BRDA:367,52,1,0
BRDA:369,53,0,0
BRDA:369,53,1,0
BRDA:369,54,0,0
BRDA:369,54,1,0
BRDA:371,55,0,0
BRDA:371,55,1,0
BRDA:372,56,0,0
BRDA:372,56,1,0
BRDA:378,57,0,0
BRDA:378,57,1,0
BRDA:380,58,0,0
BRDA:380,58,1,0
BRDA:412,59,0,2
BRDA:417,60,0,1
BRDA:417,60,1,2
BRDA:422,61,0,1
BRDA:422,61,1,1
BRDA:434,62,0,1
BRDA:434,62,1,0
BRF:124
BRH:65
end_of_record
TN:
SF:controllers\paymentController.js
FN:16,(anonymous_0)
FN:90,(anonymous_1)
FNF:2
FNH:2
FNDA:6,(anonymous_0)
FNDA:1,(anonymous_1)
DA:4,1
DA:5,1
DA:6,1
DA:7,1
DA:16,1
DA:17,6
DA:19,6
DA:20,1
DA:25,5
DA:26,5
DA:28,1
DA:29,1
DA:33,4
DA:34,4
DA:38,2
DA:39,2
DA:43,2
DA:44,0
DA:45,0
DA:48,2
DA:49,1
DA:50,1
DA:53,1
DA:54,1
DA:59,1
DA:62,1
DA:64,1
DA:65,1
DA:70,1
DA:71,1
DA:75,1
DA:77,1
DA:79,1
DA:80,1
DA:81,1
DA:86,1
DA:89,1
DA:90,1
DA:97,1
DA:99,1
DA:100,1
DA:105,0
DA:106,0
DA:110,0
DA:111,0
DA:112,0
DA:117,0
DA:119,0
DA:123,1
DA:126,0
DA:131,4
DA:134,1
LF:52
LH:42
BRDA:19,0,0,1
BRDA:19,0,1,5
BRDA:34,1,0,2
BRDA:34,1,1,1
BRDA:34,1,2,0
BRDA:34,1,3,1
BRDA:43,2,0,0
BRDA:43,2,1,2
BRDA:48,3,0,1
BRDA:48,3,1,1
BRDA:75,4,0,0
BRDA:75,4,1,1
BRDA:77,5,0,1
BRDA:77,5,1,0
BRDA:110,6,0,0
BRDA:110,6,1,0
BRF:16
BRH:10
end_of_record
TN:
SF:controllers\productController.js
FN:13,(anonymous_0)
FN:112,(anonymous_1)
FN:140,(anonymous_2)
FN:142,(anonymous_3)
FN:180,(anonymous_4)
FN:206,(anonymous_5)
FN:212,(anonymous_6)
FN:240,(anonymous_7)
FNF:8
FNH:8
FNDA:2,(anonymous_0)
FNDA:2,(anonymous_1)
FNDA:1,(anonymous_2)
FNDA:1,(anonymous_3)
FNDA:2,(anonymous_4)
FNDA:2,(anonymous_5)
FNDA:1,(anonymous_6)
FNDA:3,(anonymous_7)
DA:4,1
DA:5,1
DA:6,1
DA:7,1
DA:13,1
DA:23,2
DA:25,2
DA:26,2
DA:27,2
DA:30,2
DA:31,2
DA:32,2
DA:35,2
DA:36,1
DA:39,2
DA:40,0
DA:41,0
DA:42,0
DA:46,2
DA:47,0
DA:56,2
DA:57,1
DA:61,2
DA:62,2
DA:63,0
DA:65,0
DA:66,0
DA:68,0
DA:69,0
DA:71,0
DA:72,0
DA:75,0
DA:76,0
DA:81,2
DA:84,2
DA:85,1
DA:86,1
DA:89,2
DA:94,2
DA:112,1
DA:113,2
DA:115,2
DA:116,2
DA:117,1
DA:121,1
DA:127,1
DA:140,1
DA:142,1
DA:154,1
DA:156,1
DA:169,1
DA:180,1
DA:181,2
DA:183,2
DA:184,2
DA:185,1
DA:199,1
DA:202,1
DA:203,1
DA:204,1
DA:205,1
DA:206,2
DA:211,1
DA:212,1
DA:213,1
DA:217,1
DA:218,1
DA:219,1
DA:220,1
DA:221,1
DA:222,1
DA:223,1
DA:224,1
DA:225,1
DA:227,1
DA:229,1
DA:240,1
DA:241,3
DA:242,3
DA:244,3
DA:245,3
DA:246,1
DA:249,2
DA:251,1
DA:252,1
DA:254,1
DA:256,1
DA:262,1
DA:263,1
DA:265,1
DA:273,1
LF:91
LH:78
BRDA:21,0,0,1
BRDA:22,1,0,1
BRDA:25,2,0,2
BRDA:25,2,1,0
BRDA:26,3,0,2
BRDA:26,3,1,0
BRDA:31,4,0,2
BRDA:31,4,1,0
BRDA:35,5,0,1
BRDA:35,5,1,1
BRDA:35,6,0,2
BRDA:35,6,1,1
BRDA:39,7,0,0
BRDA:39,7,1,2
BRDA:39,8,0,2
BRDA:39,8,1,2
BRDA:41,9,0,0
BRDA:41,9,1,0
BRDA:42,10,0,0
BRDA:42,10,1,0
BRDA:46,11,0,0
BRDA:46,11,1,2
BRDA:56,12,0,1
BRDA:56,12,1,1
BRDA:62,13,0,0
BRDA:62,13,1,2
BRDA:63,14,0,0
BRDA:63,14,1,0
BRDA:63,14,2,0
BRDA:63,14,3,0
BRDA:63,14,4,0
BRDA:84,15,0,1
BRDA:84,15,1,1
BRDA:84,16,0,2
BRDA:84,16,1,1
BRDA:116,17,0,1
BRDA:116,17,1,1
BRDA:142,18,0,1
BRDA:142,18,1,0
BRDA:184,19,0,1
BRDA:184,19,1,1
BRDA:202,20,0,1
BRDA:202,20,1,0
BRDA:203,21,0,1
BRDA:203,21,1,0
BRDA:211,22,0,1
BRDA:211,22,1,0
BRDA:211,23,0,1
BRDA:211,23,1,1
BRDA:217,24,0,1
BRDA:217,24,1,0
BRDA:218,25,0,0
BRDA:218,25,1,1
BRDA:219,26,0,0
BRDA:219,26,1,1
BRDA:220,27,0,0
BRDA:220,27,1,1
BRDA:221,28,0,0
BRDA:221,28,1,1
BRDA:222,29,0,0
BRDA:222,29,1,1
BRDA:223,30,0,0
BRDA:223,30,1,1
BRDA:224,31,0,0
BRDA:224,31,1,1
BRDA:225,32,0,0
BRDA:225,32,1,1
BRDA:245,33,0,1
BRDA:245,33,1,2
BRDA:249,34,0,1
BRDA:249,34,1,1
BRF:71
BRH:43
end_of_record
TN:
SF:services\inventoryService.js
FN:12,(anonymous_0)
FN:27,(anonymous_1)
FN:61,(anonymous_2)
FN:62,(anonymous_3)
FN:93,(anonymous_4)
FN:94,(anonymous_5)
FN:110,(anonymous_6)
FNF:7
FNH:3
FNDA:4,(anonymous_0)
FNDA:3,(anonymous_1)
FNDA:0,(anonymous_2)
FNDA:0,(anonymous_3)
FNDA:0,(anonymous_4)
FNDA:0,(anonymous_5)
FNDA:2,(anonymous_6)
DA:4,3
DA:5,3
DA:12,3
DA:13,4
DA:15,4
DA:16,4
DA:18,4
DA:19,1
DA:24,1
DA:27,3
DA:29,3
DA:30,1
DA:36,1
DA:39,2
DA:40,1
DA:51,4
DA:61,3
DA:62,0
DA:75,0
DA:78,0
DA:79,0
DA:85,0
DA:93,3
DA:94,0
DA:101,0
DA:102,0
DA:110,3
DA:111,2
DA:113,2
DA:121,2
DA:123,2
DA:124,1
DA:125,2
DA:126,1
DA:137,2
DA:140,3
LF:36
LH:28
BRDA:18,0,0,1
BRDA:18,0,1,3
BRDA:18,1,0,4
BRDA:18,1,1,4
BRDA:21,2,0,1
BRDA:21,2,1,0
BRDA:29,3,0,1
BRDA:29,3,1,2
BRDA:39,4,0,1
BRDA:39,4,1,1
BRDA:78,5,0,0
BRDA:78,5,1,0
BRDA:93,6,0,0
BRDA:101,7,0,0
BRDA:101,7,1,0
BRDA:110,8,0,0
BRDA:111,9,0,2
BRDA:111,9,1,0
BRDA:111,9,2,0
BRDA:125,10,0,1
BRDA:125,10,1,1
BRDA:129,11,0,1
BRDA:129,11,1,0
BRF:23
BRH:13
end_of_record
TN:
SF:utils\cloudinaryUpload.js
FN:28,(anonymous_0)
FN:58,(anonymous_1)
FNF:2
FNH:2
FNDA:10,(anonymous_0)
FNDA:4,(anonymous_1)
DA:4,2
DA:5,2
DA:6,2
DA:9,2
DA:18,2
DA:28,2
DA:29,10
DA:30,10
DA:31,7
DA:32,7
DA:34,5
DA:36,5
DA:37,1
DA:38,1
DA:39,1
DA:43,5
DA:44,5
DA:45,5
DA:47,5
DA:49,0
DA:58,2
DA:59,4
DA:60,4
DA:62,3
DA:63,3
DA:64,2
DA:66,1
DA:67,1
DA:71,2
LF:29
LH:28
BRDA:30,0,0,3
BRDA:30,0,1,7
BRDA:30,1,0,10
BRDA:30,1,1,8
BRDA:32,2,0,2
BRDA:32,2,1,5
BRDA:36,3,0,1
BRDA:36,3,1,4
BRDA:38,4,0,1
BRDA:38,4,1,0
BRDA:44,5,0,5
BRDA:44,5,1,0
BRDA:60,6,0,1
BRDA:60,6,1,3
BRF:14
BRH:12
end_of_record
TN:
SF:utils\generateToken.js
FN:11,(anonymous_0)
FNF:1
FNH:1
FNDA:1,(anonymous_0)
DA:4,2
DA:11,2
DA:12,1
DA:18,1
DA:19,1
DA:21,1
DA:24,2
LF:7
LH:7
BRDA:18,0,0,1
BRDA:18,0,1,1
BRDA:19,1,0,1
BRDA:19,1,1,1
BRF:4
BRH:4
end_of_record
